-------------------------------------------------------------------------------
Test set: org.angnysa.autodb.metadata.jdbc.loader.db.TestJdbcMetadataLoader_H2
-------------------------------------------------------------------------------
Tests run: 43, Failures: 7, Errors: 11, Skipped: 0, Time elapsed: 1.537 s <<< FAILURE! - in org.angnysa.autodb.metadata.jdbc.loader.db.TestJdbcMetadataLoader_H2
org.angnysa.autodb.metadata.jdbc.loader.db.TestJdbcMetadataLoader_H2.testLoadRelations  Time elapsed: 0.053 s  <<< ERROR!
java.lang.IllegalStateException: No table named 'TESTDB.PUBLIC.TEST_121_B'

org.angnysa.autodb.metadata.jdbc.loader.db.TestJdbcMetadataLoader_H2.testLoadRelations  Time elapsed: 0.036 s  <<< ERROR!
java.lang.IllegalStateException: No table named 'TESTDB.PUBLIC.TEST_121_B'

org.angnysa.autodb.metadata.jdbc.loader.db.TestJdbcMetadataLoader_H2.testLoadRelations  Time elapsed: 0.037 s  <<< ERROR!
java.lang.IllegalStateException: No table named 'TESTDB.PUBLIC.TEST_121_B'

org.angnysa.autodb.metadata.jdbc.loader.db.TestJdbcMetadataLoader_H2.testLoadRelations  Time elapsed: 0.032 s  <<< ERROR!
java.lang.IllegalStateException: No table named 'TESTDB.PUBLIC.TEST_121_B'

org.angnysa.autodb.metadata.jdbc.loader.db.TestJdbcMetadataLoader_H2.testLoadRelations  Time elapsed: 0.036 s  <<< ERROR!
java.lang.IllegalStateException: No table named 'TESTDB.PUBLIC.TEST_121_B'

org.angnysa.autodb.metadata.jdbc.loader.db.TestJdbcMetadataLoader_H2.testLoadRelations  Time elapsed: 0.036 s  <<< ERROR!
java.lang.IllegalStateException: No table named 'TESTDB.PUBLIC.TEST_121_B'

org.angnysa.autodb.metadata.jdbc.loader.db.TestJdbcMetadataLoader_H2.testLoadRelations  Time elapsed: 0.042 s  <<< ERROR!
java.lang.IllegalStateException: No table named 'TESTDB.PUBLIC.TEST_121_B'

org.angnysa.autodb.metadata.jdbc.loader.db.TestJdbcMetadataLoader_H2.testLoadTables  Time elapsed: 0.039 s  <<< FAILURE!
org.opentest4j.AssertionFailedError: Expected the key 'ID1' to be present ==> expected: <true> but was: <false>

org.angnysa.autodb.metadata.jdbc.loader.db.TestJdbcMetadataLoader_H2.testLoadTables  Time elapsed: 0.04 s  <<< FAILURE!
org.opentest4j.AssertionFailedError: Expected the key 'ID1' to be present ==> expected: <true> but was: <false>

org.angnysa.autodb.metadata.jdbc.loader.db.TestJdbcMetadataLoader_H2.testLoadTables  Time elapsed: 0.043 s  <<< FAILURE!
org.opentest4j.AssertionFailedError: Expected the key 'ID1' to be present ==> expected: <true> but was: <false>

org.angnysa.autodb.metadata.jdbc.loader.db.TestJdbcMetadataLoader_H2.testLoadTables  Time elapsed: 0.04 s  <<< FAILURE!
org.opentest4j.AssertionFailedError: Expected the key 'ID1' to be present ==> expected: <true> but was: <false>

org.angnysa.autodb.metadata.jdbc.loader.db.TestJdbcMetadataLoader_H2.testLoadTables  Time elapsed: 0.043 s  <<< FAILURE!
org.opentest4j.AssertionFailedError: Expected the key 'ID1' to be present ==> expected: <true> but was: <false>

org.angnysa.autodb.metadata.jdbc.loader.db.TestJdbcMetadataLoader_H2.testLoadTables  Time elapsed: 0.043 s  <<< FAILURE!
org.opentest4j.AssertionFailedError: Expected the key 'ID1' to be present ==> expected: <true> but was: <false>

org.angnysa.autodb.metadata.jdbc.loader.db.TestJdbcMetadataLoader_H2.testLoadTables  Time elapsed: 0.039 s  <<< FAILURE!
org.opentest4j.AssertionFailedError: Expected the key 'AB_ID1' to be present ==> expected: <true> but was: <false>

org.angnysa.autodb.metadata.jdbc.loader.db.TestJdbcMetadataLoader_H2.testLoadDatabase  Time elapsed: 0.036 s  <<< ERROR!
java.lang.IllegalStateException: No table named 'TESTDB.PUBLIC.TEST_121_B'

org.angnysa.autodb.metadata.jdbc.loader.db.TestJdbcMetadataLoader_H2.testLoadForeignKeys  Time elapsed: 0.035 s  <<< ERROR!
java.lang.IllegalStateException: No table named 'TESTDB.PUBLIC.TEST_121_B'

org.angnysa.autodb.metadata.jdbc.loader.db.TestJdbcMetadataLoader_H2.testLoadForeignKeys  Time elapsed: 0.026 s  <<< ERROR!
java.lang.IllegalStateException: No table named 'TESTDB.PUBLIC.TEST_M21_B'

org.angnysa.autodb.metadata.jdbc.loader.db.TestJdbcMetadataLoader_H2.testLoadForeignKeys  Time elapsed: 0.027 s  <<< ERROR!
java.lang.IllegalStateException: No table named 'TESTDB.PUBLIC.TEST_M2M_REL'

