<?xml version="1.0" encoding="UTF-8"?>
<testsuite xmlns:xsi="http://www.w3.org/2001/XMLSchema-instance" xsi:noNamespaceSchemaLocation="https://maven.apache.org/surefire/maven-surefire-plugin/xsd/surefire-test-report-3.0.xsd" version="3.0" name="org.angnysa.autodb.metadata.jdbc.loader.db.TestJdbcMetadataLoader_Postgresql_96" time="7.638" tests="43" errors="25" skipped="0" failures="7">
  <properties>
[...]
</properties>
  <testcase name="testLoadPrimaryKey" classname="org.angnysa.autodb.metadata.jdbc.loader.db.TestJdbcMetadataLoader_Postgresql_96" time="0.03">
    <error type="java.lang.IllegalStateException"><![CDATA[java.lang.IllegalStateException: Table 'test.public.TEST_121_A' has no primary key
]]></error>
    <system-out><![CDATA[23:58:04.160 [main] INFO  org.testcontainers.dockerclient.DockerClientProviderStrategy - Loaded org.testcontainers.dockerclient.UnixSocketClientProviderStrategy from ~/.testcontainers.properties, will try it first
23:58:04.841 [main] INFO  org.testcontainers.dockerclient.DockerClientProviderStrategy - Found Docker environment with local Unix socket (unix:///var/run/docker.sock)
23:58:04.843 [main] INFO  org.testcontainers.DockerClientFactory - Docker host IP address is localhost
23:58:04.867 [main] INFO  org.testcontainers.DockerClientFactory - Connected to docker: 
  Server Version: 20.10.7
  API Version: 1.41
  Operating System: Arch Linux
  Total Memory: 32074 MB
23:58:04.871 [main] INFO  org.testcontainers.utility.ImageNameSubstitutor - Image name substitution will be performed by: DefaultImageNameSubstitutor (composite of 'ConfigurationFileImageNameSubstitutor' and 'PrefixingImageNameSubstitutor')
23:58:04.911 [main] INFO  org.testcontainers.utility.RegistryAuthLocator - Failure when attempting to lookup auth config. Please ignore if you don't have images in an authenticated registry. Details: (dockerImageName: testcontainers/ryuk:0.3.1, configFile: /home/sylvain/.docker/config.json. Falling back to docker-java default behaviour. Exception message: /home/sylvain/.docker/config.json (No such file or directory)
23:58:05.524 [main] INFO  org.testcontainers.DockerClientFactory - Ryuk started - will monitor and terminate Testcontainers containers on JVM exit
23:58:05.525 [main] INFO  org.testcontainers.DockerClientFactory - Checking the system...
23:58:05.525 [main] INFO  org.testcontainers.DockerClientFactory - ✔︎ Docker server version should be at least 1.6.0
23:58:05.631 [main] INFO  org.testcontainers.DockerClientFactory - ✔︎ Docker environment should have more than 2GB free disk space
23:58:05.648 [main] INFO  🐳 [postgres:9.6] - Creating container for image: postgres:9.6
23:58:05.735 [main] INFO  🐳 [postgres:9.6] - Starting container with ID: a9115b010ee527d2474a2ee4c52d268049d7840cd68c77a3ecb0478151712e62
23:58:06.050 [main] INFO  🐳 [postgres:9.6] - Container postgres:9.6 is starting: a9115b010ee527d2474a2ee4c52d268049d7840cd68c77a3ecb0478151712e62
23:58:09.441 [main] INFO  🐳 [postgres:9.6] - Container postgres:9.6 started in PT3.809352952S
23:58:09.564 [main] DEBUG org.angnysa.autodb.query.jdbc.JdbcScriptRunner - Using database: PostgreSQL 9.6.22, driver: PostgreSQL JDBC Driver 42.2.20, default catalog: 'test', default schema: 'public'
23:58:09.564 [main] DEBUG org.angnysa.autodb.query.jdbc.JdbcScriptRunner - create table TEST_121_A (
  id1 int not null,
  id2 int not null,
  constraint PK_TEST_121_A primary key (id1, id2)
)

23:58:09.566 [main] DEBUG org.angnysa.autodb.query.jdbc.JdbcScriptRunner - create table TEST_121_B (
  id1 int not null,
  id2 int not null,
  a_id1 int not null,
  a_id2 int not null,
  constraint PK_TEST_121_B primary key (id1, id2),
  constraint UK_TEST_121_B unique (a_id1, a_id2),
  constraint FK_TEST_121_B_A foreign key (a_id1, a_id2) references TEST_121_A (id1, id2) on update cascade on delete restrict
)

23:58:09.568 [main] DEBUG org.angnysa.autodb.query.jdbc.JdbcScriptRunner - create table TEST_M21_A (
  id1 int not null,
  id2 int not null,
  constraint PK_TEST_M21_A primary key (id1, id2)
)

23:58:09.569 [main] DEBUG org.angnysa.autodb.query.jdbc.JdbcScriptRunner - create table TEST_M21_B (
  id1 int not null,
  id2 int not null,
  a_id1 int not null,
  a_id2 int not null,
  constraint PK_TEST_M21_B primary key (id1, id2),
  constraint FK_TEST_M21_B_A foreign key (a_id1, a_id2) references TEST_M21_A (id1, id2) on update cascade on delete restrict
)

23:58:09.571 [main] DEBUG org.angnysa.autodb.query.jdbc.JdbcScriptRunner - create index ID_TEST_M21_B_A on TEST_M21_B (a_id1, a_id2)

23:58:09.572 [main] DEBUG org.angnysa.autodb.query.jdbc.JdbcScriptRunner - create table TEST_M2M_A (
  id1 int not null,
  id2 int not null,
  constraint PK_TEST_M2M_A primary key (id1, id2)
)

23:58:09.573 [main] DEBUG org.angnysa.autodb.query.jdbc.JdbcScriptRunner - create table TEST_M2M_B (
  id1 int not null,
  id2 int not null,
  constraint PK_TEST_M2M_B primary key (id1, id2)
)

23:58:09.574 [main] DEBUG org.angnysa.autodb.query.jdbc.JdbcScriptRunner - create table TEST_M2M_REL (
  ab_id1 int not null,
  a_id2 int not null,
  b_id2 int not null,
  constraint PK_TEST_M2M_REL primary key (ab_id1, a_id2, b_id2),
  constraint FK_TEST_M2M_REL_A foreign key (ab_id1, a_id2) references TEST_M2M_A (id1, id2) on update cascade on delete restrict,
  constraint FK_TEST_M2M_REL_B foreign key (ab_id1, b_id2) references TEST_M2M_B (id1, id2) on update cascade on delete restrict
)

23:58:09.586 [main] DEBUG org.angnysa.autodb.metadata.jdbc.loader.AbstractJdbcMetadataLoaderTester - Using database: PostgreSQL 9.6.22, driver: PostgreSQL JDBC Driver 42.2.20, default catalog: 'test', default schema: 'public'
23:58:09.595 [main] DEBUG org.angnysa.autodb.metadata.jdbc.loader.AbstractJdbcMetadataLoaderTester - Target table: TEST_121_A
23:58:09.599 [main] DEBUG org.angnysa.autodb.metadata.jdbc.loader.AbstractJdbcMetadataLoaderTester - Expected Primary Key: ExpectedIndex(unique=true, columns=[ID1, ID2])
23:58:09.620 [main] TRACE org.angnysa.autodb.metadata.jdbc.loader.JdbcMetadataLoader - Column loaded: test.public.test_121_a :: JdbcColumn id1 int4(mandatory, len < 10) 
23:58:09.620 [main] TRACE org.angnysa.autodb.metadata.jdbc.loader.JdbcMetadataLoader - Column loaded: test.public.test_121_a :: JdbcColumn id2 int4(mandatory, len < 10) 
]]></system-out>
  </testcase>
  <testcase name="testLoadPrimaryKey" classname="org.angnysa.autodb.metadata.jdbc.loader.db.TestJdbcMetadataLoader_Postgresql_96" time="0.019">
    <error type="java.lang.IllegalStateException"><![CDATA[java.lang.IllegalStateException: Table 'test.public.TEST_121_B' has no primary key
]]></error>
    <system-out><![CDATA[23:58:09.624 [main] DEBUG org.angnysa.autodb.metadata.jdbc.loader.AbstractJdbcMetadataLoaderTester - Target table: TEST_121_B
23:58:09.625 [main] DEBUG org.angnysa.autodb.metadata.jdbc.loader.AbstractJdbcMetadataLoaderTester - Expected Primary Key: ExpectedIndex(unique=true, columns=[ID1, ID2])
23:58:09.638 [main] TRACE org.angnysa.autodb.metadata.jdbc.loader.JdbcMetadataLoader - Column loaded: test.public.test_121_b :: JdbcColumn id1 int4(mandatory, len < 10) 
23:58:09.638 [main] TRACE org.angnysa.autodb.metadata.jdbc.loader.JdbcMetadataLoader - Column loaded: test.public.test_121_b :: JdbcColumn id2 int4(mandatory, len < 10) 
23:58:09.639 [main] TRACE org.angnysa.autodb.metadata.jdbc.loader.JdbcMetadataLoader - Column loaded: test.public.test_121_b :: JdbcColumn a_id1 int4(mandatory, len < 10) 
23:58:09.640 [main] TRACE org.angnysa.autodb.metadata.jdbc.loader.JdbcMetadataLoader - Column loaded: test.public.test_121_b :: JdbcColumn a_id2 int4(mandatory, len < 10) 
]]></system-out>
  </testcase>
  <testcase name="testLoadPrimaryKey" classname="org.angnysa.autodb.metadata.jdbc.loader.db.TestJdbcMetadataLoader_Postgresql_96" time="0.016">
    <error type="java.lang.IllegalStateException"><![CDATA[java.lang.IllegalStateException: Table 'test.public.TEST_M21_A' has no primary key
]]></error>
    <system-out><![CDATA[23:58:09.644 [main] DEBUG org.angnysa.autodb.metadata.jdbc.loader.AbstractJdbcMetadataLoaderTester - Target table: TEST_M21_A
23:58:09.644 [main] DEBUG org.angnysa.autodb.metadata.jdbc.loader.AbstractJdbcMetadataLoaderTester - Expected Primary Key: ExpectedIndex(unique=true, columns=[ID1, ID2])
23:58:09.657 [main] TRACE org.angnysa.autodb.metadata.jdbc.loader.JdbcMetadataLoader - Column loaded: test.public.test_m21_a :: JdbcColumn id1 int4(mandatory, len < 10) 
23:58:09.657 [main] TRACE org.angnysa.autodb.metadata.jdbc.loader.JdbcMetadataLoader - Column loaded: test.public.test_m21_a :: JdbcColumn id2 int4(mandatory, len < 10) 
]]></system-out>
  </testcase>
  <testcase name="testLoadPrimaryKey" classname="org.angnysa.autodb.metadata.jdbc.loader.db.TestJdbcMetadataLoader_Postgresql_96" time="0.017">
    <error type="java.lang.IllegalStateException"><![CDATA[java.lang.IllegalStateException: Table 'test.public.TEST_M21_B' has no primary key
]]></error>
    <system-out><![CDATA[23:58:09.660 [main] DEBUG org.angnysa.autodb.metadata.jdbc.loader.AbstractJdbcMetadataLoaderTester - Target table: TEST_M21_B
23:58:09.660 [main] DEBUG org.angnysa.autodb.metadata.jdbc.loader.AbstractJdbcMetadataLoaderTester - Expected Primary Key: ExpectedIndex(unique=true, columns=[ID1, ID2])
23:58:09.673 [main] TRACE org.angnysa.autodb.metadata.jdbc.loader.JdbcMetadataLoader - Column loaded: test.public.test_m21_b :: JdbcColumn id1 int4(mandatory, len < 10) 
23:58:09.674 [main] TRACE org.angnysa.autodb.metadata.jdbc.loader.JdbcMetadataLoader - Column loaded: test.public.test_m21_b :: JdbcColumn id2 int4(mandatory, len < 10) 
23:58:09.674 [main] TRACE org.angnysa.autodb.metadata.jdbc.loader.JdbcMetadataLoader - Column loaded: test.public.test_m21_b :: JdbcColumn a_id1 int4(mandatory, len < 10) 
23:58:09.674 [main] TRACE org.angnysa.autodb.metadata.jdbc.loader.JdbcMetadataLoader - Column loaded: test.public.test_m21_b :: JdbcColumn a_id2 int4(mandatory, len < 10) 
]]></system-out>
  </testcase>
  <testcase name="testLoadPrimaryKey" classname="org.angnysa.autodb.metadata.jdbc.loader.db.TestJdbcMetadataLoader_Postgresql_96" time="0.016">
    <error type="java.lang.IllegalStateException"><![CDATA[java.lang.IllegalStateException: Table 'test.public.TEST_M2M_A' has no primary key
]]></error>
    <system-out><![CDATA[23:58:09.678 [main] DEBUG org.angnysa.autodb.metadata.jdbc.loader.AbstractJdbcMetadataLoaderTester - Target table: TEST_M2M_A
23:58:09.678 [main] DEBUG org.angnysa.autodb.metadata.jdbc.loader.AbstractJdbcMetadataLoaderTester - Expected Primary Key: ExpectedIndex(unique=true, columns=[ID1, ID2])
23:58:09.692 [main] TRACE org.angnysa.autodb.metadata.jdbc.loader.JdbcMetadataLoader - Column loaded: test.public.test_m2m_a :: JdbcColumn id1 int4(mandatory, len < 10) 
23:58:09.692 [main] TRACE org.angnysa.autodb.metadata.jdbc.loader.JdbcMetadataLoader - Column loaded: test.public.test_m2m_a :: JdbcColumn id2 int4(mandatory, len < 10) 
]]></system-out>
  </testcase>
  <testcase name="testLoadPrimaryKey" classname="org.angnysa.autodb.metadata.jdbc.loader.db.TestJdbcMetadataLoader_Postgresql_96" time="0.019">
    <error type="java.lang.IllegalStateException"><![CDATA[java.lang.IllegalStateException: Table 'test.public.TEST_M2M_B' has no primary key
]]></error>
    <system-out><![CDATA[23:58:09.695 [main] DEBUG org.angnysa.autodb.metadata.jdbc.loader.AbstractJdbcMetadataLoaderTester - Target table: TEST_M2M_B
23:58:09.695 [main] DEBUG org.angnysa.autodb.metadata.jdbc.loader.AbstractJdbcMetadataLoaderTester - Expected Primary Key: ExpectedIndex(unique=true, columns=[ID1, ID2])
23:58:09.711 [main] TRACE org.angnysa.autodb.metadata.jdbc.loader.JdbcMetadataLoader - Column loaded: test.public.test_m2m_b :: JdbcColumn id1 int4(mandatory, len < 10) 
23:58:09.712 [main] TRACE org.angnysa.autodb.metadata.jdbc.loader.JdbcMetadataLoader - Column loaded: test.public.test_m2m_b :: JdbcColumn id2 int4(mandatory, len < 10) 
]]></system-out>
  </testcase>
  <testcase name="testLoadPrimaryKey" classname="org.angnysa.autodb.metadata.jdbc.loader.db.TestJdbcMetadataLoader_Postgresql_96" time="0.016">
    <error type="java.lang.IllegalStateException"><![CDATA[java.lang.IllegalStateException: Table 'test.public.TEST_M2M_REL' has no primary key
]]></error>
    <system-out><![CDATA[23:58:09.715 [main] DEBUG org.angnysa.autodb.metadata.jdbc.loader.AbstractJdbcMetadataLoaderTester - Target table: TEST_M2M_REL
23:58:09.715 [main] DEBUG org.angnysa.autodb.metadata.jdbc.loader.AbstractJdbcMetadataLoaderTester - Expected Primary Key: ExpectedIndex(unique=true, columns=[AB_ID1, A_ID2, B_ID2])
23:58:09.728 [main] TRACE org.angnysa.autodb.metadata.jdbc.loader.JdbcMetadataLoader - Column loaded: test.public.test_m2m_rel :: JdbcColumn ab_id1 int4(mandatory, len < 10) 
23:58:09.728 [main] TRACE org.angnysa.autodb.metadata.jdbc.loader.JdbcMetadataLoader - Column loaded: test.public.test_m2m_rel :: JdbcColumn a_id2 int4(mandatory, len < 10) 
23:58:09.728 [main] TRACE org.angnysa.autodb.metadata.jdbc.loader.JdbcMetadataLoader - Column loaded: test.public.test_m2m_rel :: JdbcColumn b_id2 int4(mandatory, len < 10) 
]]></system-out>
  </testcase>
  <testcase name="testLoadRelations" classname="org.angnysa.autodb.metadata.jdbc.loader.db.TestJdbcMetadataLoader_Postgresql_96" time="0.135">
    <error type="java.lang.IllegalStateException"><![CDATA[java.lang.IllegalStateException: No table named 'public.test_121_b'
]]></error>
    <system-out><![CDATA[23:58:09.738 [main] DEBUG org.angnysa.autodb.metadata.jdbc.loader.AbstractJdbcMetadataLoaderTester - Using database: PostgreSQL 9.6.22, driver: PostgreSQL JDBC Driver 42.2.20, default catalog: 'test', default schema: 'public'
23:58:09.740 [main] DEBUG org.angnysa.autodb.metadata.jdbc.loader.AbstractJdbcMetadataLoaderTester - Target table: TEST_121_A
23:58:09.754 [main] DEBUG org.angnysa.autodb.metadata.jdbc.loader.AbstractJdbcMetadataLoaderTester - Expected Relations: [ExpectedRelation(name=FK_TEST_121_B_A, type=OneToOne, mandatory=false, referencingColumns=[ID1, ID2], referencedTable=TEST_121_B, referencedColumns=[A_ID1, A_ID2])]
23:58:09.782 [main] TRACE org.angnysa.autodb.metadata.jdbc.loader.JdbcMetadataLoader - Column loaded: public.test_121_a :: JdbcColumn id1 int4(mandatory, len < 10) 
23:58:09.782 [main] TRACE org.angnysa.autodb.metadata.jdbc.loader.JdbcMetadataLoader - Column loaded: public.test_121_a :: JdbcColumn id2 int4(mandatory, len < 10) 
23:58:09.787 [main] TRACE org.angnysa.autodb.metadata.jdbc.loader.JdbcMetadataLoader - Index loaded: public.test_121_a :: JdbcUniqueIndex [unique] name: 'pk_test_121_a', columns: ('id1', 'id2')
23:58:09.789 [main] TRACE org.angnysa.autodb.metadata.jdbc.loader.JdbcMetadataLoader - Primary Key loaded: public.test_121_a :: JdbcUniqueIndex [unique] name: 'pk_test_121_a', columns: ('id1', 'id2')
23:58:09.790 [main] TRACE org.angnysa.autodb.metadata.jdbc.loader.JdbcMetadataLoader - Table loaded:
[!!!org.angnysa.autodb.metadata.jdbc.JdbcTable@4c669afb=>java.lang.NullPointerException:Cannot invoke "org.angnysa.autodb.metadata.jdbc.JdbcDatabase.getRelations(org.angnysa.autodb.metadata.jdbc.JdbcTable)" because "this.database" is null!!!]
23:58:09.794 [main] TRACE org.angnysa.autodb.metadata.jdbc.loader.JdbcMetadataLoader - Column loaded: public.test_121_b :: JdbcColumn id1 int4(mandatory, len < 10) 
23:58:09.794 [main] TRACE org.angnysa.autodb.metadata.jdbc.loader.JdbcMetadataLoader - Column loaded: public.test_121_b :: JdbcColumn id2 int4(mandatory, len < 10) 
23:58:09.795 [main] TRACE org.angnysa.autodb.metadata.jdbc.loader.JdbcMetadataLoader - Column loaded: public.test_121_b :: JdbcColumn a_id1 int4(mandatory, len < 10) 
23:58:09.795 [main] TRACE org.angnysa.autodb.metadata.jdbc.loader.JdbcMetadataLoader - Column loaded: public.test_121_b :: JdbcColumn a_id2 int4(mandatory, len < 10) 
23:58:09.797 [main] TRACE org.angnysa.autodb.metadata.jdbc.loader.JdbcMetadataLoader - Index loaded: public.test_121_b :: JdbcUniqueIndex [unique] name: 'pk_test_121_b', columns: ('id1', 'id2')
23:58:09.797 [main] TRACE org.angnysa.autodb.metadata.jdbc.loader.JdbcMetadataLoader - Index loaded: public.test_121_b :: JdbcUniqueIndex [unique] name: 'uk_test_121_b', columns: ('a_id1', 'a_id2')
23:58:09.801 [main] TRACE org.angnysa.autodb.metadata.jdbc.loader.JdbcMetadataLoader - Primary Key loaded: public.test_121_b :: JdbcUniqueIndex [unique] name: 'pk_test_121_b', columns: ('id1', 'id2')
23:58:09.802 [main] TRACE org.angnysa.autodb.metadata.jdbc.loader.JdbcMetadataLoader - Table loaded:
[!!!org.angnysa.autodb.metadata.jdbc.JdbcTable@15dba9f9=>java.lang.NullPointerException:Cannot invoke "org.angnysa.autodb.metadata.jdbc.JdbcDatabase.getRelations(org.angnysa.autodb.metadata.jdbc.JdbcTable)" because "this.database" is null!!!]
23:58:09.806 [main] TRACE org.angnysa.autodb.metadata.jdbc.loader.JdbcMetadataLoader - Column loaded: public.test_m21_a :: JdbcColumn id1 int4(mandatory, len < 10) 
23:58:09.807 [main] TRACE org.angnysa.autodb.metadata.jdbc.loader.JdbcMetadataLoader - Column loaded: public.test_m21_a :: JdbcColumn id2 int4(mandatory, len < 10) 
23:58:09.809 [main] TRACE org.angnysa.autodb.metadata.jdbc.loader.JdbcMetadataLoader - Index loaded: public.test_m21_a :: JdbcUniqueIndex [unique] name: 'pk_test_m21_a', columns: ('id1', 'id2')
23:58:09.811 [main] TRACE org.angnysa.autodb.metadata.jdbc.loader.JdbcMetadataLoader - Primary Key loaded: public.test_m21_a :: JdbcUniqueIndex [unique] name: 'pk_test_m21_a', columns: ('id1', 'id2')
23:58:09.811 [main] TRACE org.angnysa.autodb.metadata.jdbc.loader.JdbcMetadataLoader - Table loaded:
[!!!org.angnysa.autodb.metadata.jdbc.JdbcTable@67662433=>java.lang.NullPointerException:Cannot invoke "org.angnysa.autodb.metadata.jdbc.JdbcDatabase.getRelations(org.angnysa.autodb.metadata.jdbc.JdbcTable)" because "this.database" is null!!!]
23:58:09.815 [main] TRACE org.angnysa.autodb.metadata.jdbc.loader.JdbcMetadataLoader - Column loaded: public.test_m21_b :: JdbcColumn id1 int4(mandatory, len < 10) 
23:58:09.815 [main] TRACE org.angnysa.autodb.metadata.jdbc.loader.JdbcMetadataLoader - Column loaded: public.test_m21_b :: JdbcColumn id2 int4(mandatory, len < 10) 
23:58:09.816 [main] TRACE org.angnysa.autodb.metadata.jdbc.loader.JdbcMetadataLoader - Column loaded: public.test_m21_b :: JdbcColumn a_id1 int4(mandatory, len < 10) 
23:58:09.816 [main] TRACE org.angnysa.autodb.metadata.jdbc.loader.JdbcMetadataLoader - Column loaded: public.test_m21_b :: JdbcColumn a_id2 int4(mandatory, len < 10) 
23:58:09.822 [main] TRACE org.angnysa.autodb.metadata.jdbc.loader.JdbcMetadataLoader - Index loaded: public.test_m21_b :: JdbcUniqueIndex [unique] name: 'pk_test_m21_b', columns: ('id1', 'id2')
23:58:09.822 [main] TRACE org.angnysa.autodb.metadata.jdbc.loader.JdbcMetadataLoader - Index loaded: public.test_m21_b :: JdbcIndex [index] name: 'id_test_m21_b_a', columns: ('a_id1', 'a_id2')
23:58:09.824 [main] TRACE org.angnysa.autodb.metadata.jdbc.loader.JdbcMetadataLoader - Primary Key loaded: public.test_m21_b :: JdbcUniqueIndex [unique] name: 'pk_test_m21_b', columns: ('id1', 'id2')
23:58:09.825 [main] TRACE org.angnysa.autodb.metadata.jdbc.loader.JdbcMetadataLoader - Table loaded:
[!!!org.angnysa.autodb.metadata.jdbc.JdbcTable@4bd214c=>java.lang.NullPointerException:Cannot invoke "org.angnysa.autodb.metadata.jdbc.JdbcDatabase.getRelations(org.angnysa.autodb.metadata.jdbc.JdbcTable)" because "this.database" is null!!!]
23:58:09.828 [main] TRACE org.angnysa.autodb.metadata.jdbc.loader.JdbcMetadataLoader - Column loaded: public.test_m2m_a :: JdbcColumn id1 int4(mandatory, len < 10) 
23:58:09.829 [main] TRACE org.angnysa.autodb.metadata.jdbc.loader.JdbcMetadataLoader - Column loaded: public.test_m2m_a :: JdbcColumn id2 int4(mandatory, len < 10) 
23:58:09.831 [main] TRACE org.angnysa.autodb.metadata.jdbc.loader.JdbcMetadataLoader - Index loaded: public.test_m2m_a :: JdbcUniqueIndex [unique] name: 'pk_test_m2m_a', columns: ('id1', 'id2')
23:58:09.833 [main] TRACE org.angnysa.autodb.metadata.jdbc.loader.JdbcMetadataLoader - Primary Key loaded: public.test_m2m_a :: JdbcUniqueIndex [unique] name: 'pk_test_m2m_a', columns: ('id1', 'id2')
23:58:09.833 [main] TRACE org.angnysa.autodb.metadata.jdbc.loader.JdbcMetadataLoader - Table loaded:
[!!!org.angnysa.autodb.metadata.jdbc.JdbcTable@7c74d262=>java.lang.NullPointerException:Cannot invoke "org.angnysa.autodb.metadata.jdbc.JdbcDatabase.getRelations(org.angnysa.autodb.metadata.jdbc.JdbcTable)" because "this.database" is null!!!]
23:58:09.837 [main] TRACE org.angnysa.autodb.metadata.jdbc.loader.JdbcMetadataLoader - Column loaded: public.test_m2m_b :: JdbcColumn id1 int4(mandatory, len < 10) 
23:58:09.837 [main] TRACE org.angnysa.autodb.metadata.jdbc.loader.JdbcMetadataLoader - Column loaded: public.test_m2m_b :: JdbcColumn id2 int4(mandatory, len < 10) 
23:58:09.843 [main] TRACE org.angnysa.autodb.metadata.jdbc.loader.JdbcMetadataLoader - Index loaded: public.test_m2m_b :: JdbcUniqueIndex [unique] name: 'pk_test_m2m_b', columns: ('id1', 'id2')
23:58:09.845 [main] TRACE org.angnysa.autodb.metadata.jdbc.loader.JdbcMetadataLoader - Primary Key loaded: public.test_m2m_b :: JdbcUniqueIndex [unique] name: 'pk_test_m2m_b', columns: ('id1', 'id2')
23:58:09.846 [main] TRACE org.angnysa.autodb.metadata.jdbc.loader.JdbcMetadataLoader - Table loaded:
[!!!org.angnysa.autodb.metadata.jdbc.JdbcTable@34a82874=>java.lang.NullPointerException:Cannot invoke "org.angnysa.autodb.metadata.jdbc.JdbcDatabase.getRelations(org.angnysa.autodb.metadata.jdbc.JdbcTable)" because "this.database" is null!!!]
23:58:09.850 [main] TRACE org.angnysa.autodb.metadata.jdbc.loader.JdbcMetadataLoader - Column loaded: public.test_m2m_rel :: JdbcColumn ab_id1 int4(mandatory, len < 10) 
23:58:09.850 [main] TRACE org.angnysa.autodb.metadata.jdbc.loader.JdbcMetadataLoader - Column loaded: public.test_m2m_rel :: JdbcColumn a_id2 int4(mandatory, len < 10) 
23:58:09.850 [main] TRACE org.angnysa.autodb.metadata.jdbc.loader.JdbcMetadataLoader - Column loaded: public.test_m2m_rel :: JdbcColumn b_id2 int4(mandatory, len < 10) 
23:58:09.852 [main] TRACE org.angnysa.autodb.metadata.jdbc.loader.JdbcMetadataLoader - Index loaded: public.test_m2m_rel :: JdbcUniqueIndex [unique] name: 'pk_test_m2m_rel', columns: ('ab_id1', 'a_id2', 'b_id2')
23:58:09.854 [main] TRACE org.angnysa.autodb.metadata.jdbc.loader.JdbcMetadataLoader - Primary Key loaded: public.test_m2m_rel :: JdbcUniqueIndex [unique] name: 'pk_test_m2m_rel', columns: ('ab_id1', 'a_id2', 'b_id2')
23:58:09.855 [main] TRACE org.angnysa.autodb.metadata.jdbc.loader.JdbcMetadataLoader - Table loaded:
[!!!org.angnysa.autodb.metadata.jdbc.JdbcTable@62b9d56e=>java.lang.NullPointerException:Cannot invoke "org.angnysa.autodb.metadata.jdbc.JdbcDatabase.getRelations(org.angnysa.autodb.metadata.jdbc.JdbcTable)" because "this.database" is null!!!]
]]></system-out>
  </testcase>
  <testcase name="testLoadRelations" classname="org.angnysa.autodb.metadata.jdbc.loader.db.TestJdbcMetadataLoader_Postgresql_96" time="0.091">
    <error type="java.lang.IllegalStateException"><![CDATA[java.lang.IllegalStateException: No table named 'public.test_121_b'
]]></error>
    <system-out><![CDATA[23:58:09.876 [main] DEBUG org.angnysa.autodb.metadata.jdbc.loader.AbstractJdbcMetadataLoaderTester - Target table: TEST_121_B
23:58:09.876 [main] DEBUG org.angnysa.autodb.metadata.jdbc.loader.AbstractJdbcMetadataLoaderTester - Expected Relations: [ExpectedRelation(name=FK_TEST_121_B_A, type=OneToOne, mandatory=true, referencingColumns=[A_ID1, A_ID2], referencedTable=TEST_121_A, referencedColumns=[ID1, ID2])]
23:58:09.895 [main] TRACE org.angnysa.autodb.metadata.jdbc.loader.JdbcMetadataLoader - Column loaded: public.test_121_a :: JdbcColumn id1 int4(mandatory, len < 10) 
23:58:09.896 [main] TRACE org.angnysa.autodb.metadata.jdbc.loader.JdbcMetadataLoader - Column loaded: public.test_121_a :: JdbcColumn id2 int4(mandatory, len < 10) 
23:58:09.899 [main] TRACE org.angnysa.autodb.metadata.jdbc.loader.JdbcMetadataLoader - Index loaded: public.test_121_a :: JdbcUniqueIndex [unique] name: 'pk_test_121_a', columns: ('id1', 'id2')
23:58:09.901 [main] TRACE org.angnysa.autodb.metadata.jdbc.loader.JdbcMetadataLoader - Primary Key loaded: public.test_121_a :: JdbcUniqueIndex [unique] name: 'pk_test_121_a', columns: ('id1', 'id2')
23:58:09.901 [main] TRACE org.angnysa.autodb.metadata.jdbc.loader.JdbcMetadataLoader - Table loaded:
[!!!org.angnysa.autodb.metadata.jdbc.JdbcTable@68e4b277=>java.lang.NullPointerException:Cannot invoke "org.angnysa.autodb.metadata.jdbc.JdbcDatabase.getRelations(org.angnysa.autodb.metadata.jdbc.JdbcTable)" because "this.database" is null!!!]
23:58:09.904 [main] TRACE org.angnysa.autodb.metadata.jdbc.loader.JdbcMetadataLoader - Column loaded: public.test_121_b :: JdbcColumn id1 int4(mandatory, len < 10) 
23:58:09.905 [main] TRACE org.angnysa.autodb.metadata.jdbc.loader.JdbcMetadataLoader - Column loaded: public.test_121_b :: JdbcColumn id2 int4(mandatory, len < 10) 
23:58:09.905 [main] TRACE org.angnysa.autodb.metadata.jdbc.loader.JdbcMetadataLoader - Column loaded: public.test_121_b :: JdbcColumn a_id1 int4(mandatory, len < 10) 
23:58:09.905 [main] TRACE org.angnysa.autodb.metadata.jdbc.loader.JdbcMetadataLoader - Column loaded: public.test_121_b :: JdbcColumn a_id2 int4(mandatory, len < 10) 
23:58:09.907 [main] TRACE org.angnysa.autodb.metadata.jdbc.loader.JdbcMetadataLoader - Index loaded: public.test_121_b :: JdbcUniqueIndex [unique] name: 'pk_test_121_b', columns: ('id1', 'id2')
23:58:09.907 [main] TRACE org.angnysa.autodb.metadata.jdbc.loader.JdbcMetadataLoader - Index loaded: public.test_121_b :: JdbcUniqueIndex [unique] name: 'uk_test_121_b', columns: ('a_id1', 'a_id2')
23:58:09.909 [main] TRACE org.angnysa.autodb.metadata.jdbc.loader.JdbcMetadataLoader - Primary Key loaded: public.test_121_b :: JdbcUniqueIndex [unique] name: 'pk_test_121_b', columns: ('id1', 'id2')
23:58:09.910 [main] TRACE org.angnysa.autodb.metadata.jdbc.loader.JdbcMetadataLoader - Table loaded:
[!!!org.angnysa.autodb.metadata.jdbc.JdbcTable@4eab4474=>java.lang.NullPointerException:Cannot invoke "org.angnysa.autodb.metadata.jdbc.JdbcDatabase.getRelations(org.angnysa.autodb.metadata.jdbc.JdbcTable)" because "this.database" is null!!!]
23:58:09.913 [main] TRACE org.angnysa.autodb.metadata.jdbc.loader.JdbcMetadataLoader - Column loaded: public.test_m21_a :: JdbcColumn id1 int4(mandatory, len < 10) 
23:58:09.913 [main] TRACE org.angnysa.autodb.metadata.jdbc.loader.JdbcMetadataLoader - Column loaded: public.test_m21_a :: JdbcColumn id2 int4(mandatory, len < 10) 
23:58:09.915 [main] TRACE org.angnysa.autodb.metadata.jdbc.loader.JdbcMetadataLoader - Index loaded: public.test_m21_a :: JdbcUniqueIndex [unique] name: 'pk_test_m21_a', columns: ('id1', 'id2')
23:58:09.917 [main] TRACE org.angnysa.autodb.metadata.jdbc.loader.JdbcMetadataLoader - Primary Key loaded: public.test_m21_a :: JdbcUniqueIndex [unique] name: 'pk_test_m21_a', columns: ('id1', 'id2')
23:58:09.918 [main] TRACE org.angnysa.autodb.metadata.jdbc.loader.JdbcMetadataLoader - Table loaded:
[!!!org.angnysa.autodb.metadata.jdbc.JdbcTable@6c945ef9=>java.lang.NullPointerException:Cannot invoke "org.angnysa.autodb.metadata.jdbc.JdbcDatabase.getRelations(org.angnysa.autodb.metadata.jdbc.JdbcTable)" because "this.database" is null!!!]
23:58:09.921 [main] TRACE org.angnysa.autodb.metadata.jdbc.loader.JdbcMetadataLoader - Column loaded: public.test_m21_b :: JdbcColumn id1 int4(mandatory, len < 10) 
23:58:09.922 [main] TRACE org.angnysa.autodb.metadata.jdbc.loader.JdbcMetadataLoader - Column loaded: public.test_m21_b :: JdbcColumn id2 int4(mandatory, len < 10) 
23:58:09.922 [main] TRACE org.angnysa.autodb.metadata.jdbc.loader.JdbcMetadataLoader - Column loaded: public.test_m21_b :: JdbcColumn a_id1 int4(mandatory, len < 10) 
23:58:09.922 [main] TRACE org.angnysa.autodb.metadata.jdbc.loader.JdbcMetadataLoader - Column loaded: public.test_m21_b :: JdbcColumn a_id2 int4(mandatory, len < 10) 
23:58:09.924 [main] TRACE org.angnysa.autodb.metadata.jdbc.loader.JdbcMetadataLoader - Index loaded: public.test_m21_b :: JdbcUniqueIndex [unique] name: 'pk_test_m21_b', columns: ('id1', 'id2')
23:58:09.924 [main] TRACE org.angnysa.autodb.metadata.jdbc.loader.JdbcMetadataLoader - Index loaded: public.test_m21_b :: JdbcIndex [index] name: 'id_test_m21_b_a', columns: ('a_id1', 'a_id2')
23:58:09.926 [main] TRACE org.angnysa.autodb.metadata.jdbc.loader.JdbcMetadataLoader - Primary Key loaded: public.test_m21_b :: JdbcUniqueIndex [unique] name: 'pk_test_m21_b', columns: ('id1', 'id2')
23:58:09.927 [main] TRACE org.angnysa.autodb.metadata.jdbc.loader.JdbcMetadataLoader - Table loaded:
[!!!org.angnysa.autodb.metadata.jdbc.JdbcTable@7d4f7d5e=>java.lang.NullPointerException:Cannot invoke "org.angnysa.autodb.metadata.jdbc.JdbcDatabase.getRelations(org.angnysa.autodb.metadata.jdbc.JdbcTable)" because "this.database" is null!!!]
23:58:09.930 [main] TRACE org.angnysa.autodb.metadata.jdbc.loader.JdbcMetadataLoader - Column loaded: public.test_m2m_a :: JdbcColumn id1 int4(mandatory, len < 10) 
23:58:09.930 [main] TRACE org.angnysa.autodb.metadata.jdbc.loader.JdbcMetadataLoader - Column loaded: public.test_m2m_a :: JdbcColumn id2 int4(mandatory, len < 10) 
23:58:09.932 [main] TRACE org.angnysa.autodb.metadata.jdbc.loader.JdbcMetadataLoader - Index loaded: public.test_m2m_a :: JdbcUniqueIndex [unique] name: 'pk_test_m2m_a', columns: ('id1', 'id2')
23:58:09.934 [main] TRACE org.angnysa.autodb.metadata.jdbc.loader.JdbcMetadataLoader - Primary Key loaded: public.test_m2m_a :: JdbcUniqueIndex [unique] name: 'pk_test_m2m_a', columns: ('id1', 'id2')
23:58:09.935 [main] TRACE org.angnysa.autodb.metadata.jdbc.loader.JdbcMetadataLoader - Table loaded:
[!!!org.angnysa.autodb.metadata.jdbc.JdbcTable@30f51f8a=>java.lang.NullPointerException:Cannot invoke "org.angnysa.autodb.metadata.jdbc.JdbcDatabase.getRelations(org.angnysa.autodb.metadata.jdbc.JdbcTable)" because "this.database" is null!!!]
23:58:09.938 [main] TRACE org.angnysa.autodb.metadata.jdbc.loader.JdbcMetadataLoader - Column loaded: public.test_m2m_b :: JdbcColumn id1 int4(mandatory, len < 10) 
23:58:09.938 [main] TRACE org.angnysa.autodb.metadata.jdbc.loader.JdbcMetadataLoader - Column loaded: public.test_m2m_b :: JdbcColumn id2 int4(mandatory, len < 10) 
23:58:09.940 [main] TRACE org.angnysa.autodb.metadata.jdbc.loader.JdbcMetadataLoader - Index loaded: public.test_m2m_b :: JdbcUniqueIndex [unique] name: 'pk_test_m2m_b', columns: ('id1', 'id2')
23:58:09.942 [main] TRACE org.angnysa.autodb.metadata.jdbc.loader.JdbcMetadataLoader - Primary Key loaded: public.test_m2m_b :: JdbcUniqueIndex [unique] name: 'pk_test_m2m_b', columns: ('id1', 'id2')
23:58:09.942 [main] TRACE org.angnysa.autodb.metadata.jdbc.loader.JdbcMetadataLoader - Table loaded:
[!!!org.angnysa.autodb.metadata.jdbc.JdbcTable@24697504=>java.lang.NullPointerException:Cannot invoke "org.angnysa.autodb.metadata.jdbc.JdbcDatabase.getRelations(org.angnysa.autodb.metadata.jdbc.JdbcTable)" because "this.database" is null!!!]
23:58:09.946 [main] TRACE org.angnysa.autodb.metadata.jdbc.loader.JdbcMetadataLoader - Column loaded: public.test_m2m_rel :: JdbcColumn ab_id1 int4(mandatory, len < 10) 
23:58:09.946 [main] TRACE org.angnysa.autodb.metadata.jdbc.loader.JdbcMetadataLoader - Column loaded: public.test_m2m_rel :: JdbcColumn a_id2 int4(mandatory, len < 10) 
23:58:09.946 [main] TRACE org.angnysa.autodb.metadata.jdbc.loader.JdbcMetadataLoader - Column loaded: public.test_m2m_rel :: JdbcColumn b_id2 int4(mandatory, len < 10) 
23:58:09.948 [main] TRACE org.angnysa.autodb.metadata.jdbc.loader.JdbcMetadataLoader - Index loaded: public.test_m2m_rel :: JdbcUniqueIndex [unique] name: 'pk_test_m2m_rel', columns: ('ab_id1', 'a_id2', 'b_id2')
23:58:09.950 [main] TRACE org.angnysa.autodb.metadata.jdbc.loader.JdbcMetadataLoader - Primary Key loaded: public.test_m2m_rel :: JdbcUniqueIndex [unique] name: 'pk_test_m2m_rel', columns: ('ab_id1', 'a_id2', 'b_id2')
23:58:09.950 [main] TRACE org.angnysa.autodb.metadata.jdbc.loader.JdbcMetadataLoader - Table loaded:
[!!!org.angnysa.autodb.metadata.jdbc.JdbcTable@6a4484e6=>java.lang.NullPointerException:Cannot invoke "org.angnysa.autodb.metadata.jdbc.JdbcDatabase.getRelations(org.angnysa.autodb.metadata.jdbc.JdbcTable)" because "this.database" is null!!!]
]]></system-out>
  </testcase>
  <testcase name="testLoadRelations" classname="org.angnysa.autodb.metadata.jdbc.loader.db.TestJdbcMetadataLoader_Postgresql_96" time="0.095">
    <error type="java.lang.IllegalStateException"><![CDATA[java.lang.IllegalStateException: No table named 'public.test_121_b'
]]></error>
    <system-out><![CDATA[23:58:09.968 [main] DEBUG org.angnysa.autodb.metadata.jdbc.loader.AbstractJdbcMetadataLoaderTester - Target table: TEST_M21_A
23:58:09.968 [main] DEBUG org.angnysa.autodb.metadata.jdbc.loader.AbstractJdbcMetadataLoaderTester - Expected Relations: [ExpectedRelation(name=FK_TEST_M21_B_A, type=OneToMany, mandatory=false, referencingColumns=[ID1, ID2], referencedTable=TEST_M21_B, referencedColumns=[A_ID1, A_ID2])]
23:58:09.997 [main] TRACE org.angnysa.autodb.metadata.jdbc.loader.JdbcMetadataLoader - Column loaded: public.test_121_a :: JdbcColumn id1 int4(mandatory, len < 10) 
23:58:09.997 [main] TRACE org.angnysa.autodb.metadata.jdbc.loader.JdbcMetadataLoader - Column loaded: public.test_121_a :: JdbcColumn id2 int4(mandatory, len < 10) 
23:58:10.000 [main] TRACE org.angnysa.autodb.metadata.jdbc.loader.JdbcMetadataLoader - Index loaded: public.test_121_a :: JdbcUniqueIndex [unique] name: 'pk_test_121_a', columns: ('id1', 'id2')
23:58:10.001 [main] TRACE org.angnysa.autodb.metadata.jdbc.loader.JdbcMetadataLoader - Primary Key loaded: public.test_121_a :: JdbcUniqueIndex [unique] name: 'pk_test_121_a', columns: ('id1', 'id2')
23:58:10.002 [main] TRACE org.angnysa.autodb.metadata.jdbc.loader.JdbcMetadataLoader - Table loaded:
[!!!org.angnysa.autodb.metadata.jdbc.JdbcTable@43da05ee=>java.lang.NullPointerException:Cannot invoke "org.angnysa.autodb.metadata.jdbc.JdbcDatabase.getRelations(org.angnysa.autodb.metadata.jdbc.JdbcTable)" because "this.database" is null!!!]
23:58:10.005 [main] TRACE org.angnysa.autodb.metadata.jdbc.loader.JdbcMetadataLoader - Column loaded: public.test_121_b :: JdbcColumn id1 int4(mandatory, len < 10) 
23:58:10.005 [main] TRACE org.angnysa.autodb.metadata.jdbc.loader.JdbcMetadataLoader - Column loaded: public.test_121_b :: JdbcColumn id2 int4(mandatory, len < 10) 
23:58:10.005 [main] TRACE org.angnysa.autodb.metadata.jdbc.loader.JdbcMetadataLoader - Column loaded: public.test_121_b :: JdbcColumn a_id1 int4(mandatory, len < 10) 
23:58:10.006 [main] TRACE org.angnysa.autodb.metadata.jdbc.loader.JdbcMetadataLoader - Column loaded: public.test_121_b :: JdbcColumn a_id2 int4(mandatory, len < 10) 
23:58:10.008 [main] TRACE org.angnysa.autodb.metadata.jdbc.loader.JdbcMetadataLoader - Index loaded: public.test_121_b :: JdbcUniqueIndex [unique] name: 'pk_test_121_b', columns: ('id1', 'id2')
23:58:10.008 [main] TRACE org.angnysa.autodb.metadata.jdbc.loader.JdbcMetadataLoader - Index loaded: public.test_121_b :: JdbcUniqueIndex [unique] name: 'uk_test_121_b', columns: ('a_id1', 'a_id2')
23:58:10.010 [main] TRACE org.angnysa.autodb.metadata.jdbc.loader.JdbcMetadataLoader - Primary Key loaded: public.test_121_b :: JdbcUniqueIndex [unique] name: 'pk_test_121_b', columns: ('id1', 'id2')
23:58:10.010 [main] TRACE org.angnysa.autodb.metadata.jdbc.loader.JdbcMetadataLoader - Table loaded:
[!!!org.angnysa.autodb.metadata.jdbc.JdbcTable@418422c3=>java.lang.NullPointerException:Cannot invoke "org.angnysa.autodb.metadata.jdbc.JdbcDatabase.getRelations(org.angnysa.autodb.metadata.jdbc.JdbcTable)" because "this.database" is null!!!]
23:58:10.013 [main] TRACE org.angnysa.autodb.metadata.jdbc.loader.JdbcMetadataLoader - Column loaded: public.test_m21_a :: JdbcColumn id1 int4(mandatory, len < 10) 
23:58:10.014 [main] TRACE org.angnysa.autodb.metadata.jdbc.loader.JdbcMetadataLoader - Column loaded: public.test_m21_a :: JdbcColumn id2 int4(mandatory, len < 10) 
23:58:10.015 [main] TRACE org.angnysa.autodb.metadata.jdbc.loader.JdbcMetadataLoader - Index loaded: public.test_m21_a :: JdbcUniqueIndex [unique] name: 'pk_test_m21_a', columns: ('id1', 'id2')
23:58:10.017 [main] TRACE org.angnysa.autodb.metadata.jdbc.loader.JdbcMetadataLoader - Primary Key loaded: public.test_m21_a :: JdbcUniqueIndex [unique] name: 'pk_test_m21_a', columns: ('id1', 'id2')
23:58:10.018 [main] TRACE org.angnysa.autodb.metadata.jdbc.loader.JdbcMetadataLoader - Table loaded:
[!!!org.angnysa.autodb.metadata.jdbc.JdbcTable@4b89b14a=>java.lang.NullPointerException:Cannot invoke "org.angnysa.autodb.metadata.jdbc.JdbcDatabase.getRelations(org.angnysa.autodb.metadata.jdbc.JdbcTable)" because "this.database" is null!!!]
23:58:10.021 [main] TRACE org.angnysa.autodb.metadata.jdbc.loader.JdbcMetadataLoader - Column loaded: public.test_m21_b :: JdbcColumn id1 int4(mandatory, len < 10) 
23:58:10.021 [main] TRACE org.angnysa.autodb.metadata.jdbc.loader.JdbcMetadataLoader - Column loaded: public.test_m21_b :: JdbcColumn id2 int4(mandatory, len < 10) 
23:58:10.021 [main] TRACE org.angnysa.autodb.metadata.jdbc.loader.JdbcMetadataLoader - Column loaded: public.test_m21_b :: JdbcColumn a_id1 int4(mandatory, len < 10) 
23:58:10.021 [main] TRACE org.angnysa.autodb.metadata.jdbc.loader.JdbcMetadataLoader - Column loaded: public.test_m21_b :: JdbcColumn a_id2 int4(mandatory, len < 10) 
23:58:10.023 [main] TRACE org.angnysa.autodb.metadata.jdbc.loader.JdbcMetadataLoader - Index loaded: public.test_m21_b :: JdbcUniqueIndex [unique] name: 'pk_test_m21_b', columns: ('id1', 'id2')
23:58:10.023 [main] TRACE org.angnysa.autodb.metadata.jdbc.loader.JdbcMetadataLoader - Index loaded: public.test_m21_b :: JdbcIndex [index] name: 'id_test_m21_b_a', columns: ('a_id1', 'a_id2')
23:58:10.025 [main] TRACE org.angnysa.autodb.metadata.jdbc.loader.JdbcMetadataLoader - Primary Key loaded: public.test_m21_b :: JdbcUniqueIndex [unique] name: 'pk_test_m21_b', columns: ('id1', 'id2')
23:58:10.025 [main] TRACE org.angnysa.autodb.metadata.jdbc.loader.JdbcMetadataLoader - Table loaded:
[!!!org.angnysa.autodb.metadata.jdbc.JdbcTable@6f139a8f=>java.lang.NullPointerException:Cannot invoke "org.angnysa.autodb.metadata.jdbc.JdbcDatabase.getRelations(org.angnysa.autodb.metadata.jdbc.JdbcTable)" because "this.database" is null!!!]
23:58:10.028 [main] TRACE org.angnysa.autodb.metadata.jdbc.loader.JdbcMetadataLoader - Column loaded: public.test_m2m_a :: JdbcColumn id1 int4(mandatory, len < 10) 
23:58:10.028 [main] TRACE org.angnysa.autodb.metadata.jdbc.loader.JdbcMetadataLoader - Column loaded: public.test_m2m_a :: JdbcColumn id2 int4(mandatory, len < 10) 
23:58:10.030 [main] TRACE org.angnysa.autodb.metadata.jdbc.loader.JdbcMetadataLoader - Index loaded: public.test_m2m_a :: JdbcUniqueIndex [unique] name: 'pk_test_m2m_a', columns: ('id1', 'id2')
23:58:10.032 [main] TRACE org.angnysa.autodb.metadata.jdbc.loader.JdbcMetadataLoader - Primary Key loaded: public.test_m2m_a :: JdbcUniqueIndex [unique] name: 'pk_test_m2m_a', columns: ('id1', 'id2')
23:58:10.032 [main] TRACE org.angnysa.autodb.metadata.jdbc.loader.JdbcMetadataLoader - Table loaded:
[!!!org.angnysa.autodb.metadata.jdbc.JdbcTable@7cf517f6=>java.lang.NullPointerException:Cannot invoke "org.angnysa.autodb.metadata.jdbc.JdbcDatabase.getRelations(org.angnysa.autodb.metadata.jdbc.JdbcTable)" because "this.database" is null!!!]
23:58:10.035 [main] TRACE org.angnysa.autodb.metadata.jdbc.loader.JdbcMetadataLoader - Column loaded: public.test_m2m_b :: JdbcColumn id1 int4(mandatory, len < 10) 
23:58:10.035 [main] TRACE org.angnysa.autodb.metadata.jdbc.loader.JdbcMetadataLoader - Column loaded: public.test_m2m_b :: JdbcColumn id2 int4(mandatory, len < 10) 
23:58:10.037 [main] TRACE org.angnysa.autodb.metadata.jdbc.loader.JdbcMetadataLoader - Index loaded: public.test_m2m_b :: JdbcUniqueIndex [unique] name: 'pk_test_m2m_b', columns: ('id1', 'id2')
23:58:10.039 [main] TRACE org.angnysa.autodb.metadata.jdbc.loader.JdbcMetadataLoader - Primary Key loaded: public.test_m2m_b :: JdbcUniqueIndex [unique] name: 'pk_test_m2m_b', columns: ('id1', 'id2')
23:58:10.039 [main] TRACE org.angnysa.autodb.metadata.jdbc.loader.JdbcMetadataLoader - Table loaded:
[!!!org.angnysa.autodb.metadata.jdbc.JdbcTable@1c07b091=>java.lang.NullPointerException:Cannot invoke "org.angnysa.autodb.metadata.jdbc.JdbcDatabase.getRelations(org.angnysa.autodb.metadata.jdbc.JdbcTable)" because "this.database" is null!!!]
23:58:10.042 [main] TRACE org.angnysa.autodb.metadata.jdbc.loader.JdbcMetadataLoader - Column loaded: public.test_m2m_rel :: JdbcColumn ab_id1 int4(mandatory, len < 10) 
23:58:10.042 [main] TRACE org.angnysa.autodb.metadata.jdbc.loader.JdbcMetadataLoader - Column loaded: public.test_m2m_rel :: JdbcColumn a_id2 int4(mandatory, len < 10) 
23:58:10.042 [main] TRACE org.angnysa.autodb.metadata.jdbc.loader.JdbcMetadataLoader - Column loaded: public.test_m2m_rel :: JdbcColumn b_id2 int4(mandatory, len < 10) 
23:58:10.044 [main] TRACE org.angnysa.autodb.metadata.jdbc.loader.JdbcMetadataLoader - Index loaded: public.test_m2m_rel :: JdbcUniqueIndex [unique] name: 'pk_test_m2m_rel', columns: ('ab_id1', 'a_id2', 'b_id2')
23:58:10.046 [main] TRACE org.angnysa.autodb.metadata.jdbc.loader.JdbcMetadataLoader - Primary Key loaded: public.test_m2m_rel :: JdbcUniqueIndex [unique] name: 'pk_test_m2m_rel', columns: ('ab_id1', 'a_id2', 'b_id2')
23:58:10.047 [main] TRACE org.angnysa.autodb.metadata.jdbc.loader.JdbcMetadataLoader - Table loaded:
[!!!org.angnysa.autodb.metadata.jdbc.JdbcTable@1a8251ba=>java.lang.NullPointerException:Cannot invoke "org.angnysa.autodb.metadata.jdbc.JdbcDatabase.getRelations(org.angnysa.autodb.metadata.jdbc.JdbcTable)" because "this.database" is null!!!]
]]></system-out>
  </testcase>
  <testcase name="testLoadRelations" classname="org.angnysa.autodb.metadata.jdbc.loader.db.TestJdbcMetadataLoader_Postgresql_96" time="0.085">
    <error type="java.lang.IllegalStateException"><![CDATA[java.lang.IllegalStateException: No table named 'public.test_121_b'
]]></error>
    <system-out><![CDATA[23:58:10.066 [main] DEBUG org.angnysa.autodb.metadata.jdbc.loader.AbstractJdbcMetadataLoaderTester - Target table: TEST_M21_B
23:58:10.067 [main] DEBUG org.angnysa.autodb.metadata.jdbc.loader.AbstractJdbcMetadataLoaderTester - Expected Relations: [ExpectedRelation(name=FK_TEST_M21_B_A, type=ManyToOne, mandatory=true, referencingColumns=[A_ID1, A_ID2], referencedTable=TEST_M21_A, referencedColumns=[ID1, ID2])]
23:58:10.080 [main] TRACE org.angnysa.autodb.metadata.jdbc.loader.JdbcMetadataLoader - Column loaded: public.test_121_a :: JdbcColumn id1 int4(mandatory, len < 10) 
23:58:10.080 [main] TRACE org.angnysa.autodb.metadata.jdbc.loader.JdbcMetadataLoader - Column loaded: public.test_121_a :: JdbcColumn id2 int4(mandatory, len < 10) 
23:58:10.083 [main] TRACE org.angnysa.autodb.metadata.jdbc.loader.JdbcMetadataLoader - Index loaded: public.test_121_a :: JdbcUniqueIndex [unique] name: 'pk_test_121_a', columns: ('id1', 'id2')
23:58:10.085 [main] TRACE org.angnysa.autodb.metadata.jdbc.loader.JdbcMetadataLoader - Primary Key loaded: public.test_121_a :: JdbcUniqueIndex [unique] name: 'pk_test_121_a', columns: ('id1', 'id2')
23:58:10.085 [main] TRACE org.angnysa.autodb.metadata.jdbc.loader.JdbcMetadataLoader - Table loaded:
[!!!org.angnysa.autodb.metadata.jdbc.JdbcTable@4e5d611f=>java.lang.NullPointerException:Cannot invoke "org.angnysa.autodb.metadata.jdbc.JdbcDatabase.getRelations(org.angnysa.autodb.metadata.jdbc.JdbcTable)" because "this.database" is null!!!]
23:58:10.089 [main] TRACE org.angnysa.autodb.metadata.jdbc.loader.JdbcMetadataLoader - Column loaded: public.test_121_b :: JdbcColumn id1 int4(mandatory, len < 10) 
23:58:10.089 [main] TRACE org.angnysa.autodb.metadata.jdbc.loader.JdbcMetadataLoader - Column loaded: public.test_121_b :: JdbcColumn id2 int4(mandatory, len < 10) 
23:58:10.089 [main] TRACE org.angnysa.autodb.metadata.jdbc.loader.JdbcMetadataLoader - Column loaded: public.test_121_b :: JdbcColumn a_id1 int4(mandatory, len < 10) 
23:58:10.089 [main] TRACE org.angnysa.autodb.metadata.jdbc.loader.JdbcMetadataLoader - Column loaded: public.test_121_b :: JdbcColumn a_id2 int4(mandatory, len < 10) 
23:58:10.091 [main] TRACE org.angnysa.autodb.metadata.jdbc.loader.JdbcMetadataLoader - Index loaded: public.test_121_b :: JdbcUniqueIndex [unique] name: 'pk_test_121_b', columns: ('id1', 'id2')
23:58:10.092 [main] TRACE org.angnysa.autodb.metadata.jdbc.loader.JdbcMetadataLoader - Index loaded: public.test_121_b :: JdbcUniqueIndex [unique] name: 'uk_test_121_b', columns: ('a_id1', 'a_id2')
23:58:10.094 [main] TRACE org.angnysa.autodb.metadata.jdbc.loader.JdbcMetadataLoader - Primary Key loaded: public.test_121_b :: JdbcUniqueIndex [unique] name: 'pk_test_121_b', columns: ('id1', 'id2')
23:58:10.094 [main] TRACE org.angnysa.autodb.metadata.jdbc.loader.JdbcMetadataLoader - Table loaded:
[!!!org.angnysa.autodb.metadata.jdbc.JdbcTable@37b3e8b3=>java.lang.NullPointerException:Cannot invoke "org.angnysa.autodb.metadata.jdbc.JdbcDatabase.getRelations(org.angnysa.autodb.metadata.jdbc.JdbcTable)" because "this.database" is null!!!]
23:58:10.097 [main] TRACE org.angnysa.autodb.metadata.jdbc.loader.JdbcMetadataLoader - Column loaded: public.test_m21_a :: JdbcColumn id1 int4(mandatory, len < 10) 
23:58:10.097 [main] TRACE org.angnysa.autodb.metadata.jdbc.loader.JdbcMetadataLoader - Column loaded: public.test_m21_a :: JdbcColumn id2 int4(mandatory, len < 10) 
23:58:10.099 [main] TRACE org.angnysa.autodb.metadata.jdbc.loader.JdbcMetadataLoader - Index loaded: public.test_m21_a :: JdbcUniqueIndex [unique] name: 'pk_test_m21_a', columns: ('id1', 'id2')
23:58:10.101 [main] TRACE org.angnysa.autodb.metadata.jdbc.loader.JdbcMetadataLoader - Primary Key loaded: public.test_m21_a :: JdbcUniqueIndex [unique] name: 'pk_test_m21_a', columns: ('id1', 'id2')
23:58:10.102 [main] TRACE org.angnysa.autodb.metadata.jdbc.loader.JdbcMetadataLoader - Table loaded:
[!!!org.angnysa.autodb.metadata.jdbc.JdbcTable@7aab70e2=>java.lang.NullPointerException:Cannot invoke "org.angnysa.autodb.metadata.jdbc.JdbcDatabase.getRelations(org.angnysa.autodb.metadata.jdbc.JdbcTable)" because "this.database" is null!!!]
23:58:10.105 [main] TRACE org.angnysa.autodb.metadata.jdbc.loader.JdbcMetadataLoader - Column loaded: public.test_m21_b :: JdbcColumn id1 int4(mandatory, len < 10) 
23:58:10.105 [main] TRACE org.angnysa.autodb.metadata.jdbc.loader.JdbcMetadataLoader - Column loaded: public.test_m21_b :: JdbcColumn id2 int4(mandatory, len < 10) 
23:58:10.105 [main] TRACE org.angnysa.autodb.metadata.jdbc.loader.JdbcMetadataLoader - Column loaded: public.test_m21_b :: JdbcColumn a_id1 int4(mandatory, len < 10) 
23:58:10.105 [main] TRACE org.angnysa.autodb.metadata.jdbc.loader.JdbcMetadataLoader - Column loaded: public.test_m21_b :: JdbcColumn a_id2 int4(mandatory, len < 10) 
23:58:10.108 [main] TRACE org.angnysa.autodb.metadata.jdbc.loader.JdbcMetadataLoader - Index loaded: public.test_m21_b :: JdbcUniqueIndex [unique] name: 'pk_test_m21_b', columns: ('id1', 'id2')
23:58:10.108 [main] TRACE org.angnysa.autodb.metadata.jdbc.loader.JdbcMetadataLoader - Index loaded: public.test_m21_b :: JdbcIndex [index] name: 'id_test_m21_b_a', columns: ('a_id1', 'a_id2')
23:58:10.110 [main] TRACE org.angnysa.autodb.metadata.jdbc.loader.JdbcMetadataLoader - Primary Key loaded: public.test_m21_b :: JdbcUniqueIndex [unique] name: 'pk_test_m21_b', columns: ('id1', 'id2')
23:58:10.110 [main] TRACE org.angnysa.autodb.metadata.jdbc.loader.JdbcMetadataLoader - Table loaded:
[!!!org.angnysa.autodb.metadata.jdbc.JdbcTable@36d5677=>java.lang.NullPointerException:Cannot invoke "org.angnysa.autodb.metadata.jdbc.JdbcDatabase.getRelations(org.angnysa.autodb.metadata.jdbc.JdbcTable)" because "this.database" is null!!!]
23:58:10.113 [main] TRACE org.angnysa.autodb.metadata.jdbc.loader.JdbcMetadataLoader - Column loaded: public.test_m2m_a :: JdbcColumn id1 int4(mandatory, len < 10) 
23:58:10.114 [main] TRACE org.angnysa.autodb.metadata.jdbc.loader.JdbcMetadataLoader - Column loaded: public.test_m2m_a :: JdbcColumn id2 int4(mandatory, len < 10) 
23:58:10.115 [main] TRACE org.angnysa.autodb.metadata.jdbc.loader.JdbcMetadataLoader - Index loaded: public.test_m2m_a :: JdbcUniqueIndex [unique] name: 'pk_test_m2m_a', columns: ('id1', 'id2')
23:58:10.117 [main] TRACE org.angnysa.autodb.metadata.jdbc.loader.JdbcMetadataLoader - Primary Key loaded: public.test_m2m_a :: JdbcUniqueIndex [unique] name: 'pk_test_m2m_a', columns: ('id1', 'id2')
23:58:10.118 [main] TRACE org.angnysa.autodb.metadata.jdbc.loader.JdbcMetadataLoader - Table loaded:
[!!!org.angnysa.autodb.metadata.jdbc.JdbcTable@261d8a9c=>java.lang.NullPointerException:Cannot invoke "org.angnysa.autodb.metadata.jdbc.JdbcDatabase.getRelations(org.angnysa.autodb.metadata.jdbc.JdbcTable)" because "this.database" is null!!!]
23:58:10.121 [main] TRACE org.angnysa.autodb.metadata.jdbc.loader.JdbcMetadataLoader - Column loaded: public.test_m2m_b :: JdbcColumn id1 int4(mandatory, len < 10) 
23:58:10.121 [main] TRACE org.angnysa.autodb.metadata.jdbc.loader.JdbcMetadataLoader - Column loaded: public.test_m2m_b :: JdbcColumn id2 int4(mandatory, len < 10) 
23:58:10.123 [main] TRACE org.angnysa.autodb.metadata.jdbc.loader.JdbcMetadataLoader - Index loaded: public.test_m2m_b :: JdbcUniqueIndex [unique] name: 'pk_test_m2m_b', columns: ('id1', 'id2')
23:58:10.124 [main] TRACE org.angnysa.autodb.metadata.jdbc.loader.JdbcMetadataLoader - Primary Key loaded: public.test_m2m_b :: JdbcUniqueIndex [unique] name: 'pk_test_m2m_b', columns: ('id1', 'id2')
23:58:10.125 [main] TRACE org.angnysa.autodb.metadata.jdbc.loader.JdbcMetadataLoader - Table loaded:
[!!!org.angnysa.autodb.metadata.jdbc.JdbcTable@e43189c=>java.lang.NullPointerException:Cannot invoke "org.angnysa.autodb.metadata.jdbc.JdbcDatabase.getRelations(org.angnysa.autodb.metadata.jdbc.JdbcTable)" because "this.database" is null!!!]
23:58:10.128 [main] TRACE org.angnysa.autodb.metadata.jdbc.loader.JdbcMetadataLoader - Column loaded: public.test_m2m_rel :: JdbcColumn ab_id1 int4(mandatory, len < 10) 
23:58:10.128 [main] TRACE org.angnysa.autodb.metadata.jdbc.loader.JdbcMetadataLoader - Column loaded: public.test_m2m_rel :: JdbcColumn a_id2 int4(mandatory, len < 10) 
23:58:10.128 [main] TRACE org.angnysa.autodb.metadata.jdbc.loader.JdbcMetadataLoader - Column loaded: public.test_m2m_rel :: JdbcColumn b_id2 int4(mandatory, len < 10) 
23:58:10.130 [main] TRACE org.angnysa.autodb.metadata.jdbc.loader.JdbcMetadataLoader - Index loaded: public.test_m2m_rel :: JdbcUniqueIndex [unique] name: 'pk_test_m2m_rel', columns: ('ab_id1', 'a_id2', 'b_id2')
23:58:10.132 [main] TRACE org.angnysa.autodb.metadata.jdbc.loader.JdbcMetadataLoader - Primary Key loaded: public.test_m2m_rel :: JdbcUniqueIndex [unique] name: 'pk_test_m2m_rel', columns: ('ab_id1', 'a_id2', 'b_id2')
23:58:10.132 [main] TRACE org.angnysa.autodb.metadata.jdbc.loader.JdbcMetadataLoader - Table loaded:
[!!!org.angnysa.autodb.metadata.jdbc.JdbcTable@2fce55d6=>java.lang.NullPointerException:Cannot invoke "org.angnysa.autodb.metadata.jdbc.JdbcDatabase.getRelations(org.angnysa.autodb.metadata.jdbc.JdbcTable)" because "this.database" is null!!!]
]]></system-out>
  </testcase>
  <testcase name="testLoadRelations" classname="org.angnysa.autodb.metadata.jdbc.loader.db.TestJdbcMetadataLoader_Postgresql_96" time="0.082">
    <error type="java.lang.IllegalStateException"><![CDATA[java.lang.IllegalStateException: No table named 'public.test_121_b'
]]></error>
    <system-out><![CDATA[23:58:10.150 [main] DEBUG org.angnysa.autodb.metadata.jdbc.loader.AbstractJdbcMetadataLoaderTester - Target table: TEST_M2M_A
23:58:10.150 [main] DEBUG org.angnysa.autodb.metadata.jdbc.loader.AbstractJdbcMetadataLoaderTester - Expected Relations: [ExpectedRelation(name=FK_TEST_M2M_REL_A, type=ManyToMany, mandatory=false, referencingColumns=[ID1, ID2], referencedTable=TEST_M2M_B, referencedColumns=[ID1, ID2])]
23:58:10.164 [main] TRACE org.angnysa.autodb.metadata.jdbc.loader.JdbcMetadataLoader - Column loaded: public.test_121_a :: JdbcColumn id1 int4(mandatory, len < 10) 
23:58:10.164 [main] TRACE org.angnysa.autodb.metadata.jdbc.loader.JdbcMetadataLoader - Column loaded: public.test_121_a :: JdbcColumn id2 int4(mandatory, len < 10) 
23:58:10.167 [main] TRACE org.angnysa.autodb.metadata.jdbc.loader.JdbcMetadataLoader - Index loaded: public.test_121_a :: JdbcUniqueIndex [unique] name: 'pk_test_121_a', columns: ('id1', 'id2')
23:58:10.169 [main] TRACE org.angnysa.autodb.metadata.jdbc.loader.JdbcMetadataLoader - Primary Key loaded: public.test_121_a :: JdbcUniqueIndex [unique] name: 'pk_test_121_a', columns: ('id1', 'id2')
23:58:10.169 [main] TRACE org.angnysa.autodb.metadata.jdbc.loader.JdbcMetadataLoader - Table loaded:
[!!!org.angnysa.autodb.metadata.jdbc.JdbcTable@4a270796=>java.lang.NullPointerException:Cannot invoke "org.angnysa.autodb.metadata.jdbc.JdbcDatabase.getRelations(org.angnysa.autodb.metadata.jdbc.JdbcTable)" because "this.database" is null!!!]
23:58:10.172 [main] TRACE org.angnysa.autodb.metadata.jdbc.loader.JdbcMetadataLoader - Column loaded: public.test_121_b :: JdbcColumn id1 int4(mandatory, len < 10) 
23:58:10.173 [main] TRACE org.angnysa.autodb.metadata.jdbc.loader.JdbcMetadataLoader - Column loaded: public.test_121_b :: JdbcColumn id2 int4(mandatory, len < 10) 
23:58:10.173 [main] TRACE org.angnysa.autodb.metadata.jdbc.loader.JdbcMetadataLoader - Column loaded: public.test_121_b :: JdbcColumn a_id1 int4(mandatory, len < 10) 
23:58:10.173 [main] TRACE org.angnysa.autodb.metadata.jdbc.loader.JdbcMetadataLoader - Column loaded: public.test_121_b :: JdbcColumn a_id2 int4(mandatory, len < 10) 
23:58:10.175 [main] TRACE org.angnysa.autodb.metadata.jdbc.loader.JdbcMetadataLoader - Index loaded: public.test_121_b :: JdbcUniqueIndex [unique] name: 'pk_test_121_b', columns: ('id1', 'id2')
23:58:10.175 [main] TRACE org.angnysa.autodb.metadata.jdbc.loader.JdbcMetadataLoader - Index loaded: public.test_121_b :: JdbcUniqueIndex [unique] name: 'uk_test_121_b', columns: ('a_id1', 'a_id2')
23:58:10.177 [main] TRACE org.angnysa.autodb.metadata.jdbc.loader.JdbcMetadataLoader - Primary Key loaded: public.test_121_b :: JdbcUniqueIndex [unique] name: 'pk_test_121_b', columns: ('id1', 'id2')
23:58:10.177 [main] TRACE org.angnysa.autodb.metadata.jdbc.loader.JdbcMetadataLoader - Table loaded:
[!!!org.angnysa.autodb.metadata.jdbc.JdbcTable@14df8bee=>java.lang.NullPointerException:Cannot invoke "org.angnysa.autodb.metadata.jdbc.JdbcDatabase.getRelations(org.angnysa.autodb.metadata.jdbc.JdbcTable)" because "this.database" is null!!!]
23:58:10.180 [main] TRACE org.angnysa.autodb.metadata.jdbc.loader.JdbcMetadataLoader - Column loaded: public.test_m21_a :: JdbcColumn id1 int4(mandatory, len < 10) 
23:58:10.181 [main] TRACE org.angnysa.autodb.metadata.jdbc.loader.JdbcMetadataLoader - Column loaded: public.test_m21_a :: JdbcColumn id2 int4(mandatory, len < 10) 
23:58:10.182 [main] TRACE org.angnysa.autodb.metadata.jdbc.loader.JdbcMetadataLoader - Index loaded: public.test_m21_a :: JdbcUniqueIndex [unique] name: 'pk_test_m21_a', columns: ('id1', 'id2')
23:58:10.184 [main] TRACE org.angnysa.autodb.metadata.jdbc.loader.JdbcMetadataLoader - Primary Key loaded: public.test_m21_a :: JdbcUniqueIndex [unique] name: 'pk_test_m21_a', columns: ('id1', 'id2')
23:58:10.185 [main] TRACE org.angnysa.autodb.metadata.jdbc.loader.JdbcMetadataLoader - Table loaded:
[!!!org.angnysa.autodb.metadata.jdbc.JdbcTable@57dcdc14=>java.lang.NullPointerException:Cannot invoke "org.angnysa.autodb.metadata.jdbc.JdbcDatabase.getRelations(org.angnysa.autodb.metadata.jdbc.JdbcTable)" because "this.database" is null!!!]
23:58:10.188 [main] TRACE org.angnysa.autodb.metadata.jdbc.loader.JdbcMetadataLoader - Column loaded: public.test_m21_b :: JdbcColumn id1 int4(mandatory, len < 10) 
23:58:10.188 [main] TRACE org.angnysa.autodb.metadata.jdbc.loader.JdbcMetadataLoader - Column loaded: public.test_m21_b :: JdbcColumn id2 int4(mandatory, len < 10) 
23:58:10.188 [main] TRACE org.angnysa.autodb.metadata.jdbc.loader.JdbcMetadataLoader - Column loaded: public.test_m21_b :: JdbcColumn a_id1 int4(mandatory, len < 10) 
23:58:10.188 [main] TRACE org.angnysa.autodb.metadata.jdbc.loader.JdbcMetadataLoader - Column loaded: public.test_m21_b :: JdbcColumn a_id2 int4(mandatory, len < 10) 
23:58:10.190 [main] TRACE org.angnysa.autodb.metadata.jdbc.loader.JdbcMetadataLoader - Index loaded: public.test_m21_b :: JdbcUniqueIndex [unique] name: 'pk_test_m21_b', columns: ('id1', 'id2')
23:58:10.190 [main] TRACE org.angnysa.autodb.metadata.jdbc.loader.JdbcMetadataLoader - Index loaded: public.test_m21_b :: JdbcIndex [index] name: 'id_test_m21_b_a', columns: ('a_id1', 'a_id2')
23:58:10.192 [main] TRACE org.angnysa.autodb.metadata.jdbc.loader.JdbcMetadataLoader - Primary Key loaded: public.test_m21_b :: JdbcUniqueIndex [unique] name: 'pk_test_m21_b', columns: ('id1', 'id2')
23:58:10.193 [main] TRACE org.angnysa.autodb.metadata.jdbc.loader.JdbcMetadataLoader - Table loaded:
[!!!org.angnysa.autodb.metadata.jdbc.JdbcTable@25607b86=>java.lang.NullPointerException:Cannot invoke "org.angnysa.autodb.metadata.jdbc.JdbcDatabase.getRelations(org.angnysa.autodb.metadata.jdbc.JdbcTable)" because "this.database" is null!!!]
23:58:10.196 [main] TRACE org.angnysa.autodb.metadata.jdbc.loader.JdbcMetadataLoader - Column loaded: public.test_m2m_a :: JdbcColumn id1 int4(mandatory, len < 10) 
23:58:10.196 [main] TRACE org.angnysa.autodb.metadata.jdbc.loader.JdbcMetadataLoader - Column loaded: public.test_m2m_a :: JdbcColumn id2 int4(mandatory, len < 10) 
23:58:10.198 [main] TRACE org.angnysa.autodb.metadata.jdbc.loader.JdbcMetadataLoader - Index loaded: public.test_m2m_a :: JdbcUniqueIndex [unique] name: 'pk_test_m2m_a', columns: ('id1', 'id2')
23:58:10.200 [main] TRACE org.angnysa.autodb.metadata.jdbc.loader.JdbcMetadataLoader - Primary Key loaded: public.test_m2m_a :: JdbcUniqueIndex [unique] name: 'pk_test_m2m_a', columns: ('id1', 'id2')
23:58:10.200 [main] TRACE org.angnysa.autodb.metadata.jdbc.loader.JdbcMetadataLoader - Table loaded:
[!!!org.angnysa.autodb.metadata.jdbc.JdbcTable@5709c30b=>java.lang.NullPointerException:Cannot invoke "org.angnysa.autodb.metadata.jdbc.JdbcDatabase.getRelations(org.angnysa.autodb.metadata.jdbc.JdbcTable)" because "this.database" is null!!!]
23:58:10.203 [main] TRACE org.angnysa.autodb.metadata.jdbc.loader.JdbcMetadataLoader - Column loaded: public.test_m2m_b :: JdbcColumn id1 int4(mandatory, len < 10) 
23:58:10.204 [main] TRACE org.angnysa.autodb.metadata.jdbc.loader.JdbcMetadataLoader - Column loaded: public.test_m2m_b :: JdbcColumn id2 int4(mandatory, len < 10) 
23:58:10.205 [main] TRACE org.angnysa.autodb.metadata.jdbc.loader.JdbcMetadataLoader - Index loaded: public.test_m2m_b :: JdbcUniqueIndex [unique] name: 'pk_test_m2m_b', columns: ('id1', 'id2')
23:58:10.207 [main] TRACE org.angnysa.autodb.metadata.jdbc.loader.JdbcMetadataLoader - Primary Key loaded: public.test_m2m_b :: JdbcUniqueIndex [unique] name: 'pk_test_m2m_b', columns: ('id1', 'id2')
23:58:10.208 [main] TRACE org.angnysa.autodb.metadata.jdbc.loader.JdbcMetadataLoader - Table loaded:
[!!!org.angnysa.autodb.metadata.jdbc.JdbcTable@3fe1a2ff=>java.lang.NullPointerException:Cannot invoke "org.angnysa.autodb.metadata.jdbc.JdbcDatabase.getRelations(org.angnysa.autodb.metadata.jdbc.JdbcTable)" because "this.database" is null!!!]
23:58:10.211 [main] TRACE org.angnysa.autodb.metadata.jdbc.loader.JdbcMetadataLoader - Column loaded: public.test_m2m_rel :: JdbcColumn ab_id1 int4(mandatory, len < 10) 
23:58:10.211 [main] TRACE org.angnysa.autodb.metadata.jdbc.loader.JdbcMetadataLoader - Column loaded: public.test_m2m_rel :: JdbcColumn a_id2 int4(mandatory, len < 10) 
23:58:10.211 [main] TRACE org.angnysa.autodb.metadata.jdbc.loader.JdbcMetadataLoader - Column loaded: public.test_m2m_rel :: JdbcColumn b_id2 int4(mandatory, len < 10) 
23:58:10.213 [main] TRACE org.angnysa.autodb.metadata.jdbc.loader.JdbcMetadataLoader - Index loaded: public.test_m2m_rel :: JdbcUniqueIndex [unique] name: 'pk_test_m2m_rel', columns: ('ab_id1', 'a_id2', 'b_id2')
23:58:10.215 [main] TRACE org.angnysa.autodb.metadata.jdbc.loader.JdbcMetadataLoader - Primary Key loaded: public.test_m2m_rel :: JdbcUniqueIndex [unique] name: 'pk_test_m2m_rel', columns: ('ab_id1', 'a_id2', 'b_id2')
23:58:10.215 [main] TRACE org.angnysa.autodb.metadata.jdbc.loader.JdbcMetadataLoader - Table loaded:
[!!!org.angnysa.autodb.metadata.jdbc.JdbcTable@eecf56b=>java.lang.NullPointerException:Cannot invoke "org.angnysa.autodb.metadata.jdbc.JdbcDatabase.getRelations(org.angnysa.autodb.metadata.jdbc.JdbcTable)" because "this.database" is null!!!]
]]></system-out>
  </testcase>
  <testcase name="testLoadRelations" classname="org.angnysa.autodb.metadata.jdbc.loader.db.TestJdbcMetadataLoader_Postgresql_96" time="0.071">
    <error type="java.lang.IllegalStateException"><![CDATA[java.lang.IllegalStateException: No table named 'public.test_121_b'
]]></error>
    <system-out><![CDATA[23:58:10.232 [main] DEBUG org.angnysa.autodb.metadata.jdbc.loader.AbstractJdbcMetadataLoaderTester - Target table: TEST_M2M_B
23:58:10.232 [main] DEBUG org.angnysa.autodb.metadata.jdbc.loader.AbstractJdbcMetadataLoaderTester - Expected Relations: [ExpectedRelation(name=FK_TEST_M2M_REL_B, type=ManyToMany, mandatory=false, referencingColumns=[ID1, ID2], referencedTable=TEST_M2M_A, referencedColumns=[ID1, ID2])]
23:58:10.246 [main] TRACE org.angnysa.autodb.metadata.jdbc.loader.JdbcMetadataLoader - Column loaded: public.test_121_a :: JdbcColumn id1 int4(mandatory, len < 10) 
23:58:10.246 [main] TRACE org.angnysa.autodb.metadata.jdbc.loader.JdbcMetadataLoader - Column loaded: public.test_121_a :: JdbcColumn id2 int4(mandatory, len < 10) 
23:58:10.248 [main] TRACE org.angnysa.autodb.metadata.jdbc.loader.JdbcMetadataLoader - Index loaded: public.test_121_a :: JdbcUniqueIndex [unique] name: 'pk_test_121_a', columns: ('id1', 'id2')
23:58:10.249 [main] TRACE org.angnysa.autodb.metadata.jdbc.loader.JdbcMetadataLoader - Primary Key loaded: public.test_121_a :: JdbcUniqueIndex [unique] name: 'pk_test_121_a', columns: ('id1', 'id2')
23:58:10.250 [main] TRACE org.angnysa.autodb.metadata.jdbc.loader.JdbcMetadataLoader - Table loaded:
[!!!org.angnysa.autodb.metadata.jdbc.JdbcTable@656605e7=>java.lang.NullPointerException:Cannot invoke "org.angnysa.autodb.metadata.jdbc.JdbcDatabase.getRelations(org.angnysa.autodb.metadata.jdbc.JdbcTable)" because "this.database" is null!!!]
23:58:10.252 [main] TRACE org.angnysa.autodb.metadata.jdbc.loader.JdbcMetadataLoader - Column loaded: public.test_121_b :: JdbcColumn id1 int4(mandatory, len < 10) 
23:58:10.252 [main] TRACE org.angnysa.autodb.metadata.jdbc.loader.JdbcMetadataLoader - Column loaded: public.test_121_b :: JdbcColumn id2 int4(mandatory, len < 10) 
23:58:10.252 [main] TRACE org.angnysa.autodb.metadata.jdbc.loader.JdbcMetadataLoader - Column loaded: public.test_121_b :: JdbcColumn a_id1 int4(mandatory, len < 10) 
23:58:10.252 [main] TRACE org.angnysa.autodb.metadata.jdbc.loader.JdbcMetadataLoader - Column loaded: public.test_121_b :: JdbcColumn a_id2 int4(mandatory, len < 10) 
23:58:10.254 [main] TRACE org.angnysa.autodb.metadata.jdbc.loader.JdbcMetadataLoader - Index loaded: public.test_121_b :: JdbcUniqueIndex [unique] name: 'pk_test_121_b', columns: ('id1', 'id2')
23:58:10.254 [main] TRACE org.angnysa.autodb.metadata.jdbc.loader.JdbcMetadataLoader - Index loaded: public.test_121_b :: JdbcUniqueIndex [unique] name: 'uk_test_121_b', columns: ('a_id1', 'a_id2')
23:58:10.256 [main] TRACE org.angnysa.autodb.metadata.jdbc.loader.JdbcMetadataLoader - Primary Key loaded: public.test_121_b :: JdbcUniqueIndex [unique] name: 'pk_test_121_b', columns: ('id1', 'id2')
23:58:10.256 [main] TRACE org.angnysa.autodb.metadata.jdbc.loader.JdbcMetadataLoader - Table loaded:
[!!!org.angnysa.autodb.metadata.jdbc.JdbcTable@29d8d7a9=>java.lang.NullPointerException:Cannot invoke "org.angnysa.autodb.metadata.jdbc.JdbcDatabase.getRelations(org.angnysa.autodb.metadata.jdbc.JdbcTable)" because "this.database" is null!!!]
23:58:10.259 [main] TRACE org.angnysa.autodb.metadata.jdbc.loader.JdbcMetadataLoader - Column loaded: public.test_m21_a :: JdbcColumn id1 int4(mandatory, len < 10) 
23:58:10.259 [main] TRACE org.angnysa.autodb.metadata.jdbc.loader.JdbcMetadataLoader - Column loaded: public.test_m21_a :: JdbcColumn id2 int4(mandatory, len < 10) 
23:58:10.261 [main] TRACE org.angnysa.autodb.metadata.jdbc.loader.JdbcMetadataLoader - Index loaded: public.test_m21_a :: JdbcUniqueIndex [unique] name: 'pk_test_m21_a', columns: ('id1', 'id2')
23:58:10.262 [main] TRACE org.angnysa.autodb.metadata.jdbc.loader.JdbcMetadataLoader - Primary Key loaded: public.test_m21_a :: JdbcUniqueIndex [unique] name: 'pk_test_m21_a', columns: ('id1', 'id2')
23:58:10.263 [main] TRACE org.angnysa.autodb.metadata.jdbc.loader.JdbcMetadataLoader - Table loaded:
[!!!org.angnysa.autodb.metadata.jdbc.JdbcTable@50798d39=>java.lang.NullPointerException:Cannot invoke "org.angnysa.autodb.metadata.jdbc.JdbcDatabase.getRelations(org.angnysa.autodb.metadata.jdbc.JdbcTable)" because "this.database" is null!!!]
23:58:10.266 [main] TRACE org.angnysa.autodb.metadata.jdbc.loader.JdbcMetadataLoader - Column loaded: public.test_m21_b :: JdbcColumn id1 int4(mandatory, len < 10) 
23:58:10.266 [main] TRACE org.angnysa.autodb.metadata.jdbc.loader.JdbcMetadataLoader - Column loaded: public.test_m21_b :: JdbcColumn id2 int4(mandatory, len < 10) 
23:58:10.266 [main] TRACE org.angnysa.autodb.metadata.jdbc.loader.JdbcMetadataLoader - Column loaded: public.test_m21_b :: JdbcColumn a_id1 int4(mandatory, len < 10) 
23:58:10.266 [main] TRACE org.angnysa.autodb.metadata.jdbc.loader.JdbcMetadataLoader - Column loaded: public.test_m21_b :: JdbcColumn a_id2 int4(mandatory, len < 10) 
23:58:10.268 [main] TRACE org.angnysa.autodb.metadata.jdbc.loader.JdbcMetadataLoader - Index loaded: public.test_m21_b :: JdbcUniqueIndex [unique] name: 'pk_test_m21_b', columns: ('id1', 'id2')
23:58:10.268 [main] TRACE org.angnysa.autodb.metadata.jdbc.loader.JdbcMetadataLoader - Index loaded: public.test_m21_b :: JdbcIndex [index] name: 'id_test_m21_b_a', columns: ('a_id1', 'a_id2')
23:58:10.269 [main] TRACE org.angnysa.autodb.metadata.jdbc.loader.JdbcMetadataLoader - Primary Key loaded: public.test_m21_b :: JdbcUniqueIndex [unique] name: 'pk_test_m21_b', columns: ('id1', 'id2')
23:58:10.270 [main] TRACE org.angnysa.autodb.metadata.jdbc.loader.JdbcMetadataLoader - Table loaded:
[!!!org.angnysa.autodb.metadata.jdbc.JdbcTable@9b8d3db=>java.lang.NullPointerException:Cannot invoke "org.angnysa.autodb.metadata.jdbc.JdbcDatabase.getRelations(org.angnysa.autodb.metadata.jdbc.JdbcTable)" because "this.database" is null!!!]
23:58:10.273 [main] TRACE org.angnysa.autodb.metadata.jdbc.loader.JdbcMetadataLoader - Column loaded: public.test_m2m_a :: JdbcColumn id1 int4(mandatory, len < 10) 
23:58:10.273 [main] TRACE org.angnysa.autodb.metadata.jdbc.loader.JdbcMetadataLoader - Column loaded: public.test_m2m_a :: JdbcColumn id2 int4(mandatory, len < 10) 
23:58:10.275 [main] TRACE org.angnysa.autodb.metadata.jdbc.loader.JdbcMetadataLoader - Index loaded: public.test_m2m_a :: JdbcUniqueIndex [unique] name: 'pk_test_m2m_a', columns: ('id1', 'id2')
23:58:10.276 [main] TRACE org.angnysa.autodb.metadata.jdbc.loader.JdbcMetadataLoader - Primary Key loaded: public.test_m2m_a :: JdbcUniqueIndex [unique] name: 'pk_test_m2m_a', columns: ('id1', 'id2')
23:58:10.277 [main] TRACE org.angnysa.autodb.metadata.jdbc.loader.JdbcMetadataLoader - Table loaded:
[!!!org.angnysa.autodb.metadata.jdbc.JdbcTable@5c24a636=>java.lang.NullPointerException:Cannot invoke "org.angnysa.autodb.metadata.jdbc.JdbcDatabase.getRelations(org.angnysa.autodb.metadata.jdbc.JdbcTable)" because "this.database" is null!!!]
23:58:10.279 [main] TRACE org.angnysa.autodb.metadata.jdbc.loader.JdbcMetadataLoader - Column loaded: public.test_m2m_b :: JdbcColumn id1 int4(mandatory, len < 10) 
23:58:10.280 [main] TRACE org.angnysa.autodb.metadata.jdbc.loader.JdbcMetadataLoader - Column loaded: public.test_m2m_b :: JdbcColumn id2 int4(mandatory, len < 10) 
23:58:10.281 [main] TRACE org.angnysa.autodb.metadata.jdbc.loader.JdbcMetadataLoader - Index loaded: public.test_m2m_b :: JdbcUniqueIndex [unique] name: 'pk_test_m2m_b', columns: ('id1', 'id2')
23:58:10.283 [main] TRACE org.angnysa.autodb.metadata.jdbc.loader.JdbcMetadataLoader - Primary Key loaded: public.test_m2m_b :: JdbcUniqueIndex [unique] name: 'pk_test_m2m_b', columns: ('id1', 'id2')
23:58:10.283 [main] TRACE org.angnysa.autodb.metadata.jdbc.loader.JdbcMetadataLoader - Table loaded:
[!!!org.angnysa.autodb.metadata.jdbc.JdbcTable@332e4784=>java.lang.NullPointerException:Cannot invoke "org.angnysa.autodb.metadata.jdbc.JdbcDatabase.getRelations(org.angnysa.autodb.metadata.jdbc.JdbcTable)" because "this.database" is null!!!]
23:58:10.286 [main] TRACE org.angnysa.autodb.metadata.jdbc.loader.JdbcMetadataLoader - Column loaded: public.test_m2m_rel :: JdbcColumn ab_id1 int4(mandatory, len < 10) 
23:58:10.286 [main] TRACE org.angnysa.autodb.metadata.jdbc.loader.JdbcMetadataLoader - Column loaded: public.test_m2m_rel :: JdbcColumn a_id2 int4(mandatory, len < 10) 
23:58:10.286 [main] TRACE org.angnysa.autodb.metadata.jdbc.loader.JdbcMetadataLoader - Column loaded: public.test_m2m_rel :: JdbcColumn b_id2 int4(mandatory, len < 10) 
23:58:10.288 [main] TRACE org.angnysa.autodb.metadata.jdbc.loader.JdbcMetadataLoader - Index loaded: public.test_m2m_rel :: JdbcUniqueIndex [unique] name: 'pk_test_m2m_rel', columns: ('ab_id1', 'a_id2', 'b_id2')
23:58:10.289 [main] TRACE org.angnysa.autodb.metadata.jdbc.loader.JdbcMetadataLoader - Primary Key loaded: public.test_m2m_rel :: JdbcUniqueIndex [unique] name: 'pk_test_m2m_rel', columns: ('ab_id1', 'a_id2', 'b_id2')
23:58:10.290 [main] TRACE org.angnysa.autodb.metadata.jdbc.loader.JdbcMetadataLoader - Table loaded:
[!!!org.angnysa.autodb.metadata.jdbc.JdbcTable@2f22049d=>java.lang.NullPointerException:Cannot invoke "org.angnysa.autodb.metadata.jdbc.JdbcDatabase.getRelations(org.angnysa.autodb.metadata.jdbc.JdbcTable)" because "this.database" is null!!!]
]]></system-out>
  </testcase>
  <testcase name="testLoadRelations" classname="org.angnysa.autodb.metadata.jdbc.loader.db.TestJdbcMetadataLoader_Postgresql_96" time="0.077">
    <error type="java.lang.IllegalStateException"><![CDATA[java.lang.IllegalStateException: No table named 'public.test_121_b'
]]></error>
    <system-out><![CDATA[23:58:10.304 [main] DEBUG org.angnysa.autodb.metadata.jdbc.loader.AbstractJdbcMetadataLoaderTester - Target table: TEST_M2M_REL
23:58:10.304 [main] DEBUG org.angnysa.autodb.metadata.jdbc.loader.AbstractJdbcMetadataLoaderTester - Expected Relations: []
23:58:10.317 [main] TRACE org.angnysa.autodb.metadata.jdbc.loader.JdbcMetadataLoader - Column loaded: public.test_121_a :: JdbcColumn id1 int4(mandatory, len < 10) 
23:58:10.317 [main] TRACE org.angnysa.autodb.metadata.jdbc.loader.JdbcMetadataLoader - Column loaded: public.test_121_a :: JdbcColumn id2 int4(mandatory, len < 10) 
23:58:10.320 [main] TRACE org.angnysa.autodb.metadata.jdbc.loader.JdbcMetadataLoader - Index loaded: public.test_121_a :: JdbcUniqueIndex [unique] name: 'pk_test_121_a', columns: ('id1', 'id2')
23:58:10.322 [main] TRACE org.angnysa.autodb.metadata.jdbc.loader.JdbcMetadataLoader - Primary Key loaded: public.test_121_a :: JdbcUniqueIndex [unique] name: 'pk_test_121_a', columns: ('id1', 'id2')
23:58:10.322 [main] TRACE org.angnysa.autodb.metadata.jdbc.loader.JdbcMetadataLoader - Table loaded:
[!!!org.angnysa.autodb.metadata.jdbc.JdbcTable@58f45557=>java.lang.NullPointerException:Cannot invoke "org.angnysa.autodb.metadata.jdbc.JdbcDatabase.getRelations(org.angnysa.autodb.metadata.jdbc.JdbcTable)" because "this.database" is null!!!]
23:58:10.325 [main] TRACE org.angnysa.autodb.metadata.jdbc.loader.JdbcMetadataLoader - Column loaded: public.test_121_b :: JdbcColumn id1 int4(mandatory, len < 10) 
23:58:10.325 [main] TRACE org.angnysa.autodb.metadata.jdbc.loader.JdbcMetadataLoader - Column loaded: public.test_121_b :: JdbcColumn id2 int4(mandatory, len < 10) 
23:58:10.325 [main] TRACE org.angnysa.autodb.metadata.jdbc.loader.JdbcMetadataLoader - Column loaded: public.test_121_b :: JdbcColumn a_id1 int4(mandatory, len < 10) 
23:58:10.326 [main] TRACE org.angnysa.autodb.metadata.jdbc.loader.JdbcMetadataLoader - Column loaded: public.test_121_b :: JdbcColumn a_id2 int4(mandatory, len < 10) 
23:58:10.328 [main] TRACE org.angnysa.autodb.metadata.jdbc.loader.JdbcMetadataLoader - Index loaded: public.test_121_b :: JdbcUniqueIndex [unique] name: 'pk_test_121_b', columns: ('id1', 'id2')
23:58:10.328 [main] TRACE org.angnysa.autodb.metadata.jdbc.loader.JdbcMetadataLoader - Index loaded: public.test_121_b :: JdbcUniqueIndex [unique] name: 'uk_test_121_b', columns: ('a_id1', 'a_id2')
23:58:10.329 [main] TRACE org.angnysa.autodb.metadata.jdbc.loader.JdbcMetadataLoader - Primary Key loaded: public.test_121_b :: JdbcUniqueIndex [unique] name: 'pk_test_121_b', columns: ('id1', 'id2')
23:58:10.330 [main] TRACE org.angnysa.autodb.metadata.jdbc.loader.JdbcMetadataLoader - Table loaded:
[!!!org.angnysa.autodb.metadata.jdbc.JdbcTable@674db438=>java.lang.NullPointerException:Cannot invoke "org.angnysa.autodb.metadata.jdbc.JdbcDatabase.getRelations(org.angnysa.autodb.metadata.jdbc.JdbcTable)" because "this.database" is null!!!]
23:58:10.333 [main] TRACE org.angnysa.autodb.metadata.jdbc.loader.JdbcMetadataLoader - Column loaded: public.test_m21_a :: JdbcColumn id1 int4(mandatory, len < 10) 
23:58:10.333 [main] TRACE org.angnysa.autodb.metadata.jdbc.loader.JdbcMetadataLoader - Column loaded: public.test_m21_a :: JdbcColumn id2 int4(mandatory, len < 10) 
23:58:10.335 [main] TRACE org.angnysa.autodb.metadata.jdbc.loader.JdbcMetadataLoader - Index loaded: public.test_m21_a :: JdbcUniqueIndex [unique] name: 'pk_test_m21_a', columns: ('id1', 'id2')
23:58:10.337 [main] TRACE org.angnysa.autodb.metadata.jdbc.loader.JdbcMetadataLoader - Primary Key loaded: public.test_m21_a :: JdbcUniqueIndex [unique] name: 'pk_test_m21_a', columns: ('id1', 'id2')
23:58:10.337 [main] TRACE org.angnysa.autodb.metadata.jdbc.loader.JdbcMetadataLoader - Table loaded:
[!!!org.angnysa.autodb.metadata.jdbc.JdbcTable@5e5af20c=>java.lang.NullPointerException:Cannot invoke "org.angnysa.autodb.metadata.jdbc.JdbcDatabase.getRelations(org.angnysa.autodb.metadata.jdbc.JdbcTable)" because "this.database" is null!!!]
23:58:10.340 [main] TRACE org.angnysa.autodb.metadata.jdbc.loader.JdbcMetadataLoader - Column loaded: public.test_m21_b :: JdbcColumn id1 int4(mandatory, len < 10) 
23:58:10.340 [main] TRACE org.angnysa.autodb.metadata.jdbc.loader.JdbcMetadataLoader - Column loaded: public.test_m21_b :: JdbcColumn id2 int4(mandatory, len < 10) 
23:58:10.340 [main] TRACE org.angnysa.autodb.metadata.jdbc.loader.JdbcMetadataLoader - Column loaded: public.test_m21_b :: JdbcColumn a_id1 int4(mandatory, len < 10) 
23:58:10.340 [main] TRACE org.angnysa.autodb.metadata.jdbc.loader.JdbcMetadataLoader - Column loaded: public.test_m21_b :: JdbcColumn a_id2 int4(mandatory, len < 10) 
23:58:10.342 [main] TRACE org.angnysa.autodb.metadata.jdbc.loader.JdbcMetadataLoader - Index loaded: public.test_m21_b :: JdbcUniqueIndex [unique] name: 'pk_test_m21_b', columns: ('id1', 'id2')
23:58:10.342 [main] TRACE org.angnysa.autodb.metadata.jdbc.loader.JdbcMetadataLoader - Index loaded: public.test_m21_b :: JdbcIndex [index] name: 'id_test_m21_b_a', columns: ('a_id1', 'a_id2')
23:58:10.344 [main] TRACE org.angnysa.autodb.metadata.jdbc.loader.JdbcMetadataLoader - Primary Key loaded: public.test_m21_b :: JdbcUniqueIndex [unique] name: 'pk_test_m21_b', columns: ('id1', 'id2')
23:58:10.344 [main] TRACE org.angnysa.autodb.metadata.jdbc.loader.JdbcMetadataLoader - Table loaded:
[!!!org.angnysa.autodb.metadata.jdbc.JdbcTable@7e41e1e4=>java.lang.NullPointerException:Cannot invoke "org.angnysa.autodb.metadata.jdbc.JdbcDatabase.getRelations(org.angnysa.autodb.metadata.jdbc.JdbcTable)" because "this.database" is null!!!]
23:58:10.347 [main] TRACE org.angnysa.autodb.metadata.jdbc.loader.JdbcMetadataLoader - Column loaded: public.test_m2m_a :: JdbcColumn id1 int4(mandatory, len < 10) 
23:58:10.347 [main] TRACE org.angnysa.autodb.metadata.jdbc.loader.JdbcMetadataLoader - Column loaded: public.test_m2m_a :: JdbcColumn id2 int4(mandatory, len < 10) 
23:58:10.349 [main] TRACE org.angnysa.autodb.metadata.jdbc.loader.JdbcMetadataLoader - Index loaded: public.test_m2m_a :: JdbcUniqueIndex [unique] name: 'pk_test_m2m_a', columns: ('id1', 'id2')
23:58:10.351 [main] TRACE org.angnysa.autodb.metadata.jdbc.loader.JdbcMetadataLoader - Primary Key loaded: public.test_m2m_a :: JdbcUniqueIndex [unique] name: 'pk_test_m2m_a', columns: ('id1', 'id2')
23:58:10.351 [main] TRACE org.angnysa.autodb.metadata.jdbc.loader.JdbcMetadataLoader - Table loaded:
[!!!org.angnysa.autodb.metadata.jdbc.JdbcTable@4e55d96=>java.lang.NullPointerException:Cannot invoke "org.angnysa.autodb.metadata.jdbc.JdbcDatabase.getRelations(org.angnysa.autodb.metadata.jdbc.JdbcTable)" because "this.database" is null!!!]
23:58:10.354 [main] TRACE org.angnysa.autodb.metadata.jdbc.loader.JdbcMetadataLoader - Column loaded: public.test_m2m_b :: JdbcColumn id1 int4(mandatory, len < 10) 
23:58:10.354 [main] TRACE org.angnysa.autodb.metadata.jdbc.loader.JdbcMetadataLoader - Column loaded: public.test_m2m_b :: JdbcColumn id2 int4(mandatory, len < 10) 
23:58:10.356 [main] TRACE org.angnysa.autodb.metadata.jdbc.loader.JdbcMetadataLoader - Index loaded: public.test_m2m_b :: JdbcUniqueIndex [unique] name: 'pk_test_m2m_b', columns: ('id1', 'id2')
23:58:10.357 [main] TRACE org.angnysa.autodb.metadata.jdbc.loader.JdbcMetadataLoader - Primary Key loaded: public.test_m2m_b :: JdbcUniqueIndex [unique] name: 'pk_test_m2m_b', columns: ('id1', 'id2')
23:58:10.358 [main] TRACE org.angnysa.autodb.metadata.jdbc.loader.JdbcMetadataLoader - Table loaded:
[!!!org.angnysa.autodb.metadata.jdbc.JdbcTable@e83d546=>java.lang.NullPointerException:Cannot invoke "org.angnysa.autodb.metadata.jdbc.JdbcDatabase.getRelations(org.angnysa.autodb.metadata.jdbc.JdbcTable)" because "this.database" is null!!!]
23:58:10.361 [main] TRACE org.angnysa.autodb.metadata.jdbc.loader.JdbcMetadataLoader - Column loaded: public.test_m2m_rel :: JdbcColumn ab_id1 int4(mandatory, len < 10) 
23:58:10.361 [main] TRACE org.angnysa.autodb.metadata.jdbc.loader.JdbcMetadataLoader - Column loaded: public.test_m2m_rel :: JdbcColumn a_id2 int4(mandatory, len < 10) 
23:58:10.361 [main] TRACE org.angnysa.autodb.metadata.jdbc.loader.JdbcMetadataLoader - Column loaded: public.test_m2m_rel :: JdbcColumn b_id2 int4(mandatory, len < 10) 
23:58:10.363 [main] TRACE org.angnysa.autodb.metadata.jdbc.loader.JdbcMetadataLoader - Index loaded: public.test_m2m_rel :: JdbcUniqueIndex [unique] name: 'pk_test_m2m_rel', columns: ('ab_id1', 'a_id2', 'b_id2')
23:58:10.364 [main] TRACE org.angnysa.autodb.metadata.jdbc.loader.JdbcMetadataLoader - Primary Key loaded: public.test_m2m_rel :: JdbcUniqueIndex [unique] name: 'pk_test_m2m_rel', columns: ('ab_id1', 'a_id2', 'b_id2')
23:58:10.364 [main] TRACE org.angnysa.autodb.metadata.jdbc.loader.JdbcMetadataLoader - Table loaded:
[!!!org.angnysa.autodb.metadata.jdbc.JdbcTable@7408c08=>java.lang.NullPointerException:Cannot invoke "org.angnysa.autodb.metadata.jdbc.JdbcDatabase.getRelations(org.angnysa.autodb.metadata.jdbc.JdbcTable)" because "this.database" is null!!!]
]]></system-out>
  </testcase>
  <testcase name="testLoadTables" classname="org.angnysa.autodb.metadata.jdbc.loader.db.TestJdbcMetadataLoader_Postgresql_96" time="0.063">
    <failure type="org.opentest4j.AssertionFailedError"><![CDATA[org.opentest4j.AssertionFailedError: expected: <TEST_121_A> but was: <test_121_a>
]]></failure>
[...]
23:58:11.215 [main] TRACE org.angnysa.autodb.metadata.jdbc.loader.JdbcMetadataLoader - Column loaded: public.test_m2m_rel :: JdbcColumn b_id2 int4(mandatory, len < 10) 
23:58:11.216 [main] TRACE org.angnysa.autodb.metadata.jdbc.loader.JdbcMetadataLoader - Index loaded: public.test_m2m_rel :: JdbcUniqueIndex [unique] name: 'pk_test_m2m_rel', columns: ('ab_id1', 'a_id2', 'b_id2')
23:58:11.217 [main] TRACE org.angnysa.autodb.metadata.jdbc.loader.JdbcMetadataLoader - Primary Key loaded: public.test_m2m_rel :: JdbcUniqueIndex [unique] name: 'pk_test_m2m_rel', columns: ('ab_id1', 'a_id2', 'b_id2')
23:58:11.217 [main] TRACE org.angnysa.autodb.metadata.jdbc.loader.JdbcMetadataLoader - Table loaded:
[!!!org.angnysa.autodb.metadata.jdbc.JdbcTable@4a3e3ce3=>java.lang.NullPointerException:Cannot invoke "org.angnysa.autodb.metadata.jdbc.JdbcDatabase.getRelations(org.angnysa.autodb.metadata.jdbc.JdbcTable)" because "this.database" is null!!!]
]]></system-out>
  </testcase>
  <testcase name="testLoadForeignKeys" classname="org.angnysa.autodb.metadata.jdbc.loader.db.TestJdbcMetadataLoader_Postgresql_96" time="0.04">
    <system-out><![CDATA[23:58:11.223 [main] DEBUG org.angnysa.autodb.metadata.jdbc.loader.AbstractJdbcMetadataLoaderTester - Target table: TEST_M2M_B
23:58:11.223 [main] DEBUG org.angnysa.autodb.metadata.jdbc.loader.AbstractJdbcMetadataLoaderTester - Expected Foreign Keys: []
23:58:11.232 [main] TRACE org.angnysa.autodb.metadata.jdbc.loader.JdbcMetadataLoader - Column loaded: public.test_121_a :: JdbcColumn id1 int4(mandatory, len < 10) 
23:58:11.232 [main] TRACE org.angnysa.autodb.metadata.jdbc.loader.JdbcMetadataLoader - Column loaded: public.test_121_a :: JdbcColumn id2 int4(mandatory, len < 10) 
23:58:11.233 [main] TRACE org.angnysa.autodb.metadata.jdbc.loader.JdbcMetadataLoader - Index loaded: public.test_121_a :: JdbcUniqueIndex [unique] name: 'pk_test_121_a', columns: ('id1', 'id2')
23:58:11.234 [main] TRACE org.angnysa.autodb.metadata.jdbc.loader.JdbcMetadataLoader - Primary Key loaded: public.test_121_a :: JdbcUniqueIndex [unique] name: 'pk_test_121_a', columns: ('id1', 'id2')
23:58:11.234 [main] TRACE org.angnysa.autodb.metadata.jdbc.loader.JdbcMetadataLoader - Table loaded:
[!!!org.angnysa.autodb.metadata.jdbc.JdbcTable@714ab3a1=>java.lang.NullPointerException:Cannot invoke "org.angnysa.autodb.metadata.jdbc.JdbcDatabase.getRelations(org.angnysa.autodb.metadata.jdbc.JdbcTable)" because "this.database" is null!!!]
23:58:11.236 [main] TRACE org.angnysa.autodb.metadata.jdbc.loader.JdbcMetadataLoader - Column loaded: public.test_121_b :: JdbcColumn id1 int4(mandatory, len < 10) 
23:58:11.236 [main] TRACE org.angnysa.autodb.metadata.jdbc.loader.JdbcMetadataLoader - Column loaded: public.test_121_b :: JdbcColumn id2 int4(mandatory, len < 10) 
23:58:11.236 [main] TRACE org.angnysa.autodb.metadata.jdbc.loader.JdbcMetadataLoader - Column loaded: public.test_121_b :: JdbcColumn a_id1 int4(mandatory, len < 10) 
23:58:11.236 [main] TRACE org.angnysa.autodb.metadata.jdbc.loader.JdbcMetadataLoader - Column loaded: public.test_121_b :: JdbcColumn a_id2 int4(mandatory, len < 10) 
23:58:11.237 [main] TRACE org.angnysa.autodb.metadata.jdbc.loader.JdbcMetadataLoader - Index loaded: public.test_121_b :: JdbcUniqueIndex [unique] name: 'pk_test_121_b', columns: ('id1', 'id2')
23:58:11.237 [main] TRACE org.angnysa.autodb.metadata.jdbc.loader.JdbcMetadataLoader - Index loaded: public.test_121_b :: JdbcUniqueIndex [unique] name: 'uk_test_121_b', columns: ('a_id1', 'a_id2')
23:58:11.238 [main] TRACE org.angnysa.autodb.metadata.jdbc.loader.JdbcMetadataLoader - Primary Key loaded: public.test_121_b :: JdbcUniqueIndex [unique] name: 'pk_test_121_b', columns: ('id1', 'id2')
23:58:11.238 [main] TRACE org.angnysa.autodb.metadata.jdbc.loader.JdbcMetadataLoader - Table loaded:
[!!!org.angnysa.autodb.metadata.jdbc.JdbcTable@4aa8504f=>java.lang.NullPointerException:Cannot invoke "org.angnysa.autodb.metadata.jdbc.JdbcDatabase.getRelations(org.angnysa.autodb.metadata.jdbc.JdbcTable)" because "this.database" is null!!!]
23:58:11.240 [main] TRACE org.angnysa.autodb.metadata.jdbc.loader.JdbcMetadataLoader - Column loaded: public.test_m21_a :: JdbcColumn id1 int4(mandatory, len < 10) 
23:58:11.240 [main] TRACE org.angnysa.autodb.metadata.jdbc.loader.JdbcMetadataLoader - Column loaded: public.test_m21_a :: JdbcColumn id2 int4(mandatory, len < 10) 
23:58:11.241 [main] TRACE org.angnysa.autodb.metadata.jdbc.loader.JdbcMetadataLoader - Index loaded: public.test_m21_a :: JdbcUniqueIndex [unique] name: 'pk_test_m21_a', columns: ('id1', 'id2')
23:58:11.241 [main] TRACE org.angnysa.autodb.metadata.jdbc.loader.JdbcMetadataLoader - Primary Key loaded: public.test_m21_a :: JdbcUniqueIndex [unique] name: 'pk_test_m21_a', columns: ('id1', 'id2')
23:58:11.242 [main] TRACE org.angnysa.autodb.metadata.jdbc.loader.JdbcMetadataLoader - Table loaded:
[!!!org.angnysa.autodb.metadata.jdbc.JdbcTable@7d2aa0c=>java.lang.NullPointerException:Cannot invoke "org.angnysa.autodb.metadata.jdbc.JdbcDatabase.getRelations(org.angnysa.autodb.metadata.jdbc.JdbcTable)" because "this.database" is null!!!]
23:58:11.243 [main] TRACE org.angnysa.autodb.metadata.jdbc.loader.JdbcMetadataLoader - Column loaded: public.test_m21_b :: JdbcColumn id1 int4(mandatory, len < 10) 
23:58:11.243 [main] TRACE org.angnysa.autodb.metadata.jdbc.loader.JdbcMetadataLoader - Column loaded: public.test_m21_b :: JdbcColumn id2 int4(mandatory, len < 10) 
23:58:11.243 [main] TRACE org.angnysa.autodb.metadata.jdbc.loader.JdbcMetadataLoader - Column loaded: public.test_m21_b :: JdbcColumn a_id1 int4(mandatory, len < 10) 
23:58:11.243 [main] TRACE org.angnysa.autodb.metadata.jdbc.loader.JdbcMetadataLoader - Column loaded: public.test_m21_b :: JdbcColumn a_id2 int4(mandatory, len < 10) 
23:58:11.244 [main] TRACE org.angnysa.autodb.metadata.jdbc.loader.JdbcMetadataLoader - Index loaded: public.test_m21_b :: JdbcUniqueIndex [unique] name: 'pk_test_m21_b', columns: ('id1', 'id2')
23:58:11.244 [main] TRACE org.angnysa.autodb.metadata.jdbc.loader.JdbcMetadataLoader - Index loaded: public.test_m21_b :: JdbcIndex [index] name: 'id_test_m21_b_a', columns: ('a_id1', 'a_id2')
23:58:11.245 [main] TRACE org.angnysa.autodb.metadata.jdbc.loader.JdbcMetadataLoader - Primary Key loaded: public.test_m21_b :: JdbcUniqueIndex [unique] name: 'pk_test_m21_b', columns: ('id1', 'id2')
23:58:11.245 [main] TRACE org.angnysa.autodb.metadata.jdbc.loader.JdbcMetadataLoader - Table loaded:
[!!!org.angnysa.autodb.metadata.jdbc.JdbcTable@5282f922=>java.lang.NullPointerException:Cannot invoke "org.angnysa.autodb.metadata.jdbc.JdbcDatabase.getRelations(org.angnysa.autodb.metadata.jdbc.JdbcTable)" because "this.database" is null!!!]
23:58:11.247 [main] TRACE org.angnysa.autodb.metadata.jdbc.loader.JdbcMetadataLoader - Column loaded: public.test_m2m_a :: JdbcColumn id1 int4(mandatory, len < 10) 
23:58:11.247 [main] TRACE org.angnysa.autodb.metadata.jdbc.loader.JdbcMetadataLoader - Column loaded: public.test_m2m_a :: JdbcColumn id2 int4(mandatory, len < 10) 
23:58:11.248 [main] TRACE org.angnysa.autodb.metadata.jdbc.loader.JdbcMetadataLoader - Index loaded: public.test_m2m_a :: JdbcUniqueIndex [unique] name: 'pk_test_m2m_a', columns: ('id1', 'id2')
23:58:11.249 [main] TRACE org.angnysa.autodb.metadata.jdbc.loader.JdbcMetadataLoader - Primary Key loaded: public.test_m2m_a :: JdbcUniqueIndex [unique] name: 'pk_test_m2m_a', columns: ('id1', 'id2')
23:58:11.249 [main] TRACE org.angnysa.autodb.metadata.jdbc.loader.JdbcMetadataLoader - Table loaded:
[!!!org.angnysa.autodb.metadata.jdbc.JdbcTable@76f18f68=>java.lang.NullPointerException:Cannot invoke "org.angnysa.autodb.metadata.jdbc.JdbcDatabase.getRelations(org.angnysa.autodb.metadata.jdbc.JdbcTable)" because "this.database" is null!!!]
23:58:11.251 [main] TRACE org.angnysa.autodb.metadata.jdbc.loader.JdbcMetadataLoader - Column loaded: public.test_m2m_b :: JdbcColumn id1 int4(mandatory, len < 10) 
23:58:11.251 [main] TRACE org.angnysa.autodb.metadata.jdbc.loader.JdbcMetadataLoader - Column loaded: public.test_m2m_b :: JdbcColumn id2 int4(mandatory, len < 10) 
23:58:11.252 [main] TRACE org.angnysa.autodb.metadata.jdbc.loader.JdbcMetadataLoader - Index loaded: public.test_m2m_b :: JdbcUniqueIndex [unique] name: 'pk_test_m2m_b', columns: ('id1', 'id2')
23:58:11.253 [main] TRACE org.angnysa.autodb.metadata.jdbc.loader.JdbcMetadataLoader - Primary Key loaded: public.test_m2m_b :: JdbcUniqueIndex [unique] name: 'pk_test_m2m_b', columns: ('id1', 'id2')
23:58:11.253 [main] TRACE org.angnysa.autodb.metadata.jdbc.loader.JdbcMetadataLoader - Table loaded:
[!!!org.angnysa.autodb.metadata.jdbc.JdbcTable@7e5383d1=>java.lang.NullPointerException:Cannot invoke "org.angnysa.autodb.metadata.jdbc.JdbcDatabase.getRelations(org.angnysa.autodb.metadata.jdbc.JdbcTable)" because "this.database" is null!!!]
23:58:11.255 [main] TRACE org.angnysa.autodb.metadata.jdbc.loader.JdbcMetadataLoader - Column loaded: public.test_m2m_rel :: JdbcColumn ab_id1 int4(mandatory, len < 10) 
23:58:11.255 [main] TRACE org.angnysa.autodb.metadata.jdbc.loader.JdbcMetadataLoader - Column loaded: public.test_m2m_rel :: JdbcColumn a_id2 int4(mandatory, len < 10) 
23:58:11.255 [main] TRACE org.angnysa.autodb.metadata.jdbc.loader.JdbcMetadataLoader - Column loaded: public.test_m2m_rel :: JdbcColumn b_id2 int4(mandatory, len < 10) 
23:58:11.256 [main] TRACE org.angnysa.autodb.metadata.jdbc.loader.JdbcMetadataLoader - Index loaded: public.test_m2m_rel :: JdbcUniqueIndex [unique] name: 'pk_test_m2m_rel', columns: ('ab_id1', 'a_id2', 'b_id2')
23:58:11.257 [main] TRACE org.angnysa.autodb.metadata.jdbc.loader.JdbcMetadataLoader - Primary Key loaded: public.test_m2m_rel :: JdbcUniqueIndex [unique] name: 'pk_test_m2m_rel', columns: ('ab_id1', 'a_id2', 'b_id2')
23:58:11.257 [main] TRACE org.angnysa.autodb.metadata.jdbc.loader.JdbcMetadataLoader - Table loaded:
[!!!org.angnysa.autodb.metadata.jdbc.JdbcTable@6c43d4dd=>java.lang.NullPointerException:Cannot invoke "org.angnysa.autodb.metadata.jdbc.JdbcDatabase.getRelations(org.angnysa.autodb.metadata.jdbc.JdbcTable)" because "this.database" is null!!!]
]]></system-out>
  </testcase>
  <testcase name="testLoadForeignKeys" classname="org.angnysa.autodb.metadata.jdbc.loader.db.TestJdbcMetadataLoader_Postgresql_96" time="0.049">
    <error type="java.lang.IllegalStateException"><![CDATA[java.lang.IllegalStateException: No table named 'public.test_m2m_rel'
]]></error>
    <system-out><![CDATA[23:58:11.263 [main] DEBUG org.angnysa.autodb.metadata.jdbc.loader.AbstractJdbcMetadataLoaderTester - Target table: TEST_M2M_REL
23:58:11.263 [main] DEBUG org.angnysa.autodb.metadata.jdbc.loader.AbstractJdbcMetadataLoaderTester - Expected Foreign Keys: [ExpectedForeignKey(name=FK_TEST_M2M_REL_A, mandatory=true, referencingColumns=[AB_ID1, A_ID2], referencedTable=TEST_M2M_A, referencedColumns=[ID1, ID2]), ExpectedForeignKey(name=FK_TEST_M2M_REL_B, mandatory=true, referencingColumns=[AB_ID1, B_ID2], referencedTable=TEST_M2M_B, referencedColumns=[ID1, ID2])]
23:58:11.273 [main] TRACE org.angnysa.autodb.metadata.jdbc.loader.JdbcMetadataLoader - Column loaded: public.test_121_a :: JdbcColumn id1 int4(mandatory, len < 10) 
23:58:11.273 [main] TRACE org.angnysa.autodb.metadata.jdbc.loader.JdbcMetadataLoader - Column loaded: public.test_121_a :: JdbcColumn id2 int4(mandatory, len < 10) 
23:58:11.275 [main] TRACE org.angnysa.autodb.metadata.jdbc.loader.JdbcMetadataLoader - Index loaded: public.test_121_a :: JdbcUniqueIndex [unique] name: 'pk_test_121_a', columns: ('id1', 'id2')
23:58:11.276 [main] TRACE org.angnysa.autodb.metadata.jdbc.loader.JdbcMetadataLoader - Primary Key loaded: public.test_121_a :: JdbcUniqueIndex [unique] name: 'pk_test_121_a', columns: ('id1', 'id2')
23:58:11.276 [main] TRACE org.angnysa.autodb.metadata.jdbc.loader.JdbcMetadataLoader - Table loaded:
[!!!org.angnysa.autodb.metadata.jdbc.JdbcTable@198453c9=>java.lang.NullPointerException:Cannot invoke "org.angnysa.autodb.metadata.jdbc.JdbcDatabase.getRelations(org.angnysa.autodb.metadata.jdbc.JdbcTable)" because "this.database" is null!!!]
23:58:11.278 [main] TRACE org.angnysa.autodb.metadata.jdbc.loader.JdbcMetadataLoader - Column loaded: public.test_121_b :: JdbcColumn id1 int4(mandatory, len < 10) 
23:58:11.278 [main] TRACE org.angnysa.autodb.metadata.jdbc.loader.JdbcMetadataLoader - Column loaded: public.test_121_b :: JdbcColumn id2 int4(mandatory, len < 10) 
23:58:11.278 [main] TRACE org.angnysa.autodb.metadata.jdbc.loader.JdbcMetadataLoader - Column loaded: public.test_121_b :: JdbcColumn a_id1 int4(mandatory, len < 10) 
23:58:11.278 [main] TRACE org.angnysa.autodb.metadata.jdbc.loader.JdbcMetadataLoader - Column loaded: public.test_121_b :: JdbcColumn a_id2 int4(mandatory, len < 10) 
23:58:11.279 [main] TRACE org.angnysa.autodb.metadata.jdbc.loader.JdbcMetadataLoader - Index loaded: public.test_121_b :: JdbcUniqueIndex [unique] name: 'pk_test_121_b', columns: ('id1', 'id2')
23:58:11.279 [main] TRACE org.angnysa.autodb.metadata.jdbc.loader.JdbcMetadataLoader - Index loaded: public.test_121_b :: JdbcUniqueIndex [unique] name: 'uk_test_121_b', columns: ('a_id1', 'a_id2')
23:58:11.280 [main] TRACE org.angnysa.autodb.metadata.jdbc.loader.JdbcMetadataLoader - Primary Key loaded: public.test_121_b :: JdbcUniqueIndex [unique] name: 'pk_test_121_b', columns: ('id1', 'id2')
23:58:11.280 [main] TRACE org.angnysa.autodb.metadata.jdbc.loader.JdbcMetadataLoader - Table loaded:
[!!!org.angnysa.autodb.metadata.jdbc.JdbcTable@772ccecf=>java.lang.NullPointerException:Cannot invoke "org.angnysa.autodb.metadata.jdbc.JdbcDatabase.getRelations(org.angnysa.autodb.metadata.jdbc.JdbcTable)" because "this.database" is null!!!]
23:58:11.282 [main] TRACE org.angnysa.autodb.metadata.jdbc.loader.JdbcMetadataLoader - Column loaded: public.test_m21_a :: JdbcColumn id1 int4(mandatory, len < 10) 
23:58:11.282 [main] TRACE org.angnysa.autodb.metadata.jdbc.loader.JdbcMetadataLoader - Column loaded: public.test_m21_a :: JdbcColumn id2 int4(mandatory, len < 10) 
23:58:11.283 [main] TRACE org.angnysa.autodb.metadata.jdbc.loader.JdbcMetadataLoader - Index loaded: public.test_m21_a :: JdbcUniqueIndex [unique] name: 'pk_test_m21_a', columns: ('id1', 'id2')
23:58:11.284 [main] TRACE org.angnysa.autodb.metadata.jdbc.loader.JdbcMetadataLoader - Primary Key loaded: public.test_m21_a :: JdbcUniqueIndex [unique] name: 'pk_test_m21_a', columns: ('id1', 'id2')
23:58:11.285 [main] TRACE org.angnysa.autodb.metadata.jdbc.loader.JdbcMetadataLoader - Table loaded:
[!!!org.angnysa.autodb.metadata.jdbc.JdbcTable@479a2453=>java.lang.NullPointerException:Cannot invoke "org.angnysa.autodb.metadata.jdbc.JdbcDatabase.getRelations(org.angnysa.autodb.metadata.jdbc.JdbcTable)" because "this.database" is null!!!]
23:58:11.287 [main] TRACE org.angnysa.autodb.metadata.jdbc.loader.JdbcMetadataLoader - Column loaded: public.test_m21_b :: JdbcColumn id1 int4(mandatory, len < 10) 
23:58:11.287 [main] TRACE org.angnysa.autodb.metadata.jdbc.loader.JdbcMetadataLoader - Column loaded: public.test_m21_b :: JdbcColumn id2 int4(mandatory, len < 10) 
23:58:11.287 [main] TRACE org.angnysa.autodb.metadata.jdbc.loader.JdbcMetadataLoader - Column loaded: public.test_m21_b :: JdbcColumn a_id1 int4(mandatory, len < 10) 
23:58:11.287 [main] TRACE org.angnysa.autodb.metadata.jdbc.loader.JdbcMetadataLoader - Column loaded: public.test_m21_b :: JdbcColumn a_id2 int4(mandatory, len < 10) 
23:58:11.288 [main] TRACE org.angnysa.autodb.metadata.jdbc.loader.JdbcMetadataLoader - Index loaded: public.test_m21_b :: JdbcUniqueIndex [unique] name: 'pk_test_m21_b', columns: ('id1', 'id2')
23:58:11.288 [main] TRACE org.angnysa.autodb.metadata.jdbc.loader.JdbcMetadataLoader - Index loaded: public.test_m21_b :: JdbcIndex [index] name: 'id_test_m21_b_a', columns: ('a_id1', 'a_id2')
23:58:11.290 [main] TRACE org.angnysa.autodb.metadata.jdbc.loader.JdbcMetadataLoader - Primary Key loaded: public.test_m21_b :: JdbcUniqueIndex [unique] name: 'pk_test_m21_b', columns: ('id1', 'id2')
23:58:11.290 [main] TRACE org.angnysa.autodb.metadata.jdbc.loader.JdbcMetadataLoader - Table loaded:
[!!!org.angnysa.autodb.metadata.jdbc.JdbcTable@33c7319e=>java.lang.NullPointerException:Cannot invoke "org.angnysa.autodb.metadata.jdbc.JdbcDatabase.getRelations(org.angnysa.autodb.metadata.jdbc.JdbcTable)" because "this.database" is null!!!]
23:58:11.293 [main] TRACE org.angnysa.autodb.metadata.jdbc.loader.JdbcMetadataLoader - Column loaded: public.test_m2m_a :: JdbcColumn id1 int4(mandatory, len < 10) 
23:58:11.293 [main] TRACE org.angnysa.autodb.metadata.jdbc.loader.JdbcMetadataLoader - Column loaded: public.test_m2m_a :: JdbcColumn id2 int4(mandatory, len < 10) 
23:58:11.294 [main] TRACE org.angnysa.autodb.metadata.jdbc.loader.JdbcMetadataLoader - Index loaded: public.test_m2m_a :: JdbcUniqueIndex [unique] name: 'pk_test_m2m_a', columns: ('id1', 'id2')
23:58:11.295 [main] TRACE org.angnysa.autodb.metadata.jdbc.loader.JdbcMetadataLoader - Primary Key loaded: public.test_m2m_a :: JdbcUniqueIndex [unique] name: 'pk_test_m2m_a', columns: ('id1', 'id2')
23:58:11.295 [main] TRACE org.angnysa.autodb.metadata.jdbc.loader.JdbcMetadataLoader - Table loaded:
[!!!org.angnysa.autodb.metadata.jdbc.JdbcTable@8662634=>java.lang.NullPointerException:Cannot invoke "org.angnysa.autodb.metadata.jdbc.JdbcDatabase.getRelations(org.angnysa.autodb.metadata.jdbc.JdbcTable)" because "this.database" is null!!!]
23:58:11.297 [main] TRACE org.angnysa.autodb.metadata.jdbc.loader.JdbcMetadataLoader - Column loaded: public.test_m2m_b :: JdbcColumn id1 int4(mandatory, len < 10) 
23:58:11.297 [main] TRACE org.angnysa.autodb.metadata.jdbc.loader.JdbcMetadataLoader - Column loaded: public.test_m2m_b :: JdbcColumn id2 int4(mandatory, len < 10) 
23:58:11.298 [main] TRACE org.angnysa.autodb.metadata.jdbc.loader.JdbcMetadataLoader - Index loaded: public.test_m2m_b :: JdbcUniqueIndex [unique] name: 'pk_test_m2m_b', columns: ('id1', 'id2')
23:58:11.299 [main] TRACE org.angnysa.autodb.metadata.jdbc.loader.JdbcMetadataLoader - Primary Key loaded: public.test_m2m_b :: JdbcUniqueIndex [unique] name: 'pk_test_m2m_b', columns: ('id1', 'id2')
23:58:11.300 [main] TRACE org.angnysa.autodb.metadata.jdbc.loader.JdbcMetadataLoader - Table loaded:
[!!!org.angnysa.autodb.metadata.jdbc.JdbcTable@19adcb41=>java.lang.NullPointerException:Cannot invoke "org.angnysa.autodb.metadata.jdbc.JdbcDatabase.getRelations(org.angnysa.autodb.metadata.jdbc.JdbcTable)" because "this.database" is null!!!]
23:58:11.302 [main] TRACE org.angnysa.autodb.metadata.jdbc.loader.JdbcMetadataLoader - Column loaded: public.test_m2m_rel :: JdbcColumn ab_id1 int4(mandatory, len < 10) 
23:58:11.302 [main] TRACE org.angnysa.autodb.metadata.jdbc.loader.JdbcMetadataLoader - Column loaded: public.test_m2m_rel :: JdbcColumn a_id2 int4(mandatory, len < 10) 
23:58:11.302 [main] TRACE org.angnysa.autodb.metadata.jdbc.loader.JdbcMetadataLoader - Column loaded: public.test_m2m_rel :: JdbcColumn b_id2 int4(mandatory, len < 10) 
23:58:11.303 [main] TRACE org.angnysa.autodb.metadata.jdbc.loader.JdbcMetadataLoader - Index loaded: public.test_m2m_rel :: JdbcUniqueIndex [unique] name: 'pk_test_m2m_rel', columns: ('ab_id1', 'a_id2', 'b_id2')
23:58:11.305 [main] TRACE org.angnysa.autodb.metadata.jdbc.loader.JdbcMetadataLoader - Primary Key loaded: public.test_m2m_rel :: JdbcUniqueIndex [unique] name: 'pk_test_m2m_rel', columns: ('ab_id1', 'a_id2', 'b_id2')
23:58:11.305 [main] TRACE org.angnysa.autodb.metadata.jdbc.loader.JdbcMetadataLoader - Table loaded:
[!!!org.angnysa.autodb.metadata.jdbc.JdbcTable@f03dc9b=>java.lang.NullPointerException:Cannot invoke "org.angnysa.autodb.metadata.jdbc.JdbcDatabase.getRelations(org.angnysa.autodb.metadata.jdbc.JdbcTable)" because "this.database" is null!!!]
]]></system-out>
  </testcase>
</testsuite>