<?xml version="1.0" encoding="UTF-8"?>
<testsuite xmlns:xsi="http://www.w3.org/2001/XMLSchema-instance" xsi:noNamespaceSchemaLocation="https://maven.apache.org/surefire/maven-surefire-plugin/xsd/surefire-test-report-3.0.xsd" version="3.0" name="org.angnysa.autodb.metadata.jdbc.loader.db.TestJdbcMetadataLoader_Postgresql" time="214.759" tests="43" errors="29" skipped="0" failures="10">
  <properties>
[...]
</properties>
  <testcase name="testLoadPrimaryKey" classname="org.angnysa.autodb.metadata.jdbc.loader.db.TestJdbcMetadataLoader_Postgresql" time="3.998">
    <error type="java.lang.IllegalStateException"><![CDATA[java.lang.IllegalStateException: Table 'test.public.TEST_121_A' has no primary key
]]></error>
    <system-out><![CDATA[20:06:05.637 [main] WARN  org.testcontainers.utility.TestcontainersConfiguration - Attempted to read Testcontainers configuration file at file:/home/sylvain/.testcontainers.properties but the file was not found. Exception message: FileNotFoundException: /home/sylvain/.testcontainers.properties (No such file or directory)
20:06:05.646 [main] INFO  org.testcontainers.dockerclient.DockerMachineClientProviderStrategy - docker-machine executable was not found on PATH ([/usr/local/sbin, /usr/local/bin, /usr/bin, /usr/lib/jvm/default/bin, /usr/bin/site_perl, /usr/bin/vendor_perl, /usr/bin/core_perl])
20:06:06.273 [main] INFO  org.testcontainers.dockerclient.DockerClientProviderStrategy - Found Docker environment with local Unix socket (unix:///var/run/docker.sock)
20:06:06.281 [main] INFO  org.testcontainers.DockerClientFactory - Docker host IP address is localhost
20:06:06.315 [main] INFO  org.testcontainers.DockerClientFactory - Connected to docker: 
  Server Version: 20.10.7
  API Version: 1.41
  Operating System: Arch Linux
  Total Memory: 32074 MB
20:06:06.319 [main] INFO  org.testcontainers.utility.ImageNameSubstitutor - Image name substitution will be performed by: DefaultImageNameSubstitutor (composite of 'ConfigurationFileImageNameSubstitutor' and 'PrefixingImageNameSubstitutor')
20:06:06.346 [main] INFO  org.testcontainers.utility.RegistryAuthLocator - Failure when attempting to lookup auth config. Please ignore if you don't have images in an authenticated registry. Details: (dockerImageName: testcontainers/ryuk:0.3.1, configFile: /home/sylvain/.docker/config.json. Falling back to docker-java default behaviour. Exception message: /home/sylvain/.docker/config.json (No such file or directory)
20:06:07.236 [docker-java-stream-1336992916] INFO  org.testcontainers.DockerClientFactory - Starting to pull image
20:06:07.258 [docker-java-stream-1336992916] INFO  org.testcontainers.DockerClientFactory - Pulling image layers:  0 pending,  0 downloaded,  0 extracted, (0 bytes/0 bytes)
20:06:07.957 [docker-java-stream-1336992916] INFO  org.testcontainers.DockerClientFactory - Pulling image layers:  2 pending,  1 downloaded,  0 extracted, (2 MB/? MB)
20:06:08.036 [docker-java-stream-1336992916] INFO  org.testcontainers.DockerClientFactory - Pulling image layers:  1 pending,  2 downloaded,  0 extracted, (2 MB/? MB)
20:06:08.166 [docker-java-stream-1336992916] INFO  org.testcontainers.DockerClientFactory - Pulling image layers:  0 pending,  3 downloaded,  0 extracted, (4 MB/5 MB)
20:06:08.300 [docker-java-stream-1336992916] INFO  org.testcontainers.DockerClientFactory - Pulling image layers:  0 pending,  3 downloaded,  1 extracted, (4 MB/5 MB)
20:06:08.435 [docker-java-stream-1336992916] INFO  org.testcontainers.DockerClientFactory - Pulling image layers:  0 pending,  3 downloaded,  2 extracted, (4 MB/5 MB)
20:06:08.577 [docker-java-stream-1336992916] INFO  org.testcontainers.DockerClientFactory - Pulling image layers:  0 pending,  3 downloaded,  3 extracted, (5 MB/5 MB)
20:06:08.594 [docker-java-stream-1336992916] INFO  org.testcontainers.DockerClientFactory - Pull complete. 3 layers, pulled in 1s (downloaded 5 MB at 5 MB/s)
20:06:09.156 [main] INFO  org.testcontainers.DockerClientFactory - Ryuk started - will monitor and terminate Testcontainers containers on JVM exit
20:06:09.156 [main] INFO  org.testcontainers.DockerClientFactory - Checking the system...
20:06:09.157 [main] INFO  org.testcontainers.DockerClientFactory - ✔︎ Docker server version should be at least 1.6.0
20:06:09.226 [main] INFO  org.testcontainers.DockerClientFactory - ✔︎ Docker environment should have more than 2GB free disk space
20:06:09.235 [main] INFO  🐳 [postgres:9.6.8] - Pulling docker image: postgres:9.6.8. Please be patient; this may take some time but only needs to be done once.
20:06:10.021 [docker-java-stream-1518081924] INFO  🐳 [postgres:9.6.8] - Starting to pull image
20:06:10.022 [docker-java-stream-1518081924] INFO  🐳 [postgres:9.6.8] - Pulling image layers:  0 pending,  0 downloaded,  0 extracted, (0 bytes/0 bytes)
20:06:10.556 [docker-java-stream-1518081924] INFO  🐳 [postgres:9.6.8] - Pulling image layers: 12 pending,  1 downloaded,  0 extracted, (1 KB/? MB)
20:06:11.270 [docker-java-stream-1518081924] INFO  🐳 [postgres:9.6.8] - Pulling image layers: 11 pending,  2 downloaded,  0 extracted, (8 MB/? MB)
20:06:11.441 [docker-java-stream-1518081924] INFO  🐳 [postgres:9.6.8] - Pulling image layers: 10 pending,  3 downloaded,  0 extracted, (10 MB/? MB)
20:06:11.840 [docker-java-stream-1518081924] INFO  🐳 [postgres:9.6.8] - Pulling image layers:  9 pending,  4 downloaded,  0 extracted, (15 MB/? MB)
20:06:12.267 [docker-java-stream-1518081924] INFO  🐳 [postgres:9.6.8] - Pulling image layers:  8 pending,  5 downloaded,  0 extracted, (20 MB/? MB)
20:06:12.739 [docker-java-stream-1518081924] INFO  🐳 [postgres:9.6.8] - Pulling image layers:  7 pending,  6 downloaded,  0 extracted, (27 MB/? MB)
20:06:13.271 [docker-java-stream-1518081924] INFO  🐳 [postgres:9.6.8] - Pulling image layers:  6 pending,  7 downloaded,  0 extracted, (33 MB/? MB)
20:06:13.406 [docker-java-stream-1518081924] INFO  🐳 [postgres:9.6.8] - Pulling image layers:  5 pending,  8 downloaded,  0 extracted, (36 MB/? MB)
20:06:13.734 [docker-java-stream-1518081924] INFO  🐳 [postgres:9.6.8] - Pulling image layers:  4 pending,  9 downloaded,  0 extracted, (39 MB/? MB)
20:06:13.771 [docker-java-stream-1518081924] INFO  🐳 [postgres:9.6.8] - Pulling image layers:  3 pending, 10 downloaded,  0 extracted, (39 MB/? MB)
20:06:14.217 [docker-java-stream-1518081924] INFO  🐳 [postgres:9.6.8] - Pulling image layers:  2 pending, 11 downloaded,  0 extracted, (45 MB/? MB)
20:06:14.244 [docker-java-stream-1518081924] INFO  🐳 [postgres:9.6.8] - Pulling image layers:  1 pending, 12 downloaded,  0 extracted, (45 MB/? MB)
20:06:14.481 [docker-java-stream-1518081924] INFO  🐳 [postgres:9.6.8] - Pulling image layers:  1 pending, 12 downloaded,  1 extracted, (48 MB/? MB)
20:06:14.961 [docker-java-stream-1518081924] INFO  🐳 [postgres:9.6.8] - Pulling image layers:  1 pending, 12 downloaded,  2 extracted, (55 MB/? MB)
20:06:15.033 [docker-java-stream-1518081924] INFO  🐳 [postgres:9.6.8] - Pulling image layers:  1 pending, 12 downloaded,  3 extracted, (55 MB/? MB)
20:06:15.137 [docker-java-stream-1518081924] INFO  🐳 [postgres:9.6.8] - Pulling image layers:  1 pending, 12 downloaded,  4 extracted, (56 MB/? MB)
20:06:15.486 [docker-java-stream-1518081924] INFO  🐳 [postgres:9.6.8] - Pulling image layers:  1 pending, 12 downloaded,  5 extracted, (61 MB/? MB)
20:06:15.542 [docker-java-stream-1518081924] INFO  🐳 [postgres:9.6.8] - Pulling image layers:  1 pending, 12 downloaded,  6 extracted, (63 MB/? MB)
20:06:15.597 [docker-java-stream-1518081924] INFO  🐳 [postgres:9.6.8] - Pulling image layers:  1 pending, 12 downloaded,  7 extracted, (63 MB/? MB)
20:06:17.008 [docker-java-stream-1518081924] INFO  🐳 [postgres:9.6.8] - Pulling image layers:  0 pending, 13 downloaded,  7 extracted, (80 MB/81 MB)
20:06:19.614 [docker-java-stream-1518081924] INFO  🐳 [postgres:9.6.8] - Pulling image layers:  0 pending, 13 downloaded,  8 extracted, (81 MB/81 MB)
20:06:19.673 [docker-java-stream-1518081924] INFO  🐳 [postgres:9.6.8] - Pulling image layers:  0 pending, 13 downloaded,  9 extracted, (81 MB/81 MB)
20:06:19.739 [docker-java-stream-1518081924] INFO  🐳 [postgres:9.6.8] - Pulling image layers:  0 pending, 13 downloaded, 10 extracted, (81 MB/81 MB)
20:06:19.795 [docker-java-stream-1518081924] INFO  🐳 [postgres:9.6.8] - Pulling image layers:  0 pending, 13 downloaded, 11 extracted, (81 MB/81 MB)
20:06:19.849 [docker-java-stream-1518081924] INFO  🐳 [postgres:9.6.8] - Pulling image layers:  0 pending, 13 downloaded, 12 extracted, (81 MB/81 MB)
20:06:19.907 [docker-java-stream-1518081924] INFO  🐳 [postgres:9.6.8] - Pulling image layers:  0 pending, 13 downloaded, 13 extracted, (81 MB/81 MB)
20:06:19.924 [docker-java-stream-1518081924] INFO  🐳 [postgres:9.6.8] - Pull complete. 13 layers, pulled in 9s (downloaded 81 MB at 9 MB/s)
20:06:19.942 [main] INFO  🐳 [postgres:9.6.8] - Creating container for image: postgres:9.6.8
20:06:19.974 [main] INFO  🐳 [postgres:9.6.8] - Starting container with ID: a60163650b7a70852f8053b16c4340791f4d719ec9b9798357c80d59b4a9cf13
20:06:20.274 [main] INFO  🐳 [postgres:9.6.8] - Container postgres:9.6.8 is starting: a60163650b7a70852f8053b16c4340791f4d719ec9b9798357c80d59b4a9cf13
20:06:23.739 [main] INFO  🐳 [postgres:9.6.8] - Container postgres:9.6.8 started in PT14.512964675S
20:06:23.844 [main] DEBUG org.angnysa.autodb.query.jdbc.JdbcScriptRunner - create table TEST_121_A (
  id1 int not null,
  id2 int not null,
  constraint PK_TEST_121_A primary key (id1, id2)
)

20:06:23.855 [main] DEBUG org.angnysa.autodb.query.jdbc.JdbcScriptRunner - create table TEST_121_B (
  id1 int not null,
  id2 int not null,
  a_id1 int not null,
  a_id2 int not null,
  constraint PK_TEST_121_B primary key (id1, id2),
  constraint UK_TEST_121_B unique (a_id1, a_id2),
  constraint FK_TEST_121_B_A foreign key (a_id1, a_id2) references TEST_121_A (id1, id2) on update cascade on delete restrict
)

20:06:23.857 [main] DEBUG org.angnysa.autodb.query.jdbc.JdbcScriptRunner - create table TEST_M21_A (
  id1 int not null,
  id2 int not null,
  constraint PK_TEST_M21_A primary key (id1, id2)
)

20:06:23.858 [main] DEBUG org.angnysa.autodb.query.jdbc.JdbcScriptRunner - create table TEST_M21_B (
  id1 int not null,
  id2 int not null,
  a_id1 int not null,
  a_id2 int not null,
  constraint PK_TEST_M21_B primary key (id1, id2),
  constraint FK_TEST_M21_B_A foreign key (a_id1, a_id2) references TEST_M21_A (id1, id2) on update cascade on delete restrict
)

20:06:23.859 [main] DEBUG org.angnysa.autodb.query.jdbc.JdbcScriptRunner - create index ID_TEST_M21_B_A on TEST_M21_B (a_id1, a_id2)

20:06:23.860 [main] DEBUG org.angnysa.autodb.query.jdbc.JdbcScriptRunner - create table TEST_M2M_A (
  id1 int not null,
  id2 int not null,
  constraint PK_TEST_M2M_A primary key (id1, id2)
)

20:06:23.861 [main] DEBUG org.angnysa.autodb.query.jdbc.JdbcScriptRunner - create table TEST_M2M_B (
  id1 int not null,
  id2 int not null,
  constraint PK_TEST_M2M_B primary key (id1, id2)
)

20:06:23.862 [main] DEBUG org.angnysa.autodb.query.jdbc.JdbcScriptRunner - create table TEST_M2M_REL (
  ab_id1 int not null,
  a_id2 int not null,
  b_id2 int not null,
  constraint PK_TEST_M2M_REL primary key (ab_id1, a_id2, b_id2),
  constraint FK_TEST_M2M_REL_A foreign key (ab_id1, a_id2) references TEST_M2M_A (id1, id2) on update cascade on delete restrict,
  constraint FK_TEST_M2M_REL_B foreign key (ab_id1, b_id2) references TEST_M2M_B (id1, id2) on update cascade on delete restrict
)

20:06:24.171 [main] DEBUG org.angnysa.autodb.metadata.jdbc.loader.AbstractJdbcMetadataLoaderTester - Target table: TEST_121_A
20:06:24.174 [main] DEBUG org.angnysa.autodb.metadata.jdbc.loader.AbstractJdbcMetadataLoaderTester - Expected Primary Key: ExpectedIndex(unique=true, columns=[ID1, ID2])
20:06:24.177 [main] INFO  🐳 [postgres:9.6.8] - Creating container for image: postgres:9.6.8
20:06:24.205 [main] INFO  🐳 [postgres:9.6.8] - Starting container with ID: 75a6809b272b67d498763fe4be4aa448c4b59f12ef8aecf4773a6a05048d6bc2
20:06:24.471 [main] INFO  🐳 [postgres:9.6.8] - Container postgres:9.6.8 is starting: 75a6809b272b67d498763fe4be4aa448c4b59f12ef8aecf4773a6a05048d6bc2
20:06:27.868 [main] INFO  🐳 [postgres:9.6.8] - Container postgres:9.6.8 started in PT3.691144182S
]]></system-out>
  </testcase>
  <testcase name="testLoadPrimaryKey" classname="org.angnysa.autodb.metadata.jdbc.loader.db.TestJdbcMetadataLoader_Postgresql" time="3.962">
    <error type="java.lang.IllegalStateException"><![CDATA[java.lang.IllegalStateException: Table 'test.public.TEST_121_B' has no primary key
]]></error>
    <system-out><![CDATA[20:06:28.172 [main] DEBUG org.angnysa.autodb.metadata.jdbc.loader.AbstractJdbcMetadataLoaderTester - Target table: TEST_121_B
20:06:28.172 [main] DEBUG org.angnysa.autodb.metadata.jdbc.loader.AbstractJdbcMetadataLoaderTester - Expected Primary Key: ExpectedIndex(unique=true, columns=[ID1, ID2])
20:06:28.175 [main] INFO  🐳 [postgres:9.6.8] - Creating container for image: postgres:9.6.8
20:06:28.202 [main] INFO  🐳 [postgres:9.6.8] - Starting container with ID: c8a926ac5d1be7d65f32d7e7ff2c480a877754ccb4526b7f2e4f107a31d18bba
20:06:28.452 [main] INFO  🐳 [postgres:9.6.8] - Container postgres:9.6.8 is starting: c8a926ac5d1be7d65f32d7e7ff2c480a877754ccb4526b7f2e4f107a31d18bba
20:06:31.827 [main] INFO  🐳 [postgres:9.6.8] - Container postgres:9.6.8 started in PT3.653529999S
]]></system-out>
  </testcase>
  <testcase name="testLoadPrimaryKey" classname="org.angnysa.autodb.metadata.jdbc.loader.db.TestJdbcMetadataLoader_Postgresql" time="3.954">
    <error type="java.lang.IllegalStateException"><![CDATA[java.lang.IllegalStateException: Table 'test.public.TEST_M21_A' has no primary key
]]></error>
    <system-out><![CDATA[20:06:32.135 [main] DEBUG org.angnysa.autodb.metadata.jdbc.loader.AbstractJdbcMetadataLoaderTester - Target table: TEST_M21_A
20:06:32.135 [main] DEBUG org.angnysa.autodb.metadata.jdbc.loader.AbstractJdbcMetadataLoaderTester - Expected Primary Key: ExpectedIndex(unique=true, columns=[ID1, ID2])
20:06:32.138 [main] INFO  🐳 [postgres:9.6.8] - Creating container for image: postgres:9.6.8
20:06:32.164 [main] INFO  🐳 [postgres:9.6.8] - Starting container with ID: 981075160b145fe0be90acfe1c5d28b34c9f9f647ed1555fb5d87d7c8e7d9f8f
20:06:32.405 [main] INFO  🐳 [postgres:9.6.8] - Container postgres:9.6.8 is starting: 981075160b145fe0be90acfe1c5d28b34c9f9f647ed1555fb5d87d7c8e7d9f8f
20:06:35.750 [main] INFO  🐳 [postgres:9.6.8] - Container postgres:9.6.8 started in PT3.613145116S
]]></system-out>
  </testcase>
  <testcase name="testLoadPrimaryKey" classname="org.angnysa.autodb.metadata.jdbc.loader.db.TestJdbcMetadataLoader_Postgresql" time="4.058">
    <error type="java.lang.IllegalStateException"><![CDATA[java.lang.IllegalStateException: Table 'test.public.TEST_M21_B' has no primary key
]]></error>
    <system-out><![CDATA[20:06:36.090 [main] DEBUG org.angnysa.autodb.metadata.jdbc.loader.AbstractJdbcMetadataLoaderTester - Target table: TEST_M21_B
20:06:36.090 [main] DEBUG org.angnysa.autodb.metadata.jdbc.loader.AbstractJdbcMetadataLoaderTester - Expected Primary Key: ExpectedIndex(unique=true, columns=[ID1, ID2])
20:06:36.093 [main] INFO  🐳 [postgres:9.6.8] - Creating container for image: postgres:9.6.8
20:06:36.119 [main] INFO  🐳 [postgres:9.6.8] - Starting container with ID: 04e28191dc5f6108e9991726d5393229fbae011cb765220b3dc056919383431a
20:06:36.381 [main] INFO  🐳 [postgres:9.6.8] - Container postgres:9.6.8 is starting: 04e28191dc5f6108e9991726d5393229fbae011cb765220b3dc056919383431a
20:06:39.832 [main] INFO  🐳 [postgres:9.6.8] - Container postgres:9.6.8 started in PT3.739795837S
]]></system-out>
  </testcase>
  <testcase name="testLoadPrimaryKey" classname="org.angnysa.autodb.metadata.jdbc.loader.db.TestJdbcMetadataLoader_Postgresql" time="4.038">
    <error type="java.lang.IllegalStateException"><![CDATA[java.lang.IllegalStateException: Table 'test.public.TEST_M2M_A' has no primary key
]]></error>
    <system-out><![CDATA[20:06:40.149 [main] DEBUG org.angnysa.autodb.metadata.jdbc.loader.AbstractJdbcMetadataLoaderTester - Target table: TEST_M2M_A
20:06:40.149 [main] DEBUG org.angnysa.autodb.metadata.jdbc.loader.AbstractJdbcMetadataLoaderTester - Expected Primary Key: ExpectedIndex(unique=true, columns=[ID1, ID2])
20:06:40.152 [main] INFO  🐳 [postgres:9.6.8] - Creating container for image: postgres:9.6.8
20:06:40.180 [main] INFO  🐳 [postgres:9.6.8] - Starting container with ID: 260eb0aeb4615641def86b19320eead6c9a21b85bb7fed6a911266f0b35317aa
20:06:40.446 [main] INFO  🐳 [postgres:9.6.8] - Container postgres:9.6.8 is starting: 260eb0aeb4615641def86b19320eead6c9a21b85bb7fed6a911266f0b35317aa
20:06:43.857 [main] INFO  🐳 [postgres:9.6.8] - Container postgres:9.6.8 started in PT3.70615877S
]]></system-out>
  </testcase>
  <testcase name="testLoadPrimaryKey" classname="org.angnysa.autodb.metadata.jdbc.loader.db.TestJdbcMetadataLoader_Postgresql" time="4.008">
    <error type="java.lang.IllegalStateException"><![CDATA[java.lang.IllegalStateException: Table 'test.public.TEST_M2M_B' has no primary key
]]></error>
    <system-out><![CDATA[20:06:44.187 [main] DEBUG org.angnysa.autodb.metadata.jdbc.loader.AbstractJdbcMetadataLoaderTester - Target table: TEST_M2M_B
20:06:44.187 [main] DEBUG org.angnysa.autodb.metadata.jdbc.loader.AbstractJdbcMetadataLoaderTester - Expected Primary Key: ExpectedIndex(unique=true, columns=[ID1, ID2])
20:06:44.189 [main] INFO  🐳 [postgres:9.6.8] - Creating container for image: postgres:9.6.8
20:06:44.217 [main] INFO  🐳 [postgres:9.6.8] - Starting container with ID: 40500f3a2c1d6bbeddc394e3badd5e6e41e7791065dec014d64de25b5d984683
20:06:44.485 [main] INFO  🐳 [postgres:9.6.8] - Container postgres:9.6.8 is starting: 40500f3a2c1d6bbeddc394e3badd5e6e41e7791065dec014d64de25b5d984683
20:06:47.876 [main] INFO  🐳 [postgres:9.6.8] - Container postgres:9.6.8 started in PT3.687199626S
]]></system-out>
  </testcase>
  <testcase name="testLoadPrimaryKey" classname="org.angnysa.autodb.metadata.jdbc.loader.db.TestJdbcMetadataLoader_Postgresql" time="3.919">
    <error type="java.lang.IllegalStateException"><![CDATA[java.lang.IllegalStateException: Table 'test.public.TEST_M2M_REL' has no primary key
]]></error>
    <system-out><![CDATA[20:06:48.195 [main] DEBUG org.angnysa.autodb.metadata.jdbc.loader.AbstractJdbcMetadataLoaderTester - Target table: TEST_M2M_REL
20:06:48.196 [main] DEBUG org.angnysa.autodb.metadata.jdbc.loader.AbstractJdbcMetadataLoaderTester - Expected Primary Key: ExpectedIndex(unique=true, columns=[AB_ID1, A_ID2, B_ID2])
20:06:48.198 [main] INFO  🐳 [postgres:9.6.8] - Creating container for image: postgres:9.6.8
20:06:48.228 [main] INFO  🐳 [postgres:9.6.8] - Starting container with ID: 5b8591d3ea51ba149f30fcb51550b3d74b530ba4f8df3c695b729e9b6056333c
20:06:48.495 [main] INFO  🐳 [postgres:9.6.8] - Container postgres:9.6.8 is starting: 5b8591d3ea51ba149f30fcb51550b3d74b530ba4f8df3c695b729e9b6056333c
20:06:51.830 [main] INFO  🐳 [postgres:9.6.8] - Container postgres:9.6.8 started in PT3.632286575S
]]></system-out>
  </testcase>
  <testcase name="testLoadRelations" classname="org.angnysa.autodb.metadata.jdbc.loader.db.TestJdbcMetadataLoader_Postgresql" time="4.108">
    <error type="java.lang.NullPointerException"><![CDATA[java.lang.NullPointerException: Cannot invoke "String.matches(String)" because "catalog" is null
]]></error>
    <system-out><![CDATA[20:06:52.119 [main] INFO  🐳 [postgres:9.6.8] - Creating container for image: postgres:9.6.8
20:06:52.146 [main] INFO  🐳 [postgres:9.6.8] - Starting container with ID: 1c09961097289db5237bd08c55466389d9d6d40ff005174247e4b4640b73b044
20:06:52.407 [main] INFO  🐳 [postgres:9.6.8] - Container postgres:9.6.8 is starting: 1c09961097289db5237bd08c55466389d9d6d40ff005174247e4b4640b73b044
20:06:55.794 [main] INFO  🐳 [postgres:9.6.8] - Container postgres:9.6.8 started in PT3.675632376S
20:06:55.801 [main] DEBUG org.angnysa.autodb.query.jdbc.JdbcScriptRunner - create table TEST_121_A (
  id1 int not null,
  id2 int not null,
  constraint PK_TEST_121_A primary key (id1, id2)
)

20:06:55.802 [main] DEBUG org.angnysa.autodb.query.jdbc.JdbcScriptRunner - create table TEST_121_B (
  id1 int not null,
  id2 int not null,
  a_id1 int not null,
  a_id2 int not null,
  constraint PK_TEST_121_B primary key (id1, id2),
  constraint UK_TEST_121_B unique (a_id1, a_id2),
  constraint FK_TEST_121_B_A foreign key (a_id1, a_id2) references TEST_121_A (id1, id2) on update cascade on delete restrict
)

20:06:55.804 [main] DEBUG org.angnysa.autodb.query.jdbc.JdbcScriptRunner - create table TEST_M21_A (
  id1 int not null,
  id2 int not null,
  constraint PK_TEST_M21_A primary key (id1, id2)
)

20:06:55.805 [main] DEBUG org.angnysa.autodb.query.jdbc.JdbcScriptRunner - create table TEST_M21_B (
  id1 int not null,
  id2 int not null,
  a_id1 int not null,
  a_id2 int not null,
  constraint PK_TEST_M21_B primary key (id1, id2),
  constraint FK_TEST_M21_B_A foreign key (a_id1, a_id2) references TEST_M21_A (id1, id2) on update cascade on delete restrict
)

20:06:55.806 [main] DEBUG org.angnysa.autodb.query.jdbc.JdbcScriptRunner - create index ID_TEST_M21_B_A on TEST_M21_B (a_id1, a_id2)

20:06:55.807 [main] DEBUG org.angnysa.autodb.query.jdbc.JdbcScriptRunner - create table TEST_M2M_A (
  id1 int not null,
  id2 int not null,
  constraint PK_TEST_M2M_A primary key (id1, id2)
)

20:06:55.807 [main] DEBUG org.angnysa.autodb.query.jdbc.JdbcScriptRunner - create table TEST_M2M_B (
  id1 int not null,
  id2 int not null,
  constraint PK_TEST_M2M_B primary key (id1, id2)
)

20:06:55.808 [main] DEBUG org.angnysa.autodb.query.jdbc.JdbcScriptRunner - create table TEST_M2M_REL (
  ab_id1 int not null,
  a_id2 int not null,
  b_id2 int not null,
  constraint PK_TEST_M2M_REL primary key (ab_id1, a_id2, b_id2),
  constraint FK_TEST_M2M_REL_A foreign key (ab_id1, a_id2) references TEST_M2M_A (id1, id2) on update cascade on delete restrict,
  constraint FK_TEST_M2M_REL_B foreign key (ab_id1, b_id2) references TEST_M2M_B (id1, id2) on update cascade on delete restrict
)

20:06:56.081 [main] DEBUG org.angnysa.autodb.metadata.jdbc.loader.AbstractJdbcMetadataLoaderTester - Target table: TEST_121_A
20:06:56.090 [main] DEBUG org.angnysa.autodb.metadata.jdbc.loader.AbstractJdbcMetadataLoaderTester - Expected Relations: [ExpectedRelation(name=FK_TEST_121_B_A, type=OneToOne, mandatory=false, referencingColumns=[ID1, ID2], referencedTable=TEST_121_B, referencedColumns=[A_ID1, A_ID2])]
20:06:56.092 [main] INFO  🐳 [postgres:9.6.8] - Creating container for image: postgres:9.6.8
20:06:56.121 [main] INFO  🐳 [postgres:9.6.8] - Starting container with ID: 58974d9a986b8b9593926373b70725a37567e44a1cd26ee62b8342ad1a42a0fb
20:06:56.401 [main] INFO  🐳 [postgres:9.6.8] - Container postgres:9.6.8 is starting: 58974d9a986b8b9593926373b70725a37567e44a1cd26ee62b8342ad1a42a0fb
20:06:59.872 [main] INFO  🐳 [postgres:9.6.8] - Container postgres:9.6.8 started in PT3.780287259S
]]></system-out>
  </testcase>
  <testcase name="testLoadRelations" classname="org.angnysa.autodb.metadata.jdbc.loader.db.TestJdbcMetadataLoader_Postgresql" time="4.009">
    <error type="java.lang.NullPointerException"><![CDATA[java.lang.NullPointerException: Cannot invoke "String.matches(String)" because "catalog" is null
]]></error>
    <system-out><![CDATA[20:07:00.189 [main] DEBUG org.angnysa.autodb.metadata.jdbc.loader.AbstractJdbcMetadataLoaderTester - Target table: TEST_121_B
20:07:00.190 [main] DEBUG org.angnysa.autodb.metadata.jdbc.loader.AbstractJdbcMetadataLoaderTester - Expected Relations: [ExpectedRelation(name=FK_TEST_121_B_A, type=OneToOne, mandatory=true, referencingColumns=[A_ID1, A_ID2], referencedTable=TEST_121_A, referencedColumns=[ID1, ID2])]
20:07:00.192 [main] INFO  🐳 [postgres:9.6.8] - Creating container for image: postgres:9.6.8
20:07:00.220 [main] INFO  🐳 [postgres:9.6.8] - Starting container with ID: 0f8cd6de50ac9b736870ea7d5516e8d46850536c6a36e596d9debd0183fbb316
20:07:00.497 [main] INFO  🐳 [postgres:9.6.8] - Container postgres:9.6.8 is starting: 0f8cd6de50ac9b736870ea7d5516e8d46850536c6a36e596d9debd0183fbb316
20:07:03.897 [main] INFO  🐳 [postgres:9.6.8] - Container postgres:9.6.8 started in PT3.705433572S
]]></system-out>
  </testcase>
  <testcase name="testLoadRelations" classname="org.angnysa.autodb.metadata.jdbc.loader.db.TestJdbcMetadataLoader_Postgresql" time="3.97">
    <error type="java.lang.NullPointerException"><![CDATA[java.lang.NullPointerException: Cannot invoke "String.matches(String)" because "catalog" is null
]]></error>
    <system-out><![CDATA[20:07:04.199 [main] DEBUG org.angnysa.autodb.metadata.jdbc.loader.AbstractJdbcMetadataLoaderTester - Target table: TEST_M21_A
20:07:04.199 [main] DEBUG org.angnysa.autodb.metadata.jdbc.loader.AbstractJdbcMetadataLoaderTester - Expected Relations: [ExpectedRelation(name=FK_TEST_M21_B_A, type=OneToMany, mandatory=false, referencingColumns=[ID1, ID2], referencedTable=TEST_M21_B, referencedColumns=[A_ID1, A_ID2])]
20:07:04.202 [main] INFO  🐳 [postgres:9.6.8] - Creating container for image: postgres:9.6.8
20:07:04.230 [main] INFO  🐳 [postgres:9.6.8] - Starting container with ID: 422983d61167a9e0d13339bd1b5e39c14dd6f70c3bbd196fe8e9299eedba3a9e
20:07:04.535 [main] INFO  🐳 [postgres:9.6.8] - Container postgres:9.6.8 is starting: 422983d61167a9e0d13339bd1b5e39c14dd6f70c3bbd196fe8e9299eedba3a9e
20:07:07.885 [main] INFO  🐳 [postgres:9.6.8] - Container postgres:9.6.8 started in PT3.684265753S
]]></system-out>
  </testcase>
  <testcase name="testLoadRelations" classname="org.angnysa.autodb.metadata.jdbc.loader.db.TestJdbcMetadataLoader_Postgresql" time="3.976">
    <error type="java.lang.NullPointerException"><![CDATA[java.lang.NullPointerException: Cannot invoke "String.matches(String)" because "catalog" is null
]]></error>
    <system-out><![CDATA[20:07:08.170 [main] DEBUG org.angnysa.autodb.metadata.jdbc.loader.AbstractJdbcMetadataLoaderTester - Target table: TEST_M21_B
20:07:08.170 [main] DEBUG org.angnysa.autodb.metadata.jdbc.loader.AbstractJdbcMetadataLoaderTester - Expected Relations: [ExpectedRelation(name=FK_TEST_M21_B_A, type=ManyToOne, mandatory=true, referencingColumns=[A_ID1, A_ID2], referencedTable=TEST_M21_A, referencedColumns=[ID1, ID2])]
20:07:08.172 [main] INFO  🐳 [postgres:9.6.8] - Creating container for image: postgres:9.6.8
20:07:08.200 [main] INFO  🐳 [postgres:9.6.8] - Starting container with ID: 51c09eb65ed9c6c302e3a264ec043ccfb9466cffcd3e19b6afc5eda68bb72c72
20:07:08.462 [main] INFO  🐳 [postgres:9.6.8] - Container postgres:9.6.8 is starting: 51c09eb65ed9c6c302e3a264ec043ccfb9466cffcd3e19b6afc5eda68bb72c72
20:07:11.866 [main] INFO  🐳 [postgres:9.6.8] - Container postgres:9.6.8 started in PT3.69468129S
]]></system-out>
  </testcase>
  <testcase name="testLoadRelations" classname="org.angnysa.autodb.metadata.jdbc.loader.db.TestJdbcMetadataLoader_Postgresql" time="3.945">
    <error type="java.lang.NullPointerException"><![CDATA[java.lang.NullPointerException: Cannot invoke "String.matches(String)" because "catalog" is null
]]></error>
    <system-out><![CDATA[20:07:12.147 [main] DEBUG org.angnysa.autodb.metadata.jdbc.loader.AbstractJdbcMetadataLoaderTester - Target table: TEST_M2M_A
20:07:12.147 [main] DEBUG org.angnysa.autodb.metadata.jdbc.loader.AbstractJdbcMetadataLoaderTester - Expected Relations: [ExpectedRelation(name=FK_TEST_M2M_REL_A, type=ManyToMany, mandatory=false, referencingColumns=[ID1, ID2], referencedTable=TEST_M2M_B, referencedColumns=[ID1, ID2])]
20:07:12.149 [main] INFO  🐳 [postgres:9.6.8] - Creating container for image: postgres:9.6.8
20:07:12.177 [main] INFO  🐳 [postgres:9.6.8] - Starting container with ID: 9e6a7ad764bcb70d42799b96f77935e1a755290ccd02b6037953c7f9b7e0d7a2
20:07:12.413 [main] INFO  🐳 [postgres:9.6.8] - Container postgres:9.6.8 is starting: 9e6a7ad764bcb70d42799b96f77935e1a755290ccd02b6037953c7f9b7e0d7a2
20:07:15.786 [main] INFO  🐳 [postgres:9.6.8] - Container postgres:9.6.8 started in PT3.637228707S
]]></system-out>
  </testcase>
  <testcase name="testLoadRelations" classname="org.angnysa.autodb.metadata.jdbc.loader.db.TestJdbcMetadataLoader_Postgresql" time="4.009">
    <error type="java.lang.NullPointerException"><![CDATA[java.lang.NullPointerException: Cannot invoke "String.matches(String)" because "catalog" is null
]]></error>
    <system-out><![CDATA[20:07:16.093 [main] DEBUG org.angnysa.autodb.metadata.jdbc.loader.AbstractJdbcMetadataLoaderTester - Target table: TEST_M2M_B
20:07:16.093 [main] DEBUG org.angnysa.autodb.metadata.jdbc.loader.AbstractJdbcMetadataLoaderTester - Expected Relations: [ExpectedRelation(name=FK_TEST_M2M_REL_B, type=ManyToMany, mandatory=false, referencingColumns=[ID1, ID2], referencedTable=TEST_M2M_A, referencedColumns=[ID1, ID2])]
20:07:16.095 [main] INFO  🐳 [postgres:9.6.8] - Creating container for image: postgres:9.6.8
20:07:16.133 [main] INFO  🐳 [postgres:9.6.8] - Starting container with ID: 8ebe563136978bc552f207a0d53d44b782f71b8d4b34689313da026fa9db3fd4
20:07:16.429 [main] INFO  🐳 [postgres:9.6.8] - Container postgres:9.6.8 is starting: 8ebe563136978bc552f207a0d53d44b782f71b8d4b34689313da026fa9db3fd4
20:07:19.828 [main] INFO  🐳 [postgres:9.6.8] - Container postgres:9.6.8 started in PT3.732533568S
]]></system-out>
  </testcase>
  <testcase name="testLoadRelations" classname="org.angnysa.autodb.metadata.jdbc.loader.db.TestJdbcMetadataLoader_Postgresql" time="3.995">
    <error type="java.lang.NullPointerException"><![CDATA[java.lang.NullPointerException: Cannot invoke "String.matches(String)" because "catalog" is null
]]></error>
    <system-out><![CDATA[20:07:20.103 [main] DEBUG org.angnysa.autodb.metadata.jdbc.loader.AbstractJdbcMetadataLoaderTester - Target table: TEST_M2M_REL
20:07:20.103 [main] DEBUG org.angnysa.autodb.metadata.jdbc.loader.AbstractJdbcMetadataLoaderTester - Expected Relations: []
20:07:20.107 [main] INFO  🐳 [postgres:9.6.8] - Creating container for image: postgres:9.6.8
20:07:20.141 [main] INFO  🐳 [postgres:9.6.8] - Starting container with ID: 0d69fb3e0ea251ce1f1084cdcbeea9af4b31a4e03b4133fbf2cea4d0ab5a70c9
20:07:20.394 [main] INFO  🐳 [postgres:9.6.8] - Container postgres:9.6.8 is starting: 0d69fb3e0ea251ce1f1084cdcbeea9af4b31a4e03b4133fbf2cea4d0ab5a70c9
20:07:23.819 [main] INFO  🐳 [postgres:9.6.8] - Container postgres:9.6.8 started in PT3.713474114S
]]></system-out>
  </testcase>
  <testcase name="testLoadTables" classname="org.angnysa.autodb.metadata.jdbc.loader.db.TestJdbcMetadataLoader_Postgresql" time="3.969">
    <error type="java.lang.NullPointerException"><![CDATA[java.lang.NullPointerException: Cannot invoke "String.matches(String)" because "catalog" is null
]]></error>
    <system-out><![CDATA[20:07:24.102 [main] INFO  🐳 [postgres:9.6.8] - Creating container for image: postgres:9.6.8
20:07:24.129 [main] INFO  🐳 [postgres:9.6.8] - Starting container with ID: 82089dd2131153e801878ee1bb3570d9ece28540ed8e9a54fdf9f6b05bd7371b
20:07:24.392 [main] INFO  🐳 [postgres:9.6.8] - Container postgres:9.6.8 is starting: 82089dd2131153e801878ee1bb3570d9ece28540ed8e9a54fdf9f6b05bd7371b
20:07:27.816 [main] INFO  🐳 [postgres:9.6.8] - Container postgres:9.6.8 started in PT3.714257734S
20:07:27.823 [main] DEBUG org.angnysa.autodb.query.jdbc.JdbcScriptRunner - create table TEST_121_A (
  id1 int not null,
  id2 int not null,
  constraint PK_TEST_121_A primary key (id1, id2)
)

20:07:27.824 [main] DEBUG org.angnysa.autodb.query.jdbc.JdbcScriptRunner - create table TEST_121_B (
  id1 int not null,
  id2 int not null,
  a_id1 int not null,
  a_id2 int not null,
  constraint PK_TEST_121_B primary key (id1, id2),
  constraint UK_TEST_121_B unique (a_id1, a_id2),
  constraint FK_TEST_121_B_A foreign key (a_id1, a_id2) references TEST_121_A (id1, id2) on update cascade on delete restrict
)

20:07:27.825 [main] DEBUG org.angnysa.autodb.query.jdbc.JdbcScriptRunner - create table TEST_M21_A (
  id1 int not null,
  id2 int not null,
  constraint PK_TEST_M21_A primary key (id1, id2)
)

20:07:27.826 [main] DEBUG org.angnysa.autodb.query.jdbc.JdbcScriptRunner - create table TEST_M21_B (
  id1 int not null,
  id2 int not null,
  a_id1 int not null,
  a_id2 int not null,
  constraint PK_TEST_M21_B primary key (id1, id2),
  constraint FK_TEST_M21_B_A foreign key (a_id1, a_id2) references TEST_M21_A (id1, id2) on update cascade on delete restrict
)

20:07:27.827 [main] DEBUG org.angnysa.autodb.query.jdbc.JdbcScriptRunner - create index ID_TEST_M21_B_A on TEST_M21_B (a_id1, a_id2)

20:07:27.830 [main] DEBUG org.angnysa.autodb.query.jdbc.JdbcScriptRunner - create table TEST_M2M_A (
  id1 int not null,
  id2 int not null,
  constraint PK_TEST_M2M_A primary key (id1, id2)
)

20:07:27.831 [main] DEBUG org.angnysa.autodb.query.jdbc.JdbcScriptRunner - create table TEST_M2M_B (
  id1 int not null,
  id2 int not null,
  constraint PK_TEST_M2M_B primary key (id1, id2)
)

20:07:27.832 [main] DEBUG org.angnysa.autodb.query.jdbc.JdbcScriptRunner - create table TEST_M2M_REL (
  ab_id1 int not null,
  a_id2 int not null,
  b_id2 int not null,
  constraint PK_TEST_M2M_REL primary key (ab_id1, a_id2, b_id2),
  constraint FK_TEST_M2M_REL_A foreign key (ab_id1, a_id2) references TEST_M2M_A (id1, id2) on update cascade on delete restrict,
  constraint FK_TEST_M2M_REL_B foreign key (ab_id1, b_id2) references TEST_M2M_B (id1, id2) on update cascade on delete restrict
)

20:07:28.156 [main] INFO  🐳 [postgres:9.6.8] - Creating container for image: postgres:9.6.8
20:07:28.184 [main] INFO  🐳 [postgres:9.6.8] - Starting container with ID: 5acdf0f18a29bcd2073e529b6add496a09f1f52c3454a9a72a457af1b1e18d29
20:07:28.487 [main] INFO  🐳 [postgres:9.6.8] - Container postgres:9.6.8 is starting: 5acdf0f18a29bcd2073e529b6add496a09f1f52c3454a9a72a457af1b1e18d29
20:07:31.867 [main] INFO  🐳 [postgres:9.6.8] - Container postgres:9.6.8 started in PT3.711922165S
]]></system-out>
  </testcase>
  <testcase name="testLoadTables" classname="org.angnysa.autodb.metadata.jdbc.loader.db.TestJdbcMetadataLoader_Postgresql" time="4.014">
    <error type="java.lang.NullPointerException"><![CDATA[java.lang.NullPointerException: Cannot invoke "String.matches(String)" because "catalog" is null
]]></error>
    <system-out><![CDATA[20:07:32.126 [main] INFO  🐳 [postgres:9.6.8] - Creating container for image: postgres:9.6.8
20:07:32.154 [main] INFO  🐳 [postgres:9.6.8] - Starting container with ID: a7d7d74da07297161e2539296a173f62fa88bac853e2baea32a28b44556ab77d
20:07:32.432 [main] INFO  🐳 [postgres:9.6.8] - Container postgres:9.6.8 is starting: a7d7d74da07297161e2539296a173f62fa88bac853e2baea32a28b44556ab77d
20:07:35.786 [main] INFO  🐳 [postgres:9.6.8] - Container postgres:9.6.8 started in PT3.660399644S
]]></system-out>
  </testcase>
  <testcase name="testLoadTables" classname="org.angnysa.autodb.metadata.jdbc.loader.db.TestJdbcMetadataLoader_Postgresql" time="4.032">
    <error type="java.lang.NullPointerException"><![CDATA[java.lang.NullPointerException: Cannot invoke "String.matches(String)" because "catalog" is null
]]></error>
    <system-out><![CDATA[20:07:36.140 [main] INFO  🐳 [postgres:9.6.8] - Creating container for image: postgres:9.6.8
20:07:36.170 [main] INFO  🐳 [postgres:9.6.8] - Starting container with ID: 2f4e70ee14156d92055658859410b4a75acaa00bee20a05e1bba4d30b37d5439
20:07:36.436 [main] INFO  🐳 [postgres:9.6.8] - Container postgres:9.6.8 is starting: 2f4e70ee14156d92055658859410b4a75acaa00bee20a05e1bba4d30b37d5439
20:07:39.859 [main] INFO  🐳 [postgres:9.6.8] - Container postgres:9.6.8 started in PT3.719546108S
]]></system-out>
  </testcase>
  <testcase name="testLoadTables" classname="org.angnysa.autodb.metadata.jdbc.loader.db.TestJdbcMetadataLoader_Postgresql" time="3.864">
    <error type="java.lang.NullPointerException"><![CDATA[java.lang.NullPointerException: Cannot invoke "String.matches(String)" because "catalog" is null
]]></error>
    <system-out><![CDATA[20:07:40.172 [main] INFO  🐳 [postgres:9.6.8] - Creating container for image: postgres:9.6.8
20:07:40.200 [main] INFO  🐳 [postgres:9.6.8] - Starting container with ID: 6d1c195682eefdf9435b961f7bceab4bfe58de55d44cb02ac519315b16ecaecb
20:07:40.441 [main] INFO  🐳 [postgres:9.6.8] - Container postgres:9.6.8 is starting: 6d1c195682eefdf9435b961f7bceab4bfe58de55d44cb02ac519315b16ecaecb
20:07:43.796 [main] INFO  🐳 [postgres:9.6.8] - Container postgres:9.6.8 started in PT3.624292345S
]]></system-out>
  </testcase>
  <testcase name="testLoadTables" classname="org.angnysa.autodb.metadata.jdbc.loader.db.TestJdbcMetadataLoader_Postgresql" time="4.023">
    <error type="java.lang.NullPointerException"><![CDATA[java.lang.NullPointerException: Cannot invoke "String.matches(String)" because "catalog" is null
]]></error>
    <system-out><![CDATA[20:07:44.037 [main] INFO  🐳 [postgres:9.6.8] - Creating container for image: postgres:9.6.8
20:07:44.063 [main] INFO  🐳 [postgres:9.6.8] - Starting container with ID: ca33c3fd97fb93bccb5bc238bbe32283f75e3c33884bea98aab73b99258840b6
20:07:44.378 [main] INFO  🐳 [postgres:9.6.8] - Container postgres:9.6.8 is starting: ca33c3fd97fb93bccb5bc238bbe32283f75e3c33884bea98aab73b99258840b6
20:07:47.750 [main] INFO  🐳 [postgres:9.6.8] - Container postgres:9.6.8 started in PT3.714202598S
]]></system-out>
  </testcase>
  <testcase name="testLoadTables" classname="org.angnysa.autodb.metadata.jdbc.loader.db.TestJdbcMetadataLoader_Postgresql" time="4.117">
    <error type="java.lang.NullPointerException"><![CDATA[java.lang.NullPointerException: Cannot invoke "String.matches(String)" because "catalog" is null
]]></error>
    <system-out><![CDATA[20:07:48.060 [main] INFO  🐳 [postgres:9.6.8] - Creating container for image: postgres:9.6.8
20:07:48.090 [main] INFO  🐳 [postgres:9.6.8] - Starting container with ID: 9ed7c30aa53689d9f0896d240a00d02b88bcd6455626563d504faf2b05e9e86f
20:07:48.366 [main] INFO  🐳 [postgres:9.6.8] - Container postgres:9.6.8 is starting: 9ed7c30aa53689d9f0896d240a00d02b88bcd6455626563d504faf2b05e9e86f
20:07:51.848 [main] INFO  🐳 [postgres:9.6.8] - Container postgres:9.6.8 started in PT3.787816612S
]]></system-out>
  </testcase>
  <testcase name="testLoadTables" classname="org.angnysa.autodb.metadata.jdbc.loader.db.TestJdbcMetadataLoader_Postgresql" time="4.027">
    <error type="java.lang.NullPointerException"><![CDATA[java.lang.NullPointerException: Cannot invoke "String.matches(String)" because "catalog" is null
]]></error>
    <system-out><![CDATA[20:07:52.178 [main] INFO  🐳 [postgres:9.6.8] - Creating container for image: postgres:9.6.8
20:07:52.205 [main] INFO  🐳 [postgres:9.6.8] - Starting container with ID: 54a81a530d2da74233a56f2afd7c702bdfcd02b03f2b87f4db7fb58517977d7d
20:07:52.471 [main] INFO  🐳 [postgres:9.6.8] - Container postgres:9.6.8 is starting: 54a81a530d2da74233a56f2afd7c702bdfcd02b03f2b87f4db7fb58517977d7d
20:07:55.871 [main] INFO  🐳 [postgres:9.6.8] - Container postgres:9.6.8 started in PT3.69312713S
]]></system-out>
  </testcase>
  <testcase name="testLoadColumns" classname="org.angnysa.autodb.metadata.jdbc.loader.db.TestJdbcMetadataLoader_Postgresql" time="4.038">
    <failure type="org.opentest4j.AssertionFailedError"><![CDATA[org.opentest4j.AssertionFailedError: expected: <2> but was: <0>
]]></failure>
    <system-out><![CDATA[20:07:56.206 [main] INFO  🐳 [postgres:9.6.8] - Creating container for image: postgres:9.6.8
20:07:56.238 [main] INFO  🐳 [postgres:9.6.8] - Starting container with ID: 925e7e45abbfa5d9784dce79cd13b318ae43c2fd85870d74714dfffb14883d37
20:07:56.492 [main] INFO  🐳 [postgres:9.6.8] - Container postgres:9.6.8 is starting: 925e7e45abbfa5d9784dce79cd13b318ae43c2fd85870d74714dfffb14883d37
20:07:59.832 [main] INFO  🐳 [postgres:9.6.8] - Container postgres:9.6.8 started in PT3.626268731S
20:07:59.839 [main] DEBUG org.angnysa.autodb.query.jdbc.JdbcScriptRunner - create table TEST_121_A (
  id1 int not null,
  id2 int not null,
  constraint PK_TEST_121_A primary key (id1, id2)
)

20:07:59.841 [main] DEBUG org.angnysa.autodb.query.jdbc.JdbcScriptRunner - create table TEST_121_B (
  id1 int not null,
  id2 int not null,
  a_id1 int not null,
  a_id2 int not null,
  constraint PK_TEST_121_B primary key (id1, id2),
  constraint UK_TEST_121_B unique (a_id1, a_id2),
  constraint FK_TEST_121_B_A foreign key (a_id1, a_id2) references TEST_121_A (id1, id2) on update cascade on delete restrict
)

20:07:59.843 [main] DEBUG org.angnysa.autodb.query.jdbc.JdbcScriptRunner - create table TEST_M21_A (
  id1 int not null,
  id2 int not null,
  constraint PK_TEST_M21_A primary key (id1, id2)
)

20:07:59.844 [main] DEBUG org.angnysa.autodb.query.jdbc.JdbcScriptRunner - create table TEST_M21_B (
  id1 int not null,
  id2 int not null,
  a_id1 int not null,
  a_id2 int not null,
  constraint PK_TEST_M21_B primary key (id1, id2),
  constraint FK_TEST_M21_B_A foreign key (a_id1, a_id2) references TEST_M21_A (id1, id2) on update cascade on delete restrict
)

20:07:59.845 [main] DEBUG org.angnysa.autodb.query.jdbc.JdbcScriptRunner - create index ID_TEST_M21_B_A on TEST_M21_B (a_id1, a_id2)

20:07:59.845 [main] DEBUG org.angnysa.autodb.query.jdbc.JdbcScriptRunner - create table TEST_M2M_A (
  id1 int not null,
  id2 int not null,
  constraint PK_TEST_M2M_A primary key (id1, id2)
)

20:07:59.846 [main] DEBUG org.angnysa.autodb.query.jdbc.JdbcScriptRunner - create table TEST_M2M_B (
  id1 int not null,
  id2 int not null,
  constraint PK_TEST_M2M_B primary key (id1, id2)
)

20:07:59.847 [main] DEBUG org.angnysa.autodb.query.jdbc.JdbcScriptRunner - create table TEST_M2M_REL (
  ab_id1 int not null,
  a_id2 int not null,
  b_id2 int not null,
  constraint PK_TEST_M2M_REL primary key (ab_id1, a_id2, b_id2),
  constraint FK_TEST_M2M_REL_A foreign key (ab_id1, a_id2) references TEST_M2M_A (id1, id2) on update cascade on delete restrict,
  constraint FK_TEST_M2M_REL_B foreign key (ab_id1, b_id2) references TEST_M2M_B (id1, id2) on update cascade on delete restrict
)

20:08:00.124 [main] DEBUG org.angnysa.autodb.metadata.jdbc.loader.AbstractJdbcMetadataLoaderTester - Target table: TEST_121_A
20:08:00.127 [main] DEBUG org.angnysa.autodb.metadata.jdbc.loader.AbstractJdbcMetadataLoaderTester - Expected columns: [ExpectedColumn(name=ID1, type=INTEGER, mandatory=true), ExpectedColumn(name=ID2, type=INTEGER, mandatory=true)]
20:08:00.128 [main] INFO  🐳 [postgres:9.6.8] - Creating container for image: postgres:9.6.8
20:08:00.157 [main] INFO  🐳 [postgres:9.6.8] - Starting container with ID: b9fd584175b79c4351437f3927bcebf4d674244a5103a2c62e586341ef4315e9
20:08:00.415 [main] INFO  🐳 [postgres:9.6.8] - Container postgres:9.6.8 is starting: b9fd584175b79c4351437f3927bcebf4d674244a5103a2c62e586341ef4315e9
20:08:03.842 [main] INFO  🐳 [postgres:9.6.8] - Container postgres:9.6.8 started in PT3.714316475S
]]></system-out>
  </testcase>
  <testcase name="testLoadColumns" classname="org.angnysa.autodb.metadata.jdbc.loader.db.TestJdbcMetadataLoader_Postgresql" time="4.031">
    <failure type="org.opentest4j.AssertionFailedError"><![CDATA[org.opentest4j.AssertionFailedError: expected: <4> but was: <0>
]]></failure>
    <system-out><![CDATA[20:08:04.162 [main] DEBUG org.angnysa.autodb.metadata.jdbc.loader.AbstractJdbcMetadataLoaderTester - Target table: TEST_121_B
20:08:04.163 [main] DEBUG org.angnysa.autodb.metadata.jdbc.loader.AbstractJdbcMetadataLoaderTester - Expected columns: [ExpectedColumn(name=ID1, type=INTEGER, mandatory=true), ExpectedColumn(name=ID2, type=INTEGER, mandatory=true), ExpectedColumn(name=A_ID1, type=INTEGER, mandatory=true), ExpectedColumn(name=A_ID2, type=INTEGER, mandatory=true)]
20:08:04.164 [main] INFO  🐳 [postgres:9.6.8] - Creating container for image: postgres:9.6.8
20:08:04.193 [main] INFO  🐳 [postgres:9.6.8] - Starting container with ID: 3c3c3565c55ff56b1e8d8d206593e5df1d7cc1cf20439228856c5739bdc4e898
20:08:04.446 [main] INFO  🐳 [postgres:9.6.8] - Container postgres:9.6.8 is starting: 3c3c3565c55ff56b1e8d8d206593e5df1d7cc1cf20439228856c5739bdc4e898
20:08:07.874 [main] INFO  🐳 [postgres:9.6.8] - Container postgres:9.6.8 started in PT3.710085872S
]]></system-out>
  </testcase>
  <testcase name="testLoadColumns" classname="org.angnysa.autodb.metadata.jdbc.loader.db.TestJdbcMetadataLoader_Postgresql" time="3.977">
    <failure type="org.opentest4j.AssertionFailedError"><![CDATA[org.opentest4j.AssertionFailedError: expected: <2> but was: <0>
]]></failure>
    <system-out><![CDATA[20:08:08.194 [main] DEBUG org.angnysa.autodb.metadata.jdbc.loader.AbstractJdbcMetadataLoaderTester - Target table: TEST_M21_A
20:08:08.194 [main] DEBUG org.angnysa.autodb.metadata.jdbc.loader.AbstractJdbcMetadataLoaderTester - Expected columns: [ExpectedColumn(name=ID1, type=INTEGER, mandatory=true), ExpectedColumn(name=ID2, type=INTEGER, mandatory=true)]
20:08:08.196 [main] INFO  🐳 [postgres:9.6.8] - Creating container for image: postgres:9.6.8
20:08:08.225 [main] INFO  🐳 [postgres:9.6.8] - Starting container with ID: 390e47164e2d7669249d0bdb06b04673ae25409e6ef13596268d3aeebaaa5d2c
20:08:08.495 [main] INFO  🐳 [postgres:9.6.8] - Container postgres:9.6.8 is starting: 390e47164e2d7669249d0bdb06b04673ae25409e6ef13596268d3aeebaaa5d2c
20:08:11.874 [main] INFO  🐳 [postgres:9.6.8] - Container postgres:9.6.8 started in PT3.678540326S
]]></system-out>
  </testcase>
  <testcase name="testLoadColumns" classname="org.angnysa.autodb.metadata.jdbc.loader.db.TestJdbcMetadataLoader_Postgresql" time="3.974">
    <failure type="org.opentest4j.AssertionFailedError"><![CDATA[org.opentest4j.AssertionFailedError: expected: <4> but was: <0>
]]></failure>
    <system-out><![CDATA[20:08:12.172 [main] DEBUG org.angnysa.autodb.metadata.jdbc.loader.AbstractJdbcMetadataLoaderTester - Target table: TEST_M21_B
20:08:12.172 [main] DEBUG org.angnysa.autodb.metadata.jdbc.loader.AbstractJdbcMetadataLoaderTester - Expected columns: [ExpectedColumn(name=ID1, type=INTEGER, mandatory=true), ExpectedColumn(name=ID2, type=INTEGER, mandatory=true), ExpectedColumn(name=A_ID1, type=INTEGER, mandatory=true), ExpectedColumn(name=A_ID2, type=INTEGER, mandatory=true)]
20:08:12.174 [main] INFO  🐳 [postgres:9.6.8] - Creating container for image: postgres:9.6.8
20:08:12.201 [main] INFO  🐳 [postgres:9.6.8] - Starting container with ID: f5bc8ff6990b52a3736c098fc9b6448a4806d1cd608146432b7071c61ea8e466
20:08:12.455 [main] INFO  🐳 [postgres:9.6.8] - Container postgres:9.6.8 is starting: f5bc8ff6990b52a3736c098fc9b6448a4806d1cd608146432b7071c61ea8e466
20:08:15.852 [main] INFO  🐳 [postgres:9.6.8] - Container postgres:9.6.8 started in PT3.678795526S
]]></system-out>
  </testcase>
  <testcase name="testLoadColumns" classname="org.angnysa.autodb.metadata.jdbc.loader.db.TestJdbcMetadataLoader_Postgresql" time="3.971">
    <failure type="org.opentest4j.AssertionFailedError"><![CDATA[org.opentest4j.AssertionFailedError: expected: <2> but was: <0>
]]></failure>
    <system-out><![CDATA[20:08:16.146 [main] DEBUG org.angnysa.autodb.metadata.jdbc.loader.AbstractJdbcMetadataLoaderTester - Target table: TEST_M2M_A
20:08:16.147 [main] DEBUG org.angnysa.autodb.metadata.jdbc.loader.AbstractJdbcMetadataLoaderTester - Expected columns: [ExpectedColumn(name=ID1, type=INTEGER, mandatory=true), ExpectedColumn(name=ID2, type=INTEGER, mandatory=true)]
20:08:16.148 [main] INFO  🐳 [postgres:9.6.8] - Creating container for image: postgres:9.6.8
20:08:16.181 [main] INFO  🐳 [postgres:9.6.8] - Starting container with ID: e3c4316e0446e05d2738140ac9b94ae2b1509c1a376d300b194fe03bb6fe2019
20:08:16.462 [main] INFO  🐳 [postgres:9.6.8] - Container postgres:9.6.8 is starting: e3c4316e0446e05d2738140ac9b94ae2b1509c1a376d300b194fe03bb6fe2019
20:08:19.835 [main] INFO  🐳 [postgres:9.6.8] - Container postgres:9.6.8 started in PT3.687460963S
]]></system-out>
  </testcase>
  <testcase name="testLoadColumns" classname="org.angnysa.autodb.metadata.jdbc.loader.db.TestJdbcMetadataLoader_Postgresql" time="4.034">
    <failure type="org.opentest4j.AssertionFailedError"><![CDATA[org.opentest4j.AssertionFailedError: expected: <2> but was: <0>
]]></failure>
    <system-out><![CDATA[20:08:20.118 [main] DEBUG org.angnysa.autodb.metadata.jdbc.loader.AbstractJdbcMetadataLoaderTester - Target table: TEST_M2M_B
20:08:20.118 [main] DEBUG org.angnysa.autodb.metadata.jdbc.loader.AbstractJdbcMetadataLoaderTester - Expected columns: [ExpectedColumn(name=ID1, type=INTEGER, mandatory=true), ExpectedColumn(name=ID2, type=INTEGER, mandatory=true)]
20:08:20.120 [main] INFO  🐳 [postgres:9.6.8] - Creating container for image: postgres:9.6.8
20:08:20.147 [main] INFO  🐳 [postgres:9.6.8] - Starting container with ID: db2c9a753e00f412b24ef4809e6781167341d5675c6424babf878743e39e7799
20:08:20.408 [main] INFO  🐳 [postgres:9.6.8] - Container postgres:9.6.8 is starting: db2c9a753e00f412b24ef4809e6781167341d5675c6424babf878743e39e7799
20:08:23.821 [main] INFO  🐳 [postgres:9.6.8] - Container postgres:9.6.8 started in PT3.701590654S
]]></system-out>
  </testcase>
  <testcase name="testLoadColumns" classname="org.angnysa.autodb.metadata.jdbc.loader.db.TestJdbcMetadataLoader_Postgresql" time="3.984">
    <failure type="org.opentest4j.AssertionFailedError"><![CDATA[org.opentest4j.AssertionFailedError: expected: <3> but was: <0>
]]></failure>
    <system-out><![CDATA[20:08:24.153 [main] DEBUG org.angnysa.autodb.metadata.jdbc.loader.AbstractJdbcMetadataLoaderTester - Target table: TEST_M2M_REL
20:08:24.153 [main] DEBUG org.angnysa.autodb.metadata.jdbc.loader.AbstractJdbcMetadataLoaderTester - Expected columns: [ExpectedColumn(name=AB_ID1, type=INTEGER, mandatory=true), ExpectedColumn(name=A_ID2, type=INTEGER, mandatory=true), ExpectedColumn(name=B_ID2, type=INTEGER, mandatory=true)]
20:08:24.155 [main] INFO  🐳 [postgres:9.6.8] - Creating container for image: postgres:9.6.8
20:08:24.184 [main] INFO  🐳 [postgres:9.6.8] - Starting container with ID: 02bf1a985d4c2727497c75d4f0a1f615dc9ed0e8c77d6a86e1c450f3a182d7eb
20:08:24.445 [main] INFO  🐳 [postgres:9.6.8] - Container postgres:9.6.8 is starting: 02bf1a985d4c2727497c75d4f0a1f615dc9ed0e8c77d6a86e1c450f3a182d7eb
20:08:27.844 [main] INFO  🐳 [postgres:9.6.8] - Container postgres:9.6.8 started in PT3.689239119S
]]></system-out>
  </testcase>
  <testcase name="testLoadDatabase" classname="org.angnysa.autodb.metadata.jdbc.loader.db.TestJdbcMetadataLoader_Postgresql" time="8.065">
    <error type="java.lang.NullPointerException"><![CDATA[java.lang.NullPointerException: Cannot invoke "String.matches(String)" because "catalog" is null
]]></error>
    <system-out><![CDATA[20:08:28.140 [main] INFO  🐳 [postgres:9.6.8] - Creating container for image: postgres:9.6.8
20:08:28.166 [main] INFO  🐳 [postgres:9.6.8] - Starting container with ID: 51cea5ebcf312e2d9c7c5a305caae01d544091f4db0595f2e81d16875134b65c
20:08:28.475 [main] INFO  🐳 [postgres:9.6.8] - Container postgres:9.6.8 is starting: 51cea5ebcf312e2d9c7c5a305caae01d544091f4db0595f2e81d16875134b65c
20:08:31.852 [main] INFO  🐳 [postgres:9.6.8] - Container postgres:9.6.8 started in PT3.71318644S
20:08:31.859 [main] DEBUG org.angnysa.autodb.query.jdbc.JdbcScriptRunner - create table TEST_121_A (
  id1 int not null,
  id2 int not null,
  constraint PK_TEST_121_A primary key (id1, id2)
)

20:08:31.862 [main] DEBUG org.angnysa.autodb.query.jdbc.JdbcScriptRunner - create table TEST_121_B (
  id1 int not null,
  id2 int not null,
  a_id1 int not null,
  a_id2 int not null,
  constraint PK_TEST_121_B primary key (id1, id2),
  constraint UK_TEST_121_B unique (a_id1, a_id2),
  constraint FK_TEST_121_B_A foreign key (a_id1, a_id2) references TEST_121_A (id1, id2) on update cascade on delete restrict
)

20:08:31.863 [main] DEBUG org.angnysa.autodb.query.jdbc.JdbcScriptRunner - create table TEST_M21_A (
  id1 int not null,
  id2 int not null,
  constraint PK_TEST_M21_A primary key (id1, id2)
)

20:08:31.864 [main] DEBUG org.angnysa.autodb.query.jdbc.JdbcScriptRunner - create table TEST_M21_B (
  id1 int not null,
  id2 int not null,
  a_id1 int not null,
  a_id2 int not null,
  constraint PK_TEST_M21_B primary key (id1, id2),
  constraint FK_TEST_M21_B_A foreign key (a_id1, a_id2) references TEST_M21_A (id1, id2) on update cascade on delete restrict
)

20:08:31.865 [main] DEBUG org.angnysa.autodb.query.jdbc.JdbcScriptRunner - create index ID_TEST_M21_B_A on TEST_M21_B (a_id1, a_id2)

20:08:31.865 [main] DEBUG org.angnysa.autodb.query.jdbc.JdbcScriptRunner - create table TEST_M2M_A (
  id1 int not null,
  id2 int not null,
  constraint PK_TEST_M2M_A primary key (id1, id2)
)

20:08:31.866 [main] DEBUG org.angnysa.autodb.query.jdbc.JdbcScriptRunner - create table TEST_M2M_B (
  id1 int not null,
  id2 int not null,
  constraint PK_TEST_M2M_B primary key (id1, id2)
)

20:08:31.866 [main] DEBUG org.angnysa.autodb.query.jdbc.JdbcScriptRunner - create table TEST_M2M_REL (
  ab_id1 int not null,
  a_id2 int not null,
  b_id2 int not null,
  constraint PK_TEST_M2M_REL primary key (ab_id1, a_id2, b_id2),
  constraint FK_TEST_M2M_REL_A foreign key (ab_id1, a_id2) references TEST_M2M_A (id1, id2) on update cascade on delete restrict,
  constraint FK_TEST_M2M_REL_B foreign key (ab_id1, b_id2) references TEST_M2M_B (id1, id2) on update cascade on delete restrict
)

20:08:32.181 [main] INFO  🐳 [postgres:9.6.8] - Creating container for image: postgres:9.6.8
20:08:32.208 [main] INFO  🐳 [postgres:9.6.8] - Starting container with ID: 5fa57c2683c658374831fdff70bc89e5e7f4333f497145fa7f6f0408d18a186d
20:08:32.488 [main] INFO  🐳 [postgres:9.6.8] - Container postgres:9.6.8 is starting: 5fa57c2683c658374831fdff70bc89e5e7f4333f497145fa7f6f0408d18a186d
20:08:35.912 [main] INFO  🐳 [postgres:9.6.8] - Container postgres:9.6.8 started in PT3.731608157S
]]></system-out>
  </testcase>
  <testcase name="testLoadIndices" classname="org.angnysa.autodb.metadata.jdbc.loader.db.TestJdbcMetadataLoader_Postgresql" time="3.949">
    <system-out><![CDATA[20:08:36.205 [main] INFO  🐳 [postgres:9.6.8] - Creating container for image: postgres:9.6.8
20:08:36.245 [main] INFO  🐳 [postgres:9.6.8] - Starting container with ID: 00fa680760a45699ffcfc28a708633bd39f828c8b9303e42528ae81c48f7593a
20:08:36.529 [main] INFO  🐳 [postgres:9.6.8] - Container postgres:9.6.8 is starting: 00fa680760a45699ffcfc28a708633bd39f828c8b9303e42528ae81c48f7593a
20:08:39.917 [main] INFO  🐳 [postgres:9.6.8] - Container postgres:9.6.8 started in PT3.712479513S
20:08:39.923 [main] DEBUG org.angnysa.autodb.query.jdbc.JdbcScriptRunner - create table TEST_121_A (
  id1 int not null,
  id2 int not null,
  constraint PK_TEST_121_A primary key (id1, id2)
)

20:08:39.925 [main] DEBUG org.angnysa.autodb.query.jdbc.JdbcScriptRunner - create table TEST_121_B (
  id1 int not null,
  id2 int not null,
  a_id1 int not null,
  a_id2 int not null,
  constraint PK_TEST_121_B primary key (id1, id2),
  constraint UK_TEST_121_B unique (a_id1, a_id2),
  constraint FK_TEST_121_B_A foreign key (a_id1, a_id2) references TEST_121_A (id1, id2) on update cascade on delete restrict
)

20:08:39.926 [main] DEBUG org.angnysa.autodb.query.jdbc.JdbcScriptRunner - create table TEST_M21_A (
  id1 int not null,
  id2 int not null,
  constraint PK_TEST_M21_A primary key (id1, id2)
)

20:08:39.927 [main] DEBUG org.angnysa.autodb.query.jdbc.JdbcScriptRunner - create table TEST_M21_B (
  id1 int not null,
  id2 int not null,
  a_id1 int not null,
  a_id2 int not null,
  constraint PK_TEST_M21_B primary key (id1, id2),
  constraint FK_TEST_M21_B_A foreign key (a_id1, a_id2) references TEST_M21_A (id1, id2) on update cascade on delete restrict
)

20:08:39.928 [main] DEBUG org.angnysa.autodb.query.jdbc.JdbcScriptRunner - create index ID_TEST_M21_B_A on TEST_M21_B (a_id1, a_id2)

20:08:39.929 [main] DEBUG org.angnysa.autodb.query.jdbc.JdbcScriptRunner - create table TEST_M2M_A (
  id1 int not null,
  id2 int not null,
  constraint PK_TEST_M2M_A primary key (id1, id2)
)

20:08:39.929 [main] DEBUG org.angnysa.autodb.query.jdbc.JdbcScriptRunner - create table TEST_M2M_B (
  id1 int not null,
  id2 int not null,
  constraint PK_TEST_M2M_B primary key (id1, id2)
)

20:08:39.930 [main] DEBUG org.angnysa.autodb.query.jdbc.JdbcScriptRunner - create table TEST_M2M_REL (
  ab_id1 int not null,
  a_id2 int not null,
  b_id2 int not null,
  constraint PK_TEST_M2M_REL primary key (ab_id1, a_id2, b_id2),
  constraint FK_TEST_M2M_REL_A foreign key (ab_id1, a_id2) references TEST_M2M_A (id1, id2) on update cascade on delete restrict,
  constraint FK_TEST_M2M_REL_B foreign key (ab_id1, b_id2) references TEST_M2M_B (id1, id2) on update cascade on delete restrict
)

20:08:40.235 [main] DEBUG org.angnysa.autodb.metadata.jdbc.loader.AbstractJdbcMetadataLoaderTester - Target table: TEST_121_A
20:08:40.235 [main] DEBUG org.angnysa.autodb.metadata.jdbc.loader.AbstractJdbcMetadataLoaderTester - Expected Indices: []
20:08:40.237 [main] INFO  🐳 [postgres:9.6.8] - Creating container for image: postgres:9.6.8
20:08:40.262 [main] INFO  🐳 [postgres:9.6.8] - Starting container with ID: 7ce985aa3c0c43828a2bf129c695ab74a67e80f982729ca2243daf8bb1117cdd
20:08:40.496 [main] INFO  🐳 [postgres:9.6.8] - Container postgres:9.6.8 is starting: 7ce985aa3c0c43828a2bf129c695ab74a67e80f982729ca2243daf8bb1117cdd
20:08:43.876 [main] INFO  🐳 [postgres:9.6.8] - Container postgres:9.6.8 started in PT3.638959352S
]]></system-out>
  </testcase>
  <testcase name="testLoadIndices" classname="org.angnysa.autodb.metadata.jdbc.loader.db.TestJdbcMetadataLoader_Postgresql" time="4.046">
    <failure type="org.opentest4j.AssertionFailedError"><![CDATA[org.opentest4j.AssertionFailedError: Expected index matching: ExpectedIndex(unique=true, columns=[A_ID2, A_ID2])
]]></failure>
    <system-out><![CDATA[20:08:44.185 [main] DEBUG org.angnysa.autodb.metadata.jdbc.loader.AbstractJdbcMetadataLoaderTester - Target table: TEST_121_B
20:08:44.185 [main] DEBUG org.angnysa.autodb.metadata.jdbc.loader.AbstractJdbcMetadataLoaderTester - Expected Indices: [ExpectedIndex(unique=true, columns=[A_ID2, A_ID2])]
20:08:44.187 [main] INFO  🐳 [postgres:9.6.8] - Creating container for image: postgres:9.6.8
20:08:44.216 [main] INFO  🐳 [postgres:9.6.8] - Starting container with ID: 0e04bb39f36bf8af95b7e0fa3b362f4d6c4bf2ae23c8f1e0b34c9133642b949f
20:08:44.519 [main] INFO  🐳 [postgres:9.6.8] - Container postgres:9.6.8 is starting: 0e04bb39f36bf8af95b7e0fa3b362f4d6c4bf2ae23c8f1e0b34c9133642b949f
20:08:47.887 [main] INFO  🐳 [postgres:9.6.8] - Container postgres:9.6.8 started in PT3.700814525S
20:08:47.905 [main] DEBUG org.angnysa.autodb.metadata.jdbc.loader.AbstractJdbcMetadataLoaderTester - Verifying index: null :: [A_ID2, A_ID2]
]]></system-out>
  </testcase>
  <testcase name="testLoadIndices" classname="org.angnysa.autodb.metadata.jdbc.loader.db.TestJdbcMetadataLoader_Postgresql" time="3.962">
    <system-out><![CDATA[20:08:48.232 [main] DEBUG org.angnysa.autodb.metadata.jdbc.loader.AbstractJdbcMetadataLoaderTester - Target table: TEST_M21_A
20:08:48.232 [main] DEBUG org.angnysa.autodb.metadata.jdbc.loader.AbstractJdbcMetadataLoaderTester - Expected Indices: []
20:08:48.233 [main] INFO  🐳 [postgres:9.6.8] - Creating container for image: postgres:9.6.8
20:08:48.260 [main] INFO  🐳 [postgres:9.6.8] - Starting container with ID: 879a1df1cd9a3f1e23b894525150847981181e3515d3ef0e013208548113ed0c
20:08:48.534 [main] INFO  🐳 [postgres:9.6.8] - Container postgres:9.6.8 is starting: 879a1df1cd9a3f1e23b894525150847981181e3515d3ef0e013208548113ed0c
20:08:51.882 [main] INFO  🐳 [postgres:9.6.8] - Container postgres:9.6.8 started in PT3.649333038S
]]></system-out>
  </testcase>
  <testcase name="testLoadIndices" classname="org.angnysa.autodb.metadata.jdbc.loader.db.TestJdbcMetadataLoader_Postgresql" time="3.969">
    <failure type="org.opentest4j.AssertionFailedError"><![CDATA[org.opentest4j.AssertionFailedError: Expected index matching: ExpectedIndex(unique=false, columns=[A_ID2, A_ID2])
]]></failure>
    <system-out><![CDATA[20:08:52.193 [main] DEBUG org.angnysa.autodb.metadata.jdbc.loader.AbstractJdbcMetadataLoaderTester - Target table: TEST_M21_B
20:08:52.193 [main] DEBUG org.angnysa.autodb.metadata.jdbc.loader.AbstractJdbcMetadataLoaderTester - Expected Indices: [ExpectedIndex(unique=false, columns=[A_ID2, A_ID2])]
20:08:52.195 [main] INFO  🐳 [postgres:9.6.8] - Creating container for image: postgres:9.6.8
20:08:52.226 [main] INFO  🐳 [postgres:9.6.8] - Starting container with ID: 02ff7d70dde7dbdd998ea6ba8acd93e0e2fb8870bfb783792fe6c500e546aede
20:08:52.501 [main] INFO  🐳 [postgres:9.6.8] - Container postgres:9.6.8 is starting: 02ff7d70dde7dbdd998ea6ba8acd93e0e2fb8870bfb783792fe6c500e546aede
20:08:55.896 [main] INFO  🐳 [postgres:9.6.8] - Container postgres:9.6.8 started in PT3.701708908S
20:08:55.909 [main] DEBUG org.angnysa.autodb.metadata.jdbc.loader.AbstractJdbcMetadataLoaderTester - Verifying index: null :: [A_ID2, A_ID2]
]]></system-out>
  </testcase>
  <testcase name="testLoadIndices" classname="org.angnysa.autodb.metadata.jdbc.loader.db.TestJdbcMetadataLoader_Postgresql" time="3.934">
    <system-out><![CDATA[20:08:56.163 [main] DEBUG org.angnysa.autodb.metadata.jdbc.loader.AbstractJdbcMetadataLoaderTester - Target table: TEST_M2M_A
20:08:56.163 [main] DEBUG org.angnysa.autodb.metadata.jdbc.loader.AbstractJdbcMetadataLoaderTester - Expected Indices: []
20:08:56.165 [main] INFO  🐳 [postgres:9.6.8] - Creating container for image: postgres:9.6.8
20:08:56.190 [main] INFO  🐳 [postgres:9.6.8] - Starting container with ID: 9ff96885de36f28981add2a7930cc6aa380d03dae050bb637bdf11e2fa1a5026
20:08:56.432 [main] INFO  🐳 [postgres:9.6.8] - Container postgres:9.6.8 is starting: 9ff96885de36f28981add2a7930cc6aa380d03dae050bb637bdf11e2fa1a5026
20:08:59.804 [main] INFO  🐳 [postgres:9.6.8] - Container postgres:9.6.8 started in PT3.639041163S
]]></system-out>
  </testcase>
  <testcase name="testLoadIndices" classname="org.angnysa.autodb.metadata.jdbc.loader.db.TestJdbcMetadataLoader_Postgresql" time="3.998">
    <system-out><![CDATA[20:09:00.098 [main] DEBUG org.angnysa.autodb.metadata.jdbc.loader.AbstractJdbcMetadataLoaderTester - Target table: TEST_M2M_B
20:09:00.098 [main] DEBUG org.angnysa.autodb.metadata.jdbc.loader.AbstractJdbcMetadataLoaderTester - Expected Indices: []
20:09:00.099 [main] INFO  🐳 [postgres:9.6.8] - Creating container for image: postgres:9.6.8
20:09:00.125 [main] INFO  🐳 [postgres:9.6.8] - Starting container with ID: 96eeddbd6436e687edc2607ef03562012f14bfc169bab716d2eb349b8e7e0882
20:09:00.380 [main] INFO  🐳 [postgres:9.6.8] - Container postgres:9.6.8 is starting: 96eeddbd6436e687edc2607ef03562012f14bfc169bab716d2eb349b8e7e0882
20:09:03.795 [main] INFO  🐳 [postgres:9.6.8] - Container postgres:9.6.8 started in PT3.695525024S
]]></system-out>
  </testcase>
  <testcase name="testLoadIndices" classname="org.angnysa.autodb.metadata.jdbc.loader.db.TestJdbcMetadataLoader_Postgresql" time="3.989">
    <failure type="org.opentest4j.AssertionFailedError"><![CDATA[org.opentest4j.AssertionFailedError: Expected index matching: ExpectedIndex(unique=false, columns=[AB_ID1, A_ID2])
]]></failure>
    <system-out><![CDATA[20:09:04.097 [main] DEBUG org.angnysa.autodb.metadata.jdbc.loader.AbstractJdbcMetadataLoaderTester - Target table: TEST_M2M_REL
20:09:04.097 [main] DEBUG org.angnysa.autodb.metadata.jdbc.loader.AbstractJdbcMetadataLoaderTester - Expected Indices: [ExpectedIndex(unique=false, columns=[AB_ID1, A_ID2]), ExpectedIndex(unique=false, columns=[AB_ID1, B_ID2])]
20:09:04.098 [main] INFO  🐳 [postgres:9.6.8] - Creating container for image: postgres:9.6.8
20:09:04.125 [main] INFO  🐳 [postgres:9.6.8] - Starting container with ID: 366dd1c6b44385dada758266c9c1947e9c5f4b6f7e4e204e24b4068f240c71ea
20:09:04.388 [main] INFO  🐳 [postgres:9.6.8] - Container postgres:9.6.8 is starting: 366dd1c6b44385dada758266c9c1947e9c5f4b6f7e4e204e24b4068f240c71ea
20:09:07.814 [main] INFO  🐳 [postgres:9.6.8] - Container postgres:9.6.8 started in PT3.71563938S
20:09:07.831 [main] DEBUG org.angnysa.autodb.metadata.jdbc.loader.AbstractJdbcMetadataLoaderTester - Verifying index: null :: [AB_ID1, A_ID2]
]]></system-out>
  </testcase>
  <testcase name="testLoadForeignKeys" classname="org.angnysa.autodb.metadata.jdbc.loader.db.TestJdbcMetadataLoader_Postgresql" time="4.056">
    <error type="java.lang.NullPointerException"><![CDATA[java.lang.NullPointerException: Cannot invoke "String.matches(String)" because "catalog" is null
]]></error>
    <system-out><![CDATA[20:09:08.088 [main] INFO  🐳 [postgres:9.6.8] - Creating container for image: postgres:9.6.8
20:09:08.117 [main] INFO  🐳 [postgres:9.6.8] - Starting container with ID: b77e5e2087cd6eb12f7386f7df09900534c2e561fb506fbef3cb7e8eb7f9439d
20:09:08.365 [main] INFO  🐳 [postgres:9.6.8] - Container postgres:9.6.8 is starting: b77e5e2087cd6eb12f7386f7df09900534c2e561fb506fbef3cb7e8eb7f9439d
20:09:11.727 [main] INFO  🐳 [postgres:9.6.8] - Container postgres:9.6.8 started in PT3.639149456S
20:09:11.733 [main] DEBUG org.angnysa.autodb.query.jdbc.JdbcScriptRunner - create table TEST_121_A (
  id1 int not null,
  id2 int not null,
  constraint PK_TEST_121_A primary key (id1, id2)
)

20:09:11.735 [main] DEBUG org.angnysa.autodb.query.jdbc.JdbcScriptRunner - create table TEST_121_B (
  id1 int not null,
  id2 int not null,
  a_id1 int not null,
  a_id2 int not null,
  constraint PK_TEST_121_B primary key (id1, id2),
  constraint UK_TEST_121_B unique (a_id1, a_id2),
  constraint FK_TEST_121_B_A foreign key (a_id1, a_id2) references TEST_121_A (id1, id2) on update cascade on delete restrict
)

20:09:11.736 [main] DEBUG org.angnysa.autodb.query.jdbc.JdbcScriptRunner - create table TEST_M21_A (
  id1 int not null,
  id2 int not null,
  constraint PK_TEST_M21_A primary key (id1, id2)
)

20:09:11.740 [main] DEBUG org.angnysa.autodb.query.jdbc.JdbcScriptRunner - create table TEST_M21_B (
  id1 int not null,
  id2 int not null,
  a_id1 int not null,
  a_id2 int not null,
  constraint PK_TEST_M21_B primary key (id1, id2),
  constraint FK_TEST_M21_B_A foreign key (a_id1, a_id2) references TEST_M21_A (id1, id2) on update cascade on delete restrict
)

20:09:11.741 [main] DEBUG org.angnysa.autodb.query.jdbc.JdbcScriptRunner - create index ID_TEST_M21_B_A on TEST_M21_B (a_id1, a_id2)

20:09:11.742 [main] DEBUG org.angnysa.autodb.query.jdbc.JdbcScriptRunner - create table TEST_M2M_A (
  id1 int not null,
  id2 int not null,
  constraint PK_TEST_M2M_A primary key (id1, id2)
)

20:09:11.742 [main] DEBUG org.angnysa.autodb.query.jdbc.JdbcScriptRunner - create table TEST_M2M_B (
  id1 int not null,
  id2 int not null,
  constraint PK_TEST_M2M_B primary key (id1, id2)
)

20:09:11.743 [main] DEBUG org.angnysa.autodb.query.jdbc.JdbcScriptRunner - create table TEST_M2M_REL (
  ab_id1 int not null,
  a_id2 int not null,
  b_id2 int not null,
  constraint PK_TEST_M2M_REL primary key (ab_id1, a_id2, b_id2),
  constraint FK_TEST_M2M_REL_A foreign key (ab_id1, a_id2) references TEST_M2M_A (id1, id2) on update cascade on delete restrict,
  constraint FK_TEST_M2M_REL_B foreign key (ab_id1, b_id2) references TEST_M2M_B (id1, id2) on update cascade on delete restrict
)

20:09:12.053 [main] DEBUG org.angnysa.autodb.metadata.jdbc.loader.AbstractJdbcMetadataLoaderTester - Target table: TEST_121_A
20:09:12.053 [main] DEBUG org.angnysa.autodb.metadata.jdbc.loader.AbstractJdbcMetadataLoaderTester - Expected Foreign Keys: []
20:09:12.054 [main] INFO  🐳 [postgres:9.6.8] - Creating container for image: postgres:9.6.8
20:09:12.084 [main] INFO  🐳 [postgres:9.6.8] - Starting container with ID: d1ce364730f2cd5438a9b8baf99e24ccf0eb0310f3a5a3ee9408924f3770218c
20:09:12.339 [main] INFO  🐳 [postgres:9.6.8] - Container postgres:9.6.8 is starting: d1ce364730f2cd5438a9b8baf99e24ccf0eb0310f3a5a3ee9408924f3770218c
20:09:15.764 [main] INFO  🐳 [postgres:9.6.8] - Container postgres:9.6.8 started in PT3.710499641S
]]></system-out>
  </testcase>
  <testcase name="testLoadForeignKeys" classname="org.angnysa.autodb.metadata.jdbc.loader.db.TestJdbcMetadataLoader_Postgresql" time="4.073">
    <error type="java.lang.NullPointerException"><![CDATA[java.lang.NullPointerException: Cannot invoke "String.matches(String)" because "catalog" is null
]]></error>
    <system-out><![CDATA[20:09:16.109 [main] DEBUG org.angnysa.autodb.metadata.jdbc.loader.AbstractJdbcMetadataLoaderTester - Target table: TEST_121_B
20:09:16.112 [main] DEBUG org.angnysa.autodb.metadata.jdbc.loader.AbstractJdbcMetadataLoaderTester - Expected Foreign Keys: [ExpectedForeignKey(name=FK_TEST_121_B_A, mandatory=true, referencingColumns=[A_ID1, A_ID2], referencedTable=TEST_121_A, referencedColumns=[ID1, ID2])]
20:09:16.113 [main] INFO  🐳 [postgres:9.6.8] - Creating container for image: postgres:9.6.8
20:09:16.139 [main] INFO  🐳 [postgres:9.6.8] - Starting container with ID: 54c9a65227808c7a1aae1610e304a97877db6089cc7975fbde6d1b356b6ec94e
20:09:16.443 [main] INFO  🐳 [postgres:9.6.8] - Container postgres:9.6.8 is starting: 54c9a65227808c7a1aae1610e304a97877db6089cc7975fbde6d1b356b6ec94e
20:09:19.850 [main] INFO  🐳 [postgres:9.6.8] - Container postgres:9.6.8 started in PT3.737151865S
]]></system-out>
  </testcase>
  <testcase name="testLoadForeignKeys" classname="org.angnysa.autodb.metadata.jdbc.loader.db.TestJdbcMetadataLoader_Postgresql" time="3.974">
    <error type="java.lang.NullPointerException"><![CDATA[java.lang.NullPointerException: Cannot invoke "String.matches(String)" because "catalog" is null
]]></error>
    <system-out><![CDATA[20:09:20.183 [main] DEBUG org.angnysa.autodb.metadata.jdbc.loader.AbstractJdbcMetadataLoaderTester - Target table: TEST_M21_A
20:09:20.183 [main] DEBUG org.angnysa.autodb.metadata.jdbc.loader.AbstractJdbcMetadataLoaderTester - Expected Foreign Keys: []
20:09:20.184 [main] INFO  🐳 [postgres:9.6.8] - Creating container for image: postgres:9.6.8
20:09:20.213 [main] INFO  🐳 [postgres:9.6.8] - Starting container with ID: 7f7b11421499798372c73c5405dcf450fcaf02bef96cd53b37a2c5605b8941d7
20:09:20.480 [main] INFO  🐳 [postgres:9.6.8] - Container postgres:9.6.8 is starting: 7f7b11421499798372c73c5405dcf450fcaf02bef96cd53b37a2c5605b8941d7
20:09:23.853 [main] INFO  🐳 [postgres:9.6.8] - Container postgres:9.6.8 started in PT3.669067344S
]]></system-out>
  </testcase>
  <testcase name="testLoadForeignKeys" classname="org.angnysa.autodb.metadata.jdbc.loader.db.TestJdbcMetadataLoader_Postgresql" time="3.984">
    <error type="java.lang.NullPointerException"><![CDATA[java.lang.NullPointerException: Cannot invoke "String.matches(String)" because "catalog" is null
]]></error>
    <system-out><![CDATA[20:09:24.158 [main] DEBUG org.angnysa.autodb.metadata.jdbc.loader.AbstractJdbcMetadataLoaderTester - Target table: TEST_M21_B
20:09:24.158 [main] DEBUG org.angnysa.autodb.metadata.jdbc.loader.AbstractJdbcMetadataLoaderTester - Expected Foreign Keys: [ExpectedForeignKey(name=FK_TEST_M21_B_A, mandatory=true, referencingColumns=[A_ID1, A_ID2], referencedTable=TEST_M21_A, referencedColumns=[ID1, ID2])]
20:09:24.159 [main] INFO  🐳 [postgres:9.6.8] - Creating container for image: postgres:9.6.8
20:09:24.190 [main] INFO  🐳 [postgres:9.6.8] - Starting container with ID: 5498d92eb1aca72b4812e0c036f4f85c9a914dc2c0346636ed4ca0c84fa76e5f
20:09:24.512 [main] INFO  🐳 [postgres:9.6.8] - Container postgres:9.6.8 is starting: 5498d92eb1aca72b4812e0c036f4f85c9a914dc2c0346636ed4ca0c84fa76e5f
20:09:27.861 [main] INFO  🐳 [postgres:9.6.8] - Container postgres:9.6.8 started in PT3.701708309S
]]></system-out>
  </testcase>
  <testcase name="testLoadForeignKeys" classname="org.angnysa.autodb.metadata.jdbc.loader.db.TestJdbcMetadataLoader_Postgresql" time="3.985">
    <error type="java.lang.NullPointerException"><![CDATA[java.lang.NullPointerException: Cannot invoke "String.matches(String)" because "catalog" is null
]]></error>
    <system-out><![CDATA[20:09:28.143 [main] DEBUG org.angnysa.autodb.metadata.jdbc.loader.AbstractJdbcMetadataLoaderTester - Target table: TEST_M2M_A
20:09:28.143 [main] DEBUG org.angnysa.autodb.metadata.jdbc.loader.AbstractJdbcMetadataLoaderTester - Expected Foreign Keys: []
20:09:28.145 [main] INFO  🐳 [postgres:9.6.8] - Creating container for image: postgres:9.6.8
20:09:28.177 [main] INFO  🐳 [postgres:9.6.8] - Starting container with ID: 030dbf5605ea79c030f3f05aa6810b912fcdd693782d6a06258d455ff21b069a
20:09:28.424 [main] INFO  🐳 [postgres:9.6.8] - Container postgres:9.6.8 is starting: 030dbf5605ea79c030f3f05aa6810b912fcdd693782d6a06258d455ff21b069a
20:09:31.789 [main] INFO  🐳 [postgres:9.6.8] - Container postgres:9.6.8 started in PT3.644738489S
]]></system-out>
  </testcase>
  <testcase name="testLoadForeignKeys" classname="org.angnysa.autodb.metadata.jdbc.loader.db.TestJdbcMetadataLoader_Postgresql" time="3.93">
    <error type="java.lang.NullPointerException"><![CDATA[java.lang.NullPointerException: Cannot invoke "String.matches(String)" because "catalog" is null
]]></error>
    <system-out><![CDATA[20:09:32.128 [main] DEBUG org.angnysa.autodb.metadata.jdbc.loader.AbstractJdbcMetadataLoaderTester - Target table: TEST_M2M_B
20:09:32.129 [main] DEBUG org.angnysa.autodb.metadata.jdbc.loader.AbstractJdbcMetadataLoaderTester - Expected Foreign Keys: []
20:09:32.130 [main] INFO  🐳 [postgres:9.6.8] - Creating container for image: postgres:9.6.8
20:09:32.157 [main] INFO  🐳 [postgres:9.6.8] - Starting container with ID: 8d98efdeadae686a662e5f12484b96d847594c933adb786ab6acf1613d23a99c
20:09:32.399 [main] INFO  🐳 [postgres:9.6.8] - Container postgres:9.6.8 is starting: 8d98efdeadae686a662e5f12484b96d847594c933adb786ab6acf1613d23a99c
20:09:35.743 [main] INFO  🐳 [postgres:9.6.8] - Container postgres:9.6.8 started in PT3.612996215S
]]></system-out>
  </testcase>
  <testcase name="testLoadForeignKeys" classname="org.angnysa.autodb.metadata.jdbc.loader.db.TestJdbcMetadataLoader_Postgresql" time="3.894">
    <error type="java.lang.NullPointerException"><![CDATA[java.lang.NullPointerException: Cannot invoke "String.matches(String)" because "catalog" is null
]]></error>
    <system-out><![CDATA[20:09:36.059 [main] DEBUG org.angnysa.autodb.metadata.jdbc.loader.AbstractJdbcMetadataLoaderTester - Target table: TEST_M2M_REL
20:09:36.059 [main] DEBUG org.angnysa.autodb.metadata.jdbc.loader.AbstractJdbcMetadataLoaderTester - Expected Foreign Keys: [ExpectedForeignKey(name=FK_TEST_M2M_REL_A, mandatory=true, referencingColumns=[AB_ID1, A_ID2], referencedTable=TEST_M2M_A, referencedColumns=[ID1, ID2]), ExpectedForeignKey(name=FK_TEST_M2M_REL_B, mandatory=true, referencingColumns=[AB_ID1, B_ID2], referencedTable=TEST_M2M_B, referencedColumns=[ID1, ID2])]
20:09:36.061 [main] INFO  🐳 [postgres:9.6.8] - Creating container for image: postgres:9.6.8
20:09:36.088 [main] INFO  🐳 [postgres:9.6.8] - Starting container with ID: 6e6d612ae60b8888b54527343b8ea4fb8279976bab9e884230e706fa3b07065a
20:09:36.352 [main] INFO  🐳 [postgres:9.6.8] - Container postgres:9.6.8 is starting: 6e6d612ae60b8888b54527343b8ea4fb8279976bab9e884230e706fa3b07065a
20:09:39.658 [main] INFO  🐳 [postgres:9.6.8] - Container postgres:9.6.8 started in PT3.59744872S
]]></system-out>
  </testcase>
</testsuite>