<?xml version="1.0" encoding="UTF-8"?>
<testsuite xmlns:xsi="http://www.w3.org/2001/XMLSchema-instance" xsi:noNamespaceSchemaLocation="https://maven.apache.org/surefire/maven-surefire-plugin/xsd/surefire-test-report-3.0.xsd" version="3.0" name="org.angnysa.autodb.metadata.jdbc.TestJdbcIndex" time="0.011" tests="15" errors="0" skipped="0" failures="0">
  <properties>
[...]
</properties>
  <testcase name="testCoversOrMore_LessThanIndex" classname="org.angnysa.autodb.metadata.jdbc.TestJdbcIndex" time="0.001"/>
  <testcase name="testCoversLess_Different" classname="org.angnysa.autodb.metadata.jdbc.TestJdbcIndex" time="0.001"/>
  <testcase name="testCoversLess_Equals" classname="org.angnysa.autodb.metadata.jdbc.TestJdbcIndex" time="0.001"/>
  <testcase name="testCoversExact_Equals" classname="org.angnysa.autodb.metadata.jdbc.TestJdbcIndex" time="0"/>
  <testcase name="testCoversOrMore_Different" classname="org.angnysa.autodb.metadata.jdbc.TestJdbcIndex" time="0"/>
  <testcase name="testCoversExact_Partial" classname="org.angnysa.autodb.metadata.jdbc.TestJdbcIndex" time="0.001"/>
  <testcase name="testCoversOrMore_MoreThanIndex" classname="org.angnysa.autodb.metadata.jdbc.TestJdbcIndex" time="0"/>
  <testcase name="testCoversLess_Partial" classname="org.angnysa.autodb.metadata.jdbc.TestJdbcIndex" time="0"/>
  <testcase name="testCoversOrMore_Equals" classname="org.angnysa.autodb.metadata.jdbc.TestJdbcIndex" time="0"/>
  <testcase name="testCoversLess_LessThanIndex" classname="org.angnysa.autodb.metadata.jdbc.TestJdbcIndex" time="0"/>
  <testcase name="testCoversExact_LessThanIndex" classname="org.angnysa.autodb.metadata.jdbc.TestJdbcIndex" time="0.001"/>
  <testcase name="testCoversLess_MoreThanIndex" classname="org.angnysa.autodb.metadata.jdbc.TestJdbcIndex" time="0"/>
  <testcase name="testCoversExact_Different" classname="org.angnysa.autodb.metadata.jdbc.TestJdbcIndex" time="0.001"/>
  <testcase name="testCoversExact_MoreThanIndex" classname="org.angnysa.autodb.metadata.jdbc.TestJdbcIndex" time="0"/>
  <testcase name="testCoversOrMore_Partial" classname="org.angnysa.autodb.metadata.jdbc.TestJdbcIndex" time="0"/>
</testsuite>