<?xml version="1.0" encoding="UTF-8"?>
<testsuite xmlns:xsi="http://www.w3.org/2001/XMLSchema-instance" xsi:noNamespaceSchemaLocation="https://maven.apache.org/surefire/maven-surefire-plugin/xsd/surefire-test-report-3.0.xsd" version="3.0" name="org.angnysa.autodb.metadata.jdbc.loader.db.TestJdbcMetadataLoader_HSqlDb" time="1.364" tests="43" errors="11" skipped="0" failures="7">
  <properties>
[...]
</properties>
  <testcase name="testLoadPrimaryKey" classname="org.angnysa.autodb.metadata.jdbc.loader.db.TestJdbcMetadataLoader_HSqlDb" time="0.058">
    <system-out><![CDATA[23:58:13.194 [main] DEBUG org.angnysa.autodb.query.jdbc.JdbcScriptRunner - Using database: HSQL Database Engine 2.6.0, driver: HSQL Database Engine Driver 2.6.0, default catalog: 'PUBLIC', default schema: 'PUBLIC'
23:58:13.194 [main] DEBUG org.angnysa.autodb.query.jdbc.JdbcScriptRunner - create table TEST_121_A (
  id1 int not null,
  id2 int not null,
  constraint PK_TEST_121_A primary key (id1, id2)
)

23:58:13.195 [main] DEBUG org.angnysa.autodb.query.jdbc.JdbcScriptRunner - create table TEST_121_B (
  id1 int not null,
  id2 int not null,
  a_id1 int not null,
  a_id2 int not null,
  constraint PK_TEST_121_B primary key (id1, id2),
  constraint UK_TEST_121_B unique (a_id1, a_id2),
  constraint FK_TEST_121_B_A foreign key (a_id1, a_id2) references TEST_121_A (id1, id2) on update cascade on delete restrict
)

23:58:13.196 [main] DEBUG org.angnysa.autodb.query.jdbc.JdbcScriptRunner - create table TEST_M21_A (
  id1 int not null,
  id2 int not null,
  constraint PK_TEST_M21_A primary key (id1, id2)
)

23:58:13.197 [main] DEBUG org.angnysa.autodb.query.jdbc.JdbcScriptRunner - create table TEST_M21_B (
  id1 int not null,
  id2 int not null,
  a_id1 int not null,
  a_id2 int not null,
  constraint PK_TEST_M21_B primary key (id1, id2),
  constraint FK_TEST_M21_B_A foreign key (a_id1, a_id2) references TEST_M21_A (id1, id2) on update cascade on delete restrict
)

23:58:13.198 [main] DEBUG org.angnysa.autodb.query.jdbc.JdbcScriptRunner - create index ID_TEST_M21_B_A on TEST_M21_B (a_id1, a_id2)

23:58:13.198 [main] DEBUG org.angnysa.autodb.query.jdbc.JdbcScriptRunner - create table TEST_M2M_A (
  id1 int not null,
  id2 int not null,
  constraint PK_TEST_M2M_A primary key (id1, id2)
)

23:58:13.199 [main] DEBUG org.angnysa.autodb.query.jdbc.JdbcScriptRunner - create table TEST_M2M_B (
  id1 int not null,
  id2 int not null,
  constraint PK_TEST_M2M_B primary key (id1, id2)
)

23:58:13.199 [main] DEBUG org.angnysa.autodb.query.jdbc.JdbcScriptRunner - create table TEST_M2M_REL (
  ab_id1 int not null,
  a_id2 int not null,
  b_id2 int not null,
  constraint PK_TEST_M2M_REL primary key (ab_id1, a_id2, b_id2),
  constraint FK_TEST_M2M_REL_A foreign key (ab_id1, a_id2) references TEST_M2M_A (id1, id2) on update cascade on delete restrict,
  constraint FK_TEST_M2M_REL_B foreign key (ab_id1, b_id2) references TEST_M2M_B (id1, id2) on update cascade on delete restrict
)

23:58:13.201 [main] DEBUG org.angnysa.autodb.metadata.jdbc.loader.AbstractJdbcMetadataLoaderTester - Using database: HSQL Database Engine 2.6.0, driver: HSQL Database Engine Driver 2.6.0, default catalog: 'PUBLIC', default schema: 'PUBLIC'
23:58:13.202 [main] DEBUG org.angnysa.autodb.metadata.jdbc.loader.AbstractJdbcMetadataLoaderTester - Target table: TEST_121_A
23:58:13.204 [main] DEBUG org.angnysa.autodb.metadata.jdbc.loader.AbstractJdbcMetadataLoaderTester - Expected Primary Key: ExpectedIndex(unique=true, columns=[ID1, ID2])
23:58:13.257 [main] TRACE org.angnysa.autodb.metadata.jdbc.loader.JdbcMetadataLoader - Column loaded: PUBLIC.PUBLIC.TEST_121_A :: JdbcColumn ID1 INTEGER(mandatory, len < 32) 
23:58:13.257 [main] TRACE org.angnysa.autodb.metadata.jdbc.loader.JdbcMetadataLoader - Column loaded: PUBLIC.PUBLIC.TEST_121_A :: JdbcColumn ID2 INTEGER(mandatory, len < 32) 
23:58:13.258 [main] TRACE org.angnysa.autodb.metadata.jdbc.loader.JdbcMetadataLoader - Primary Key loaded: PUBLIC.PUBLIC.TEST_121_A :: JdbcUniqueIndex [unique] name: 'PK_TEST_121_A', columns: ('ID1', 'ID2')
]]></system-out>
  </testcase>
  <testcase name="testLoadPrimaryKey" classname="org.angnysa.autodb.metadata.jdbc.loader.db.TestJdbcMetadataLoader_HSqlDb" time="0.025">
    <system-out><![CDATA[23:58:13.261 [main] DEBUG org.angnysa.autodb.metadata.jdbc.loader.AbstractJdbcMetadataLoaderTester - Target table: TEST_121_B
23:58:13.261 [main] DEBUG org.angnysa.autodb.metadata.jdbc.loader.AbstractJdbcMetadataLoaderTester - Expected Primary Key: ExpectedIndex(unique=true, columns=[ID1, ID2])
23:58:13.281 [main] TRACE org.angnysa.autodb.metadata.jdbc.loader.JdbcMetadataLoader - Column loaded: PUBLIC.PUBLIC.TEST_121_B :: JdbcColumn ID1 INTEGER(mandatory, len < 32) 
23:58:13.281 [main] TRACE org.angnysa.autodb.metadata.jdbc.loader.JdbcMetadataLoader - Column loaded: PUBLIC.PUBLIC.TEST_121_B :: JdbcColumn ID2 INTEGER(mandatory, len < 32) 
23:58:13.281 [main] TRACE org.angnysa.autodb.metadata.jdbc.loader.JdbcMetadataLoader - Column loaded: PUBLIC.PUBLIC.TEST_121_B :: JdbcColumn A_ID1 INTEGER(mandatory, len < 32) 
23:58:13.281 [main] TRACE org.angnysa.autodb.metadata.jdbc.loader.JdbcMetadataLoader - Column loaded: PUBLIC.PUBLIC.TEST_121_B :: JdbcColumn A_ID2 INTEGER(mandatory, len < 32) 
23:58:13.282 [main] TRACE org.angnysa.autodb.metadata.jdbc.loader.JdbcMetadataLoader - Primary Key loaded: PUBLIC.PUBLIC.TEST_121_B :: JdbcUniqueIndex [unique] name: 'PK_TEST_121_B', columns: ('ID1', 'ID2')
]]></system-out>
  </testcase>
  <testcase name="testLoadPrimaryKey" classname="org.angnysa.autodb.metadata.jdbc.loader.db.TestJdbcMetadataLoader_HSqlDb" time="0.028">
    <system-out><![CDATA[23:58:13.286 [main] DEBUG org.angnysa.autodb.metadata.jdbc.loader.AbstractJdbcMetadataLoaderTester - Target table: TEST_M21_A
23:58:13.286 [main] DEBUG org.angnysa.autodb.metadata.jdbc.loader.AbstractJdbcMetadataLoaderTester - Expected Primary Key: ExpectedIndex(unique=true, columns=[ID1, ID2])
23:58:13.310 [main] TRACE org.angnysa.autodb.metadata.jdbc.loader.JdbcMetadataLoader - Column loaded: PUBLIC.PUBLIC.TEST_M21_A :: JdbcColumn ID1 INTEGER(mandatory, len < 32) 
23:58:13.310 [main] TRACE org.angnysa.autodb.metadata.jdbc.loader.JdbcMetadataLoader - Column loaded: PUBLIC.PUBLIC.TEST_M21_A :: JdbcColumn ID2 INTEGER(mandatory, len < 32) 
23:58:13.314 [main] TRACE org.angnysa.autodb.metadata.jdbc.loader.JdbcMetadataLoader - Primary Key loaded: PUBLIC.PUBLIC.TEST_M21_A :: JdbcUniqueIndex [unique] name: 'PK_TEST_M21_A', columns: ('ID1', 'ID2')
]]></system-out>
  </testcase>
  <testcase name="testLoadPrimaryKey" classname="org.angnysa.autodb.metadata.jdbc.loader.db.TestJdbcMetadataLoader_HSqlDb" time="0.033">
    <system-out><![CDATA[23:58:13.315 [main] DEBUG org.angnysa.autodb.metadata.jdbc.loader.AbstractJdbcMetadataLoaderTester - Target table: TEST_M21_B
23:58:13.315 [main] DEBUG org.angnysa.autodb.metadata.jdbc.loader.AbstractJdbcMetadataLoaderTester - Expected Primary Key: ExpectedIndex(unique=true, columns=[ID1, ID2])
23:58:13.347 [main] TRACE org.angnysa.autodb.metadata.jdbc.loader.JdbcMetadataLoader - Column loaded: PUBLIC.PUBLIC.TEST_M21_B :: JdbcColumn ID1 INTEGER(mandatory, len < 32) 
23:58:13.347 [main] TRACE org.angnysa.autodb.metadata.jdbc.loader.JdbcMetadataLoader - Column loaded: PUBLIC.PUBLIC.TEST_M21_B :: JdbcColumn ID2 INTEGER(mandatory, len < 32) 
23:58:13.347 [main] TRACE org.angnysa.autodb.metadata.jdbc.loader.JdbcMetadataLoader - Column loaded: PUBLIC.PUBLIC.TEST_M21_B :: JdbcColumn A_ID1 INTEGER(mandatory, len < 32) 
23:58:13.347 [main] TRACE org.angnysa.autodb.metadata.jdbc.loader.JdbcMetadataLoader - Column loaded: PUBLIC.PUBLIC.TEST_M21_B :: JdbcColumn A_ID2 INTEGER(mandatory, len < 32) 
23:58:13.348 [main] TRACE org.angnysa.autodb.metadata.jdbc.loader.JdbcMetadataLoader - Primary Key loaded: PUBLIC.PUBLIC.TEST_M21_B :: JdbcUniqueIndex [unique] name: 'PK_TEST_M21_B', columns: ('ID1', 'ID2')
]]></system-out>
  </testcase>
  <testcase name="testLoadPrimaryKey" classname="org.angnysa.autodb.metadata.jdbc.loader.db.TestJdbcMetadataLoader_HSqlDb" time="0.014">
    <system-out><![CDATA[23:58:13.348 [main] DEBUG org.angnysa.autodb.metadata.jdbc.loader.AbstractJdbcMetadataLoaderTester - Target table: TEST_M2M_A
23:58:13.348 [main] DEBUG org.angnysa.autodb.metadata.jdbc.loader.AbstractJdbcMetadataLoaderTester - Expected Primary Key: ExpectedIndex(unique=true, columns=[ID1, ID2])
23:58:13.361 [main] TRACE org.angnysa.autodb.metadata.jdbc.loader.JdbcMetadataLoader - Column loaded: PUBLIC.PUBLIC.TEST_M2M_A :: JdbcColumn ID1 INTEGER(mandatory, len < 32) 
23:58:13.361 [main] TRACE org.angnysa.autodb.metadata.jdbc.loader.JdbcMetadataLoader - Column loaded: PUBLIC.PUBLIC.TEST_M2M_A :: JdbcColumn ID2 INTEGER(mandatory, len < 32) 
23:58:13.362 [main] TRACE org.angnysa.autodb.metadata.jdbc.loader.JdbcMetadataLoader - Primary Key loaded: PUBLIC.PUBLIC.TEST_M2M_A :: JdbcUniqueIndex [unique] name: 'PK_TEST_M2M_A', columns: ('ID1', 'ID2')
]]></system-out>
  </testcase>
  <testcase name="testLoadPrimaryKey" classname="org.angnysa.autodb.metadata.jdbc.loader.db.TestJdbcMetadataLoader_HSqlDb" time="0.017">
    <system-out><![CDATA[23:58:13.363 [main] DEBUG org.angnysa.autodb.metadata.jdbc.loader.AbstractJdbcMetadataLoaderTester - Target table: TEST_M2M_B
23:58:13.363 [main] DEBUG org.angnysa.autodb.metadata.jdbc.loader.AbstractJdbcMetadataLoaderTester - Expected Primary Key: ExpectedIndex(unique=true, columns=[ID1, ID2])
23:58:13.377 [main] TRACE org.angnysa.autodb.metadata.jdbc.loader.JdbcMetadataLoader - Column loaded: PUBLIC.PUBLIC.TEST_M2M_B :: JdbcColumn ID1 INTEGER(mandatory, len < 32) 
23:58:13.377 [main] TRACE org.angnysa.autodb.metadata.jdbc.loader.JdbcMetadataLoader - Column loaded: PUBLIC.PUBLIC.TEST_M2M_B :: JdbcColumn ID2 INTEGER(mandatory, len < 32) 
23:58:13.379 [main] TRACE org.angnysa.autodb.metadata.jdbc.loader.JdbcMetadataLoader - Primary Key loaded: PUBLIC.PUBLIC.TEST_M2M_B :: JdbcUniqueIndex [unique] name: 'PK_TEST_M2M_B', columns: ('ID1', 'ID2')
]]></system-out>
  </testcase>
  <testcase name="testLoadPrimaryKey" classname="org.angnysa.autodb.metadata.jdbc.loader.db.TestJdbcMetadataLoader_HSqlDb" time="0.017">
    <system-out><![CDATA[23:58:13.380 [main] DEBUG org.angnysa.autodb.metadata.jdbc.loader.AbstractJdbcMetadataLoaderTester - Target table: TEST_M2M_REL
23:58:13.380 [main] DEBUG org.angnysa.autodb.metadata.jdbc.loader.AbstractJdbcMetadataLoaderTester - Expected Primary Key: ExpectedIndex(unique=true, columns=[AB_ID1, A_ID2, B_ID2])
23:58:13.395 [main] TRACE org.angnysa.autodb.metadata.jdbc.loader.JdbcMetadataLoader - Column loaded: PUBLIC.PUBLIC.TEST_M2M_REL :: JdbcColumn AB_ID1 INTEGER(mandatory, len < 32) 
23:58:13.396 [main] TRACE org.angnysa.autodb.metadata.jdbc.loader.JdbcMetadataLoader - Column loaded: PUBLIC.PUBLIC.TEST_M2M_REL :: JdbcColumn A_ID2 INTEGER(mandatory, len < 32) 
23:58:13.396 [main] TRACE org.angnysa.autodb.metadata.jdbc.loader.JdbcMetadataLoader - Column loaded: PUBLIC.PUBLIC.TEST_M2M_REL :: JdbcColumn B_ID2 INTEGER(mandatory, len < 32) 
23:58:13.397 [main] TRACE org.angnysa.autodb.metadata.jdbc.loader.JdbcMetadataLoader - Primary Key loaded: PUBLIC.PUBLIC.TEST_M2M_REL :: JdbcUniqueIndex [unique] name: 'PK_TEST_M2M_REL', columns: ('AB_ID1', 'A_ID2', 'B_ID2')
]]></system-out>
  </testcase>
  <testcase name="testLoadRelations" classname="org.angnysa.autodb.metadata.jdbc.loader.db.TestJdbcMetadataLoader_HSqlDb" time="0.043">
    <error type="java.lang.IllegalStateException"><![CDATA[java.lang.IllegalStateException: No table named 'PUBLIC.PUBLIC.TEST_121_B'
]]></error>
    <system-out><![CDATA[23:58:13.398 [main] DEBUG org.angnysa.autodb.metadata.jdbc.loader.AbstractJdbcMetadataLoaderTester - Using database: HSQL Database Engine 2.6.0, driver: HSQL Database Engine Driver 2.6.0, default catalog: 'PUBLIC', default schema: 'PUBLIC'
23:58:13.404 [main] DEBUG org.angnysa.autodb.metadata.jdbc.loader.AbstractJdbcMetadataLoaderTester - Target table: TEST_121_A
23:58:13.404 [main] DEBUG org.angnysa.autodb.metadata.jdbc.loader.AbstractJdbcMetadataLoaderTester - Expected Relations: [ExpectedRelation(name=FK_TEST_121_B_A, type=OneToOne, mandatory=false, referencingColumns=[ID1, ID2], referencedTable=TEST_121_B, referencedColumns=[A_ID1, A_ID2])]
23:58:13.425 [main] TRACE org.angnysa.autodb.metadata.jdbc.loader.JdbcMetadataLoader - Column loaded: PUBLIC.PUBLIC.TEST_121_A :: JdbcColumn ID1 INTEGER(mandatory, len < 32) 
23:58:13.425 [main] TRACE org.angnysa.autodb.metadata.jdbc.loader.JdbcMetadataLoader - Column loaded: PUBLIC.PUBLIC.TEST_121_A :: JdbcColumn ID2 INTEGER(mandatory, len < 32) 
23:58:13.426 [main] TRACE org.angnysa.autodb.metadata.jdbc.loader.JdbcMetadataLoader - Index loaded: PUBLIC.PUBLIC.TEST_121_A :: JdbcUniqueIndex [unique] name: 'SYS_IDX_PK_TEST_121_A_10094', columns: ('ID1', 'ID2')
23:58:13.427 [main] TRACE org.angnysa.autodb.metadata.jdbc.loader.JdbcMetadataLoader - Primary Key loaded: PUBLIC.PUBLIC.TEST_121_A :: JdbcUniqueIndex [unique] name: 'PK_TEST_121_A', columns: ('ID1', 'ID2')
23:58:13.427 [main] TRACE org.angnysa.autodb.metadata.jdbc.loader.JdbcMetadataLoader - Table loaded:
[!!!org.angnysa.autodb.metadata.jdbc.JdbcTable@7776dee7=>java.lang.NullPointerException:Cannot invoke "org.angnysa.autodb.metadata.jdbc.JdbcDatabase.getRelations(org.angnysa.autodb.metadata.jdbc.JdbcTable)" because "this.database" is null!!!]
23:58:13.428 [main] TRACE org.angnysa.autodb.metadata.jdbc.loader.JdbcMetadataLoader - Column loaded: PUBLIC.PUBLIC.TEST_121_B :: JdbcColumn ID1 INTEGER(mandatory, len < 32) 
23:58:13.428 [main] TRACE org.angnysa.autodb.metadata.jdbc.loader.JdbcMetadataLoader - Column loaded: PUBLIC.PUBLIC.TEST_121_B :: JdbcColumn ID2 INTEGER(mandatory, len < 32) 
23:58:13.428 [main] TRACE org.angnysa.autodb.metadata.jdbc.loader.JdbcMetadataLoader - Column loaded: PUBLIC.PUBLIC.TEST_121_B :: JdbcColumn A_ID1 INTEGER(mandatory, len < 32) 
23:58:13.428 [main] TRACE org.angnysa.autodb.metadata.jdbc.loader.JdbcMetadataLoader - Column loaded: PUBLIC.PUBLIC.TEST_121_B :: JdbcColumn A_ID2 INTEGER(mandatory, len < 32) 
23:58:13.429 [main] TRACE org.angnysa.autodb.metadata.jdbc.loader.JdbcMetadataLoader - Index loaded: PUBLIC.PUBLIC.TEST_121_B :: JdbcUniqueIndex [unique] name: 'SYS_IDX_UK_TEST_121_B_10106', columns: ('A_ID1', 'A_ID2')
23:58:13.429 [main] TRACE org.angnysa.autodb.metadata.jdbc.loader.JdbcMetadataLoader - Index loaded: PUBLIC.PUBLIC.TEST_121_B :: JdbcUniqueIndex [unique] name: 'SYS_IDX_PK_TEST_121_B_10101', columns: ('ID1', 'ID2')
23:58:13.429 [main] TRACE org.angnysa.autodb.metadata.jdbc.loader.JdbcMetadataLoader - Index loaded: PUBLIC.PUBLIC.TEST_121_B :: JdbcIndex [index] name: 'SYS_IDX_FK_TEST_121_B_A_10107', columns: ('A_ID1', 'A_ID2')
23:58:13.429 [main] TRACE org.angnysa.autodb.metadata.jdbc.loader.JdbcMetadataLoader - Primary Key loaded: PUBLIC.PUBLIC.TEST_121_B :: JdbcUniqueIndex [unique] name: 'PK_TEST_121_B', columns: ('ID1', 'ID2')
23:58:13.429 [main] TRACE org.angnysa.autodb.metadata.jdbc.loader.JdbcMetadataLoader - Table loaded:
[!!!org.angnysa.autodb.metadata.jdbc.JdbcTable@403d9a5b=>java.lang.NullPointerException:Cannot invoke "org.angnysa.autodb.metadata.jdbc.JdbcDatabase.getRelations(org.angnysa.autodb.metadata.jdbc.JdbcTable)" because "this.database" is null!!!]
23:58:13.430 [main] TRACE org.angnysa.autodb.metadata.jdbc.loader.JdbcMetadataLoader - Column loaded: PUBLIC.PUBLIC.TEST_M21_A :: JdbcColumn ID1 INTEGER(mandatory, len < 32) 
23:58:13.430 [main] TRACE org.angnysa.autodb.metadata.jdbc.loader.JdbcMetadataLoader - Column loaded: PUBLIC.PUBLIC.TEST_M21_A :: JdbcColumn ID2 INTEGER(mandatory, len < 32) 
23:58:13.430 [main] TRACE org.angnysa.autodb.metadata.jdbc.loader.JdbcMetadataLoader - Index loaded: PUBLIC.PUBLIC.TEST_M21_A :: JdbcUniqueIndex [unique] name: 'SYS_IDX_PK_TEST_M21_A_10111', columns: ('ID1', 'ID2')
23:58:13.431 [main] TRACE org.angnysa.autodb.metadata.jdbc.loader.JdbcMetadataLoader - Primary Key loaded: PUBLIC.PUBLIC.TEST_M21_A :: JdbcUniqueIndex [unique] name: 'PK_TEST_M21_A', columns: ('ID1', 'ID2')
23:58:13.431 [main] TRACE org.angnysa.autodb.metadata.jdbc.loader.JdbcMetadataLoader - Table loaded:
[!!!org.angnysa.autodb.metadata.jdbc.JdbcTable@4b961cb6=>java.lang.NullPointerException:Cannot invoke "org.angnysa.autodb.metadata.jdbc.JdbcDatabase.getRelations(org.angnysa.autodb.metadata.jdbc.JdbcTable)" because "this.database" is null!!!]
23:58:13.432 [main] TRACE org.angnysa.autodb.metadata.jdbc.loader.JdbcMetadataLoader - Column loaded: PUBLIC.PUBLIC.TEST_M21_B :: JdbcColumn ID1 INTEGER(mandatory, len < 32) 
23:58:13.432 [main] TRACE org.angnysa.autodb.metadata.jdbc.loader.JdbcMetadataLoader - Column loaded: PUBLIC.PUBLIC.TEST_M21_B :: JdbcColumn ID2 INTEGER(mandatory, len < 32) 
23:58:13.432 [main] TRACE org.angnysa.autodb.metadata.jdbc.loader.JdbcMetadataLoader - Column loaded: PUBLIC.PUBLIC.TEST_M21_B :: JdbcColumn A_ID1 INTEGER(mandatory, len < 32) 
23:58:13.432 [main] TRACE org.angnysa.autodb.metadata.jdbc.loader.JdbcMetadataLoader - Column loaded: PUBLIC.PUBLIC.TEST_M21_B :: JdbcColumn A_ID2 INTEGER(mandatory, len < 32) 
23:58:13.432 [main] TRACE org.angnysa.autodb.metadata.jdbc.loader.JdbcMetadataLoader - Index loaded: PUBLIC.PUBLIC.TEST_M21_B :: JdbcIndex [index] name: 'ID_TEST_M21_B_A', columns: ('A_ID1', 'A_ID2')
23:58:13.432 [main] TRACE org.angnysa.autodb.metadata.jdbc.loader.JdbcMetadataLoader - Index loaded: PUBLIC.PUBLIC.TEST_M21_B :: JdbcIndex [index] name: 'SYS_IDX_FK_TEST_M21_B_A_10123', columns: ('A_ID1', 'A_ID2')
23:58:13.432 [main] TRACE org.angnysa.autodb.metadata.jdbc.loader.JdbcMetadataLoader - Index loaded: PUBLIC.PUBLIC.TEST_M21_B :: JdbcUniqueIndex [unique] name: 'SYS_IDX_PK_TEST_M21_B_10118', columns: ('ID1', 'ID2')
23:58:13.433 [main] TRACE org.angnysa.autodb.metadata.jdbc.loader.JdbcMetadataLoader - Primary Key loaded: PUBLIC.PUBLIC.TEST_M21_B :: JdbcUniqueIndex [unique] name: 'PK_TEST_M21_B', columns: ('ID1', 'ID2')
23:58:13.433 [main] TRACE org.angnysa.autodb.metadata.jdbc.loader.JdbcMetadataLoader - Table loaded:
[!!!org.angnysa.autodb.metadata.jdbc.JdbcTable@74ba4dac=>java.lang.NullPointerException:Cannot invoke "org.angnysa.autodb.metadata.jdbc.JdbcDatabase.getRelations(org.angnysa.autodb.metadata.jdbc.JdbcTable)" because "this.database" is null!!!]
23:58:13.434 [main] TRACE org.angnysa.autodb.metadata.jdbc.loader.JdbcMetadataLoader - Column loaded: PUBLIC.PUBLIC.TEST_M2M_A :: JdbcColumn ID1 INTEGER(mandatory, len < 32) 
23:58:13.434 [main] TRACE org.angnysa.autodb.metadata.jdbc.loader.JdbcMetadataLoader - Column loaded: PUBLIC.PUBLIC.TEST_M2M_A :: JdbcColumn ID2 INTEGER(mandatory, len < 32) 
23:58:13.434 [main] TRACE org.angnysa.autodb.metadata.jdbc.loader.JdbcMetadataLoader - Index loaded: PUBLIC.PUBLIC.TEST_M2M_A :: JdbcUniqueIndex [unique] name: 'SYS_IDX_PK_TEST_M2M_A_10127', columns: ('ID1', 'ID2')
23:58:13.435 [main] TRACE org.angnysa.autodb.metadata.jdbc.loader.JdbcMetadataLoader - Primary Key loaded: PUBLIC.PUBLIC.TEST_M2M_A :: JdbcUniqueIndex [unique] name: 'PK_TEST_M2M_A', columns: ('ID1', 'ID2')
23:58:13.435 [main] TRACE org.angnysa.autodb.metadata.jdbc.loader.JdbcMetadataLoader - Table loaded:
[!!!org.angnysa.autodb.metadata.jdbc.JdbcTable@22604e1c=>java.lang.NullPointerException:Cannot invoke "org.angnysa.autodb.metadata.jdbc.JdbcDatabase.getRelations(org.angnysa.autodb.metadata.jdbc.JdbcTable)" because "this.database" is null!!!]
23:58:13.436 [main] TRACE org.angnysa.autodb.metadata.jdbc.loader.JdbcMetadataLoader - Column loaded: PUBLIC.PUBLIC.TEST_M2M_B :: JdbcColumn ID1 INTEGER(mandatory, len < 32) 
23:58:13.436 [main] TRACE org.angnysa.autodb.metadata.jdbc.loader.JdbcMetadataLoader - Column loaded: PUBLIC.PUBLIC.TEST_M2M_B :: JdbcColumn ID2 INTEGER(mandatory, len < 32) 
23:58:13.436 [main] TRACE org.angnysa.autodb.metadata.jdbc.loader.JdbcMetadataLoader - Index loaded: PUBLIC.PUBLIC.TEST_M2M_B :: JdbcUniqueIndex [unique] name: 'SYS_IDX_PK_TEST_M2M_B_10132', columns: ('ID1', 'ID2')
23:58:13.437 [main] TRACE org.angnysa.autodb.metadata.jdbc.loader.JdbcMetadataLoader - Primary Key loaded: PUBLIC.PUBLIC.TEST_M2M_B :: JdbcUniqueIndex [unique] name: 'PK_TEST_M2M_B', columns: ('ID1', 'ID2')
23:58:13.437 [main] TRACE org.angnysa.autodb.metadata.jdbc.loader.JdbcMetadataLoader - Table loaded:
[!!!org.angnysa.autodb.metadata.jdbc.JdbcTable@462af4cf=>java.lang.NullPointerException:Cannot invoke "org.angnysa.autodb.metadata.jdbc.JdbcDatabase.getRelations(org.angnysa.autodb.metadata.jdbc.JdbcTable)" because "this.database" is null!!!]
23:58:13.437 [main] TRACE org.angnysa.autodb.metadata.jdbc.loader.JdbcMetadataLoader - Column loaded: PUBLIC.PUBLIC.TEST_M2M_REL :: JdbcColumn AB_ID1 INTEGER(mandatory, len < 32) 
23:58:13.437 [main] TRACE org.angnysa.autodb.metadata.jdbc.loader.JdbcMetadataLoader - Column loaded: PUBLIC.PUBLIC.TEST_M2M_REL :: JdbcColumn A_ID2 INTEGER(mandatory, len < 32) 
23:58:13.437 [main] TRACE org.angnysa.autodb.metadata.jdbc.loader.JdbcMetadataLoader - Column loaded: PUBLIC.PUBLIC.TEST_M2M_REL :: JdbcColumn B_ID2 INTEGER(mandatory, len < 32) 
23:58:13.438 [main] TRACE org.angnysa.autodb.metadata.jdbc.loader.JdbcMetadataLoader - Index loaded: PUBLIC.PUBLIC.TEST_M2M_REL :: JdbcIndex [index] name: 'SYS_IDX_FK_TEST_M2M_REL_B_10144', columns: ('AB_ID1', 'B_ID2')
23:58:13.438 [main] TRACE org.angnysa.autodb.metadata.jdbc.loader.JdbcMetadataLoader - Index loaded: PUBLIC.PUBLIC.TEST_M2M_REL :: JdbcUniqueIndex [unique] name: 'SYS_IDX_PK_TEST_M2M_REL_10138', columns: ('AB_ID1', 'A_ID2', 'B_ID2')
23:58:13.438 [main] TRACE org.angnysa.autodb.metadata.jdbc.loader.JdbcMetadataLoader - Index loaded: PUBLIC.PUBLIC.TEST_M2M_REL :: JdbcIndex [index] name: 'SYS_IDX_FK_TEST_M2M_REL_A_10142', columns: ('AB_ID1', 'A_ID2')
23:58:13.439 [main] TRACE org.angnysa.autodb.metadata.jdbc.loader.JdbcMetadataLoader - Primary Key loaded: PUBLIC.PUBLIC.TEST_M2M_REL :: JdbcUniqueIndex [unique] name: 'PK_TEST_M2M_REL', columns: ('AB_ID1', 'A_ID2', 'B_ID2')
23:58:13.439 [main] TRACE org.angnysa.autodb.metadata.jdbc.loader.JdbcMetadataLoader - Table loaded:
[!!!org.angnysa.autodb.metadata.jdbc.JdbcTable@2894519b=>java.lang.NullPointerException:Cannot invoke "org.angnysa.autodb.metadata.jdbc.JdbcDatabase.getRelations(org.angnysa.autodb.metadata.jdbc.JdbcTable)" because "this.database" is null!!!]
]]></system-out>
  </testcase>
  <testcase name="testLoadRelations" classname="org.angnysa.autodb.metadata.jdbc.loader.db.TestJdbcMetadataLoader_HSqlDb" time="0.034">
    <error type="java.lang.IllegalStateException"><![CDATA[java.lang.IllegalStateException: No table named 'PUBLIC.PUBLIC.TEST_121_B'
]]></error>
    <system-out><![CDATA[23:58:13.441 [main] DEBUG org.angnysa.autodb.metadata.jdbc.loader.AbstractJdbcMetadataLoaderTester - Target table: TEST_121_B
23:58:13.441 [main] DEBUG org.angnysa.autodb.metadata.jdbc.loader.AbstractJdbcMetadataLoaderTester - Expected Relations: [ExpectedRelation(name=FK_TEST_121_B_A, type=OneToOne, mandatory=true, referencingColumns=[A_ID1, A_ID2], referencedTable=TEST_121_A, referencedColumns=[ID1, ID2])]
23:58:13.462 [main] TRACE org.angnysa.autodb.metadata.jdbc.loader.JdbcMetadataLoader - Column loaded: PUBLIC.PUBLIC.TEST_121_A :: JdbcColumn ID1 INTEGER(mandatory, len < 32) 
23:58:13.462 [main] TRACE org.angnysa.autodb.metadata.jdbc.loader.JdbcMetadataLoader - Column loaded: PUBLIC.PUBLIC.TEST_121_A :: JdbcColumn ID2 INTEGER(mandatory, len < 32) 
23:58:13.463 [main] TRACE org.angnysa.autodb.metadata.jdbc.loader.JdbcMetadataLoader - Index loaded: PUBLIC.PUBLIC.TEST_121_A :: JdbcUniqueIndex [unique] name: 'SYS_IDX_PK_TEST_121_A_10094', columns: ('ID1', 'ID2')
23:58:13.463 [main] TRACE org.angnysa.autodb.metadata.jdbc.loader.JdbcMetadataLoader - Primary Key loaded: PUBLIC.PUBLIC.TEST_121_A :: JdbcUniqueIndex [unique] name: 'PK_TEST_121_A', columns: ('ID1', 'ID2')
23:58:13.464 [main] TRACE org.angnysa.autodb.metadata.jdbc.loader.JdbcMetadataLoader - Table loaded:
[!!!org.angnysa.autodb.metadata.jdbc.JdbcTable@6b18bdf7=>java.lang.NullPointerException:Cannot invoke "org.angnysa.autodb.metadata.jdbc.JdbcDatabase.getRelations(org.angnysa.autodb.metadata.jdbc.JdbcTable)" because "this.database" is null!!!]
23:58:13.464 [main] TRACE org.angnysa.autodb.metadata.jdbc.loader.JdbcMetadataLoader - Column loaded: PUBLIC.PUBLIC.TEST_121_B :: JdbcColumn ID1 INTEGER(mandatory, len < 32) 
23:58:13.464 [main] TRACE org.angnysa.autodb.metadata.jdbc.loader.JdbcMetadataLoader - Column loaded: PUBLIC.PUBLIC.TEST_121_B :: JdbcColumn ID2 INTEGER(mandatory, len < 32) 
23:58:13.464 [main] TRACE org.angnysa.autodb.metadata.jdbc.loader.JdbcMetadataLoader - Column loaded: PUBLIC.PUBLIC.TEST_121_B :: JdbcColumn A_ID1 INTEGER(mandatory, len < 32) 
23:58:13.464 [main] TRACE org.angnysa.autodb.metadata.jdbc.loader.JdbcMetadataLoader - Column loaded: PUBLIC.PUBLIC.TEST_121_B :: JdbcColumn A_ID2 INTEGER(mandatory, len < 32) 
23:58:13.465 [main] TRACE org.angnysa.autodb.metadata.jdbc.loader.JdbcMetadataLoader - Index loaded: PUBLIC.PUBLIC.TEST_121_B :: JdbcUniqueIndex [unique] name: 'SYS_IDX_UK_TEST_121_B_10106', columns: ('A_ID1', 'A_ID2')
23:58:13.465 [main] TRACE org.angnysa.autodb.metadata.jdbc.loader.JdbcMetadataLoader - Index loaded: PUBLIC.PUBLIC.TEST_121_B :: JdbcUniqueIndex [unique] name: 'SYS_IDX_PK_TEST_121_B_10101', columns: ('ID1', 'ID2')
23:58:13.465 [main] TRACE org.angnysa.autodb.metadata.jdbc.loader.JdbcMetadataLoader - Index loaded: PUBLIC.PUBLIC.TEST_121_B :: JdbcIndex [index] name: 'SYS_IDX_FK_TEST_121_B_A_10107', columns: ('A_ID1', 'A_ID2')
23:58:13.465 [main] TRACE org.angnysa.autodb.metadata.jdbc.loader.JdbcMetadataLoader - Primary Key loaded: PUBLIC.PUBLIC.TEST_121_B :: JdbcUniqueIndex [unique] name: 'PK_TEST_121_B', columns: ('ID1', 'ID2')
23:58:13.466 [main] TRACE org.angnysa.autodb.metadata.jdbc.loader.JdbcMetadataLoader - Table loaded:
[!!!org.angnysa.autodb.metadata.jdbc.JdbcTable@503e5a70=>java.lang.NullPointerException:Cannot invoke "org.angnysa.autodb.metadata.jdbc.JdbcDatabase.getRelations(org.angnysa.autodb.metadata.jdbc.JdbcTable)" because "this.database" is null!!!]
23:58:13.466 [main] TRACE org.angnysa.autodb.metadata.jdbc.loader.JdbcMetadataLoader - Column loaded: PUBLIC.PUBLIC.TEST_M21_A :: JdbcColumn ID1 INTEGER(mandatory, len < 32) 
23:58:13.466 [main] TRACE org.angnysa.autodb.metadata.jdbc.loader.JdbcMetadataLoader - Column loaded: PUBLIC.PUBLIC.TEST_M21_A :: JdbcColumn ID2 INTEGER(mandatory, len < 32) 
23:58:13.467 [main] TRACE org.angnysa.autodb.metadata.jdbc.loader.JdbcMetadataLoader - Index loaded: PUBLIC.PUBLIC.TEST_M21_A :: JdbcUniqueIndex [unique] name: 'SYS_IDX_PK_TEST_M21_A_10111', columns: ('ID1', 'ID2')
23:58:13.467 [main] TRACE org.angnysa.autodb.metadata.jdbc.loader.JdbcMetadataLoader - Primary Key loaded: PUBLIC.PUBLIC.TEST_M21_A :: JdbcUniqueIndex [unique] name: 'PK_TEST_M21_A', columns: ('ID1', 'ID2')
23:58:13.467 [main] TRACE org.angnysa.autodb.metadata.jdbc.loader.JdbcMetadataLoader - Table loaded:
[!!!org.angnysa.autodb.metadata.jdbc.JdbcTable@1f259685=>java.lang.NullPointerException:Cannot invoke "org.angnysa.autodb.metadata.jdbc.JdbcDatabase.getRelations(org.angnysa.autodb.metadata.jdbc.JdbcTable)" because "this.database" is null!!!]
23:58:13.468 [main] TRACE org.angnysa.autodb.metadata.jdbc.loader.JdbcMetadataLoader - Column loaded: PUBLIC.PUBLIC.TEST_M21_B :: JdbcColumn ID1 INTEGER(mandatory, len < 32) 
23:58:13.468 [main] TRACE org.angnysa.autodb.metadata.jdbc.loader.JdbcMetadataLoader - Column loaded: PUBLIC.PUBLIC.TEST_M21_B :: JdbcColumn ID2 INTEGER(mandatory, len < 32) 
23:58:13.468 [main] TRACE org.angnysa.autodb.metadata.jdbc.loader.JdbcMetadataLoader - Column loaded: PUBLIC.PUBLIC.TEST_M21_B :: JdbcColumn A_ID1 INTEGER(mandatory, len < 32) 
23:58:13.468 [main] TRACE org.angnysa.autodb.metadata.jdbc.loader.JdbcMetadataLoader - Column loaded: PUBLIC.PUBLIC.TEST_M21_B :: JdbcColumn A_ID2 INTEGER(mandatory, len < 32) 
23:58:13.468 [main] TRACE org.angnysa.autodb.metadata.jdbc.loader.JdbcMetadataLoader - Index loaded: PUBLIC.PUBLIC.TEST_M21_B :: JdbcIndex [index] name: 'ID_TEST_M21_B_A', columns: ('A_ID1', 'A_ID2')
23:58:13.468 [main] TRACE org.angnysa.autodb.metadata.jdbc.loader.JdbcMetadataLoader - Index loaded: PUBLIC.PUBLIC.TEST_M21_B :: JdbcIndex [index] name: 'SYS_IDX_FK_TEST_M21_B_A_10123', columns: ('A_ID1', 'A_ID2')
23:58:13.468 [main] TRACE org.angnysa.autodb.metadata.jdbc.loader.JdbcMetadataLoader - Index loaded: PUBLIC.PUBLIC.TEST_M21_B :: JdbcUniqueIndex [unique] name: 'SYS_IDX_PK_TEST_M21_B_10118', columns: ('ID1', 'ID2')
23:58:13.469 [main] TRACE org.angnysa.autodb.metadata.jdbc.loader.JdbcMetadataLoader - Primary Key loaded: PUBLIC.PUBLIC.TEST_M21_B :: JdbcUniqueIndex [unique] name: 'PK_TEST_M21_B', columns: ('ID1', 'ID2')
23:58:13.469 [main] TRACE org.angnysa.autodb.metadata.jdbc.loader.JdbcMetadataLoader - Table loaded:
[!!!org.angnysa.autodb.metadata.jdbc.JdbcTable@21378791=>java.lang.NullPointerException:Cannot invoke "org.angnysa.autodb.metadata.jdbc.JdbcDatabase.getRelations(org.angnysa.autodb.metadata.jdbc.JdbcTable)" because "this.database" is null!!!]
23:58:13.470 [main] TRACE org.angnysa.autodb.metadata.jdbc.loader.JdbcMetadataLoader - Column loaded: PUBLIC.PUBLIC.TEST_M2M_A :: JdbcColumn ID1 INTEGER(mandatory, len < 32) 
23:58:13.470 [main] TRACE org.angnysa.autodb.metadata.jdbc.loader.JdbcMetadataLoader - Column loaded: PUBLIC.PUBLIC.TEST_M2M_A :: JdbcColumn ID2 INTEGER(mandatory, len < 32) 
23:58:13.470 [main] TRACE org.angnysa.autodb.metadata.jdbc.loader.JdbcMetadataLoader - Index loaded: PUBLIC.PUBLIC.TEST_M2M_A :: JdbcUniqueIndex [unique] name: 'SYS_IDX_PK_TEST_M2M_A_10127', columns: ('ID1', 'ID2')
23:58:13.470 [main] TRACE org.angnysa.autodb.metadata.jdbc.loader.JdbcMetadataLoader - Primary Key loaded: PUBLIC.PUBLIC.TEST_M2M_A :: JdbcUniqueIndex [unique] name: 'PK_TEST_M2M_A', columns: ('ID1', 'ID2')
23:58:13.471 [main] TRACE org.angnysa.autodb.metadata.jdbc.loader.JdbcMetadataLoader - Table loaded:
[!!!org.angnysa.autodb.metadata.jdbc.JdbcTable@57321187=>java.lang.NullPointerException:Cannot invoke "org.angnysa.autodb.metadata.jdbc.JdbcDatabase.getRelations(org.angnysa.autodb.metadata.jdbc.JdbcTable)" because "this.database" is null!!!]
23:58:13.471 [main] TRACE org.angnysa.autodb.metadata.jdbc.loader.JdbcMetadataLoader - Column loaded: PUBLIC.PUBLIC.TEST_M2M_B :: JdbcColumn ID1 INTEGER(mandatory, len < 32) 
23:58:13.471 [main] TRACE org.angnysa.autodb.metadata.jdbc.loader.JdbcMetadataLoader - Column loaded: PUBLIC.PUBLIC.TEST_M2M_B :: JdbcColumn ID2 INTEGER(mandatory, len < 32) 
23:58:13.472 [main] TRACE org.angnysa.autodb.metadata.jdbc.loader.JdbcMetadataLoader - Index loaded: PUBLIC.PUBLIC.TEST_M2M_B :: JdbcUniqueIndex [unique] name: 'SYS_IDX_PK_TEST_M2M_B_10132', columns: ('ID1', 'ID2')
23:58:13.472 [main] TRACE org.angnysa.autodb.metadata.jdbc.loader.JdbcMetadataLoader - Primary Key loaded: PUBLIC.PUBLIC.TEST_M2M_B :: JdbcUniqueIndex [unique] name: 'PK_TEST_M2M_B', columns: ('ID1', 'ID2')
23:58:13.472 [main] TRACE org.angnysa.autodb.metadata.jdbc.loader.JdbcMetadataLoader - Table loaded:
[!!!org.angnysa.autodb.metadata.jdbc.JdbcTable@64539f36=>java.lang.NullPointerException:Cannot invoke "org.angnysa.autodb.metadata.jdbc.JdbcDatabase.getRelations(org.angnysa.autodb.metadata.jdbc.JdbcTable)" because "this.database" is null!!!]
23:58:13.473 [main] TRACE org.angnysa.autodb.metadata.jdbc.loader.JdbcMetadataLoader - Column loaded: PUBLIC.PUBLIC.TEST_M2M_REL :: JdbcColumn AB_ID1 INTEGER(mandatory, len < 32) 
23:58:13.473 [main] TRACE org.angnysa.autodb.metadata.jdbc.loader.JdbcMetadataLoader - Column loaded: PUBLIC.PUBLIC.TEST_M2M_REL :: JdbcColumn A_ID2 INTEGER(mandatory, len < 32) 
23:58:13.473 [main] TRACE org.angnysa.autodb.metadata.jdbc.loader.JdbcMetadataLoader - Column loaded: PUBLIC.PUBLIC.TEST_M2M_REL :: JdbcColumn B_ID2 INTEGER(mandatory, len < 32) 
23:58:13.473 [main] TRACE org.angnysa.autodb.metadata.jdbc.loader.JdbcMetadataLoader - Index loaded: PUBLIC.PUBLIC.TEST_M2M_REL :: JdbcIndex [index] name: 'SYS_IDX_FK_TEST_M2M_REL_B_10144', columns: ('AB_ID1', 'B_ID2')
23:58:13.473 [main] TRACE org.angnysa.autodb.metadata.jdbc.loader.JdbcMetadataLoader - Index loaded: PUBLIC.PUBLIC.TEST_M2M_REL :: JdbcUniqueIndex [unique] name: 'SYS_IDX_PK_TEST_M2M_REL_10138', columns: ('AB_ID1', 'A_ID2', 'B_ID2')
23:58:13.473 [main] TRACE org.angnysa.autodb.metadata.jdbc.loader.JdbcMetadataLoader - Index loaded: PUBLIC.PUBLIC.TEST_M2M_REL :: JdbcIndex [index] name: 'SYS_IDX_FK_TEST_M2M_REL_A_10142', columns: ('AB_ID1', 'A_ID2')
23:58:13.474 [main] TRACE org.angnysa.autodb.metadata.jdbc.loader.JdbcMetadataLoader - Primary Key loaded: PUBLIC.PUBLIC.TEST_M2M_REL :: JdbcUniqueIndex [unique] name: 'PK_TEST_M2M_REL', columns: ('AB_ID1', 'A_ID2', 'B_ID2')
23:58:13.474 [main] TRACE org.angnysa.autodb.metadata.jdbc.loader.JdbcMetadataLoader - Table loaded:
[!!!org.angnysa.autodb.metadata.jdbc.JdbcTable@67d30d56=>java.lang.NullPointerException:Cannot invoke "org.angnysa.autodb.metadata.jdbc.JdbcDatabase.getRelations(org.angnysa.autodb.metadata.jdbc.JdbcTable)" because "this.database" is null!!!]
]]></system-out>
  </testcase>
  <testcase name="testLoadRelations" classname="org.angnysa.autodb.metadata.jdbc.loader.db.TestJdbcMetadataLoader_HSqlDb" time="0.035">
    <error type="java.lang.IllegalStateException"><![CDATA[java.lang.IllegalStateException: No table named 'PUBLIC.PUBLIC.TEST_121_B'
]]></error>
    <system-out><![CDATA[23:58:13.476 [main] DEBUG org.angnysa.autodb.metadata.jdbc.loader.AbstractJdbcMetadataLoaderTester - Target table: TEST_M21_A
23:58:13.476 [main] DEBUG org.angnysa.autodb.metadata.jdbc.loader.AbstractJdbcMetadataLoaderTester - Expected Relations: [ExpectedRelation(name=FK_TEST_M21_B_A, type=OneToMany, mandatory=false, referencingColumns=[ID1, ID2], referencedTable=TEST_M21_B, referencedColumns=[A_ID1, A_ID2])]
23:58:13.499 [main] TRACE org.angnysa.autodb.metadata.jdbc.loader.JdbcMetadataLoader - Column loaded: PUBLIC.PUBLIC.TEST_121_A :: JdbcColumn ID1 INTEGER(mandatory, len < 32) 
23:58:13.499 [main] TRACE org.angnysa.autodb.metadata.jdbc.loader.JdbcMetadataLoader - Column loaded: PUBLIC.PUBLIC.TEST_121_A :: JdbcColumn ID2 INTEGER(mandatory, len < 32) 
23:58:13.500 [main] TRACE org.angnysa.autodb.metadata.jdbc.loader.JdbcMetadataLoader - Index loaded: PUBLIC.PUBLIC.TEST_121_A :: JdbcUniqueIndex [unique] name: 'SYS_IDX_PK_TEST_121_A_10094', columns: ('ID1', 'ID2')
23:58:13.500 [main] TRACE org.angnysa.autodb.metadata.jdbc.loader.JdbcMetadataLoader - Primary Key loaded: PUBLIC.PUBLIC.TEST_121_A :: JdbcUniqueIndex [unique] name: 'PK_TEST_121_A', columns: ('ID1', 'ID2')
23:58:13.500 [main] TRACE org.angnysa.autodb.metadata.jdbc.loader.JdbcMetadataLoader - Table loaded:
[!!!org.angnysa.autodb.metadata.jdbc.JdbcTable@37685102=>java.lang.NullPointerException:Cannot invoke "org.angnysa.autodb.metadata.jdbc.JdbcDatabase.getRelations(org.angnysa.autodb.metadata.jdbc.JdbcTable)" because "this.database" is null!!!]
23:58:13.501 [main] TRACE org.angnysa.autodb.metadata.jdbc.loader.JdbcMetadataLoader - Column loaded: PUBLIC.PUBLIC.TEST_121_B :: JdbcColumn ID1 INTEGER(mandatory, len < 32) 
23:58:13.501 [main] TRACE org.angnysa.autodb.metadata.jdbc.loader.JdbcMetadataLoader - Column loaded: PUBLIC.PUBLIC.TEST_121_B :: JdbcColumn ID2 INTEGER(mandatory, len < 32) 
23:58:13.501 [main] TRACE org.angnysa.autodb.metadata.jdbc.loader.JdbcMetadataLoader - Column loaded: PUBLIC.PUBLIC.TEST_121_B :: JdbcColumn A_ID1 INTEGER(mandatory, len < 32) 
23:58:13.501 [main] TRACE org.angnysa.autodb.metadata.jdbc.loader.JdbcMetadataLoader - Column loaded: PUBLIC.PUBLIC.TEST_121_B :: JdbcColumn A_ID2 INTEGER(mandatory, len < 32) 
23:58:13.502 [main] TRACE org.angnysa.autodb.metadata.jdbc.loader.JdbcMetadataLoader - Index loaded: PUBLIC.PUBLIC.TEST_121_B :: JdbcUniqueIndex [unique] name: 'SYS_IDX_UK_TEST_121_B_10106', columns: ('A_ID1', 'A_ID2')
23:58:13.502 [main] TRACE org.angnysa.autodb.metadata.jdbc.loader.JdbcMetadataLoader - Index loaded: PUBLIC.PUBLIC.TEST_121_B :: JdbcUniqueIndex [unique] name: 'SYS_IDX_PK_TEST_121_B_10101', columns: ('ID1', 'ID2')
23:58:13.502 [main] TRACE org.angnysa.autodb.metadata.jdbc.loader.JdbcMetadataLoader - Index loaded: PUBLIC.PUBLIC.TEST_121_B :: JdbcIndex [index] name: 'SYS_IDX_FK_TEST_121_B_A_10107', columns: ('A_ID1', 'A_ID2')
23:58:13.502 [main] TRACE org.angnysa.autodb.metadata.jdbc.loader.JdbcMetadataLoader - Primary Key loaded: PUBLIC.PUBLIC.TEST_121_B :: JdbcUniqueIndex [unique] name: 'PK_TEST_121_B', columns: ('ID1', 'ID2')
23:58:13.502 [main] TRACE org.angnysa.autodb.metadata.jdbc.loader.JdbcMetadataLoader - Table loaded:
[!!!org.angnysa.autodb.metadata.jdbc.JdbcTable@4a4cc870=>java.lang.NullPointerException:Cannot invoke "org.angnysa.autodb.metadata.jdbc.JdbcDatabase.getRelations(org.angnysa.autodb.metadata.jdbc.JdbcTable)" because "this.database" is null!!!]
23:58:13.503 [main] TRACE org.angnysa.autodb.metadata.jdbc.loader.JdbcMetadataLoader - Column loaded: PUBLIC.PUBLIC.TEST_M21_A :: JdbcColumn ID1 INTEGER(mandatory, len < 32) 
23:58:13.503 [main] TRACE org.angnysa.autodb.metadata.jdbc.loader.JdbcMetadataLoader - Column loaded: PUBLIC.PUBLIC.TEST_M21_A :: JdbcColumn ID2 INTEGER(mandatory, len < 32) 
23:58:13.503 [main] TRACE org.angnysa.autodb.metadata.jdbc.loader.JdbcMetadataLoader - Index loaded: PUBLIC.PUBLIC.TEST_M21_A :: JdbcUniqueIndex [unique] name: 'SYS_IDX_PK_TEST_M21_A_10111', columns: ('ID1', 'ID2')
23:58:13.504 [main] TRACE org.angnysa.autodb.metadata.jdbc.loader.JdbcMetadataLoader - Primary Key loaded: PUBLIC.PUBLIC.TEST_M21_A :: JdbcUniqueIndex [unique] name: 'PK_TEST_M21_A', columns: ('ID1', 'ID2')
23:58:13.504 [main] TRACE org.angnysa.autodb.metadata.jdbc.loader.JdbcMetadataLoader - Table loaded:
[!!!org.angnysa.autodb.metadata.jdbc.JdbcTable@79a4865e=>java.lang.NullPointerException:Cannot invoke "org.angnysa.autodb.metadata.jdbc.JdbcDatabase.getRelations(org.angnysa.autodb.metadata.jdbc.JdbcTable)" because "this.database" is null!!!]
23:58:13.504 [main] TRACE org.angnysa.autodb.metadata.jdbc.loader.JdbcMetadataLoader - Column loaded: PUBLIC.PUBLIC.TEST_M21_B :: JdbcColumn ID1 INTEGER(mandatory, len < 32) 
23:58:13.504 [main] TRACE org.angnysa.autodb.metadata.jdbc.loader.JdbcMetadataLoader - Column loaded: PUBLIC.PUBLIC.TEST_M21_B :: JdbcColumn ID2 INTEGER(mandatory, len < 32) 
23:58:13.504 [main] TRACE org.angnysa.autodb.metadata.jdbc.loader.JdbcMetadataLoader - Column loaded: PUBLIC.PUBLIC.TEST_M21_B :: JdbcColumn A_ID1 INTEGER(mandatory, len < 32) 
23:58:13.504 [main] TRACE org.angnysa.autodb.metadata.jdbc.loader.JdbcMetadataLoader - Column loaded: PUBLIC.PUBLIC.TEST_M21_B :: JdbcColumn A_ID2 INTEGER(mandatory, len < 32) 
23:58:13.505 [main] TRACE org.angnysa.autodb.metadata.jdbc.loader.JdbcMetadataLoader - Index loaded: PUBLIC.PUBLIC.TEST_M21_B :: JdbcIndex [index] name: 'ID_TEST_M21_B_A', columns: ('A_ID1', 'A_ID2')
23:58:13.505 [main] TRACE org.angnysa.autodb.metadata.jdbc.loader.JdbcMetadataLoader - Index loaded: PUBLIC.PUBLIC.TEST_M21_B :: JdbcIndex [index] name: 'SYS_IDX_FK_TEST_M21_B_A_10123', columns: ('A_ID1', 'A_ID2')
23:58:13.505 [main] TRACE org.angnysa.autodb.metadata.jdbc.loader.JdbcMetadataLoader - Index loaded: PUBLIC.PUBLIC.TEST_M21_B :: JdbcUniqueIndex [unique] name: 'SYS_IDX_PK_TEST_M21_B_10118', columns: ('ID1', 'ID2')
23:58:13.505 [main] TRACE org.angnysa.autodb.metadata.jdbc.loader.JdbcMetadataLoader - Primary Key loaded: PUBLIC.PUBLIC.TEST_M21_B :: JdbcUniqueIndex [unique] name: 'PK_TEST_M21_B', columns: ('ID1', 'ID2')
23:58:13.505 [main] TRACE org.angnysa.autodb.metadata.jdbc.loader.JdbcMetadataLoader - Table loaded:
[!!!org.angnysa.autodb.metadata.jdbc.JdbcTable@748ef9e=>java.lang.NullPointerException:Cannot invoke "org.angnysa.autodb.metadata.jdbc.JdbcDatabase.getRelations(org.angnysa.autodb.metadata.jdbc.JdbcTable)" because "this.database" is null!!!]
23:58:13.506 [main] TRACE org.angnysa.autodb.metadata.jdbc.loader.JdbcMetadataLoader - Column loaded: PUBLIC.PUBLIC.TEST_M2M_A :: JdbcColumn ID1 INTEGER(mandatory, len < 32) 
23:58:13.506 [main] TRACE org.angnysa.autodb.metadata.jdbc.loader.JdbcMetadataLoader - Column loaded: PUBLIC.PUBLIC.TEST_M2M_A :: JdbcColumn ID2 INTEGER(mandatory, len < 32) 
23:58:13.506 [main] TRACE org.angnysa.autodb.metadata.jdbc.loader.JdbcMetadataLoader - Index loaded: PUBLIC.PUBLIC.TEST_M2M_A :: JdbcUniqueIndex [unique] name: 'SYS_IDX_PK_TEST_M2M_A_10127', columns: ('ID1', 'ID2')
23:58:13.507 [main] TRACE org.angnysa.autodb.metadata.jdbc.loader.JdbcMetadataLoader - Primary Key loaded: PUBLIC.PUBLIC.TEST_M2M_A :: JdbcUniqueIndex [unique] name: 'PK_TEST_M2M_A', columns: ('ID1', 'ID2')
23:58:13.507 [main] TRACE org.angnysa.autodb.metadata.jdbc.loader.JdbcMetadataLoader - Table loaded:
[!!!org.angnysa.autodb.metadata.jdbc.JdbcTable@3fad151c=>java.lang.NullPointerException:Cannot invoke "org.angnysa.autodb.metadata.jdbc.JdbcDatabase.getRelations(org.angnysa.autodb.metadata.jdbc.JdbcTable)" because "this.database" is null!!!]
23:58:13.507 [main] TRACE org.angnysa.autodb.metadata.jdbc.loader.JdbcMetadataLoader - Column loaded: PUBLIC.PUBLIC.TEST_M2M_B :: JdbcColumn ID1 INTEGER(mandatory, len < 32) 
23:58:13.507 [main] TRACE org.angnysa.autodb.metadata.jdbc.loader.JdbcMetadataLoader - Column loaded: PUBLIC.PUBLIC.TEST_M2M_B :: JdbcColumn ID2 INTEGER(mandatory, len < 32) 
23:58:13.508 [main] TRACE org.angnysa.autodb.metadata.jdbc.loader.JdbcMetadataLoader - Index loaded: PUBLIC.PUBLIC.TEST_M2M_B :: JdbcUniqueIndex [unique] name: 'SYS_IDX_PK_TEST_M2M_B_10132', columns: ('ID1', 'ID2')
23:58:13.508 [main] TRACE org.angnysa.autodb.metadata.jdbc.loader.JdbcMetadataLoader - Primary Key loaded: PUBLIC.PUBLIC.TEST_M2M_B :: JdbcUniqueIndex [unique] name: 'PK_TEST_M2M_B', columns: ('ID1', 'ID2')
23:58:13.508 [main] TRACE org.angnysa.autodb.metadata.jdbc.loader.JdbcMetadataLoader - Table loaded:
[!!!org.angnysa.autodb.metadata.jdbc.JdbcTable@150a89d4=>java.lang.NullPointerException:Cannot invoke "org.angnysa.autodb.metadata.jdbc.JdbcDatabase.getRelations(org.angnysa.autodb.metadata.jdbc.JdbcTable)" because "this.database" is null!!!]
23:58:13.509 [main] TRACE org.angnysa.autodb.metadata.jdbc.loader.JdbcMetadataLoader - Column loaded: PUBLIC.PUBLIC.TEST_M2M_REL :: JdbcColumn AB_ID1 INTEGER(mandatory, len < 32) 
23:58:13.509 [main] TRACE org.angnysa.autodb.metadata.jdbc.loader.JdbcMetadataLoader - Column loaded: PUBLIC.PUBLIC.TEST_M2M_REL :: JdbcColumn A_ID2 INTEGER(mandatory, len < 32) 
23:58:13.509 [main] TRACE org.angnysa.autodb.metadata.jdbc.loader.JdbcMetadataLoader - Column loaded: PUBLIC.PUBLIC.TEST_M2M_REL :: JdbcColumn B_ID2 INTEGER(mandatory, len < 32) 
23:58:13.509 [main] TRACE org.angnysa.autodb.metadata.jdbc.loader.JdbcMetadataLoader - Index loaded: PUBLIC.PUBLIC.TEST_M2M_REL :: JdbcIndex [index] name: 'SYS_IDX_FK_TEST_M2M_REL_B_10144', columns: ('AB_ID1', 'B_ID2')
23:58:13.509 [main] TRACE org.angnysa.autodb.metadata.jdbc.loader.JdbcMetadataLoader - Index loaded: PUBLIC.PUBLIC.TEST_M2M_REL :: JdbcUniqueIndex [unique] name: 'SYS_IDX_PK_TEST_M2M_REL_10138', columns: ('AB_ID1', 'A_ID2', 'B_ID2')
23:58:13.509 [main] TRACE org.angnysa.autodb.metadata.jdbc.loader.JdbcMetadataLoader - Index loaded: PUBLIC.PUBLIC.TEST_M2M_REL :: JdbcIndex [index] name: 'SYS_IDX_FK_TEST_M2M_REL_A_10142', columns: ('AB_ID1', 'A_ID2')
23:58:13.510 [main] TRACE org.angnysa.autodb.metadata.jdbc.loader.JdbcMetadataLoader - Primary Key loaded: PUBLIC.PUBLIC.TEST_M2M_REL :: JdbcUniqueIndex [unique] name: 'PK_TEST_M2M_REL', columns: ('AB_ID1', 'A_ID2', 'B_ID2')
23:58:13.510 [main] TRACE org.angnysa.autodb.metadata.jdbc.loader.JdbcMetadataLoader - Table loaded:
[!!!org.angnysa.autodb.metadata.jdbc.JdbcTable@4cb62aac=>java.lang.NullPointerException:Cannot invoke "org.angnysa.autodb.metadata.jdbc.JdbcDatabase.getRelations(org.angnysa.autodb.metadata.jdbc.JdbcTable)" because "this.database" is null!!!]
]]></system-out>
  </testcase>
  <testcase name="testLoadRelations" classname="org.angnysa.autodb.metadata.jdbc.loader.db.TestJdbcMetadataLoader_HSqlDb" time="0.033">
    <error type="java.lang.IllegalStateException"><![CDATA[java.lang.IllegalStateException: No table named 'PUBLIC.PUBLIC.TEST_121_B'
]]></error>
    <system-out><![CDATA[23:58:13.512 [main] DEBUG org.angnysa.autodb.metadata.jdbc.loader.AbstractJdbcMetadataLoaderTester - Target table: TEST_M21_B
23:58:13.512 [main] DEBUG org.angnysa.autodb.metadata.jdbc.loader.AbstractJdbcMetadataLoaderTester - Expected Relations: [ExpectedRelation(name=FK_TEST_M21_B_A, type=ManyToOne, mandatory=true, referencingColumns=[A_ID1, A_ID2], referencedTable=TEST_M21_A, referencedColumns=[ID1, ID2])]
23:58:13.529 [main] TRACE org.angnysa.autodb.metadata.jdbc.loader.JdbcMetadataLoader - Column loaded: PUBLIC.PUBLIC.TEST_121_A :: JdbcColumn ID1 INTEGER(mandatory, len < 32) 
23:58:13.530 [main] TRACE org.angnysa.autodb.metadata.jdbc.loader.JdbcMetadataLoader - Column loaded: PUBLIC.PUBLIC.TEST_121_A :: JdbcColumn ID2 INTEGER(mandatory, len < 32) 
23:58:13.533 [main] TRACE org.angnysa.autodb.metadata.jdbc.loader.JdbcMetadataLoader - Index loaded: PUBLIC.PUBLIC.TEST_121_A :: JdbcUniqueIndex [unique] name: 'SYS_IDX_PK_TEST_121_A_10094', columns: ('ID1', 'ID2')
23:58:13.534 [main] TRACE org.angnysa.autodb.metadata.jdbc.loader.JdbcMetadataLoader - Primary Key loaded: PUBLIC.PUBLIC.TEST_121_A :: JdbcUniqueIndex [unique] name: 'PK_TEST_121_A', columns: ('ID1', 'ID2')
23:58:13.534 [main] TRACE org.angnysa.autodb.metadata.jdbc.loader.JdbcMetadataLoader - Table loaded:
[!!!org.angnysa.autodb.metadata.jdbc.JdbcTable@71e28a63=>java.lang.NullPointerException:Cannot invoke "org.angnysa.autodb.metadata.jdbc.JdbcDatabase.getRelations(org.angnysa.autodb.metadata.jdbc.JdbcTable)" because "this.database" is null!!!]
23:58:13.535 [main] TRACE org.angnysa.autodb.metadata.jdbc.loader.JdbcMetadataLoader - Column loaded: PUBLIC.PUBLIC.TEST_121_B :: JdbcColumn ID1 INTEGER(mandatory, len < 32) 
23:58:13.535 [main] TRACE org.angnysa.autodb.metadata.jdbc.loader.JdbcMetadataLoader - Column loaded: PUBLIC.PUBLIC.TEST_121_B :: JdbcColumn ID2 INTEGER(mandatory, len < 32) 
23:58:13.535 [main] TRACE org.angnysa.autodb.metadata.jdbc.loader.JdbcMetadataLoader - Column loaded: PUBLIC.PUBLIC.TEST_121_B :: JdbcColumn A_ID1 INTEGER(mandatory, len < 32) 
23:58:13.535 [main] TRACE org.angnysa.autodb.metadata.jdbc.loader.JdbcMetadataLoader - Column loaded: PUBLIC.PUBLIC.TEST_121_B :: JdbcColumn A_ID2 INTEGER(mandatory, len < 32) 
23:58:13.535 [main] TRACE org.angnysa.autodb.metadata.jdbc.loader.JdbcMetadataLoader - Index loaded: PUBLIC.PUBLIC.TEST_121_B :: JdbcUniqueIndex [unique] name: 'SYS_IDX_UK_TEST_121_B_10106', columns: ('A_ID1', 'A_ID2')
23:58:13.535 [main] TRACE org.angnysa.autodb.metadata.jdbc.loader.JdbcMetadataLoader - Index loaded: PUBLIC.PUBLIC.TEST_121_B :: JdbcUniqueIndex [unique] name: 'SYS_IDX_PK_TEST_121_B_10101', columns: ('ID1', 'ID2')
23:58:13.535 [main] TRACE org.angnysa.autodb.metadata.jdbc.loader.JdbcMetadataLoader - Index loaded: PUBLIC.PUBLIC.TEST_121_B :: JdbcIndex [index] name: 'SYS_IDX_FK_TEST_121_B_A_10107', columns: ('A_ID1', 'A_ID2')
23:58:13.535 [main] TRACE org.angnysa.autodb.metadata.jdbc.loader.JdbcMetadataLoader - Primary Key loaded: PUBLIC.PUBLIC.TEST_121_B :: JdbcUniqueIndex [unique] name: 'PK_TEST_121_B', columns: ('ID1', 'ID2')
23:58:13.536 [main] TRACE org.angnysa.autodb.metadata.jdbc.loader.JdbcMetadataLoader - Table loaded:
[!!!org.angnysa.autodb.metadata.jdbc.JdbcTable@7fb4c8bc=>java.lang.NullPointerException:Cannot invoke "org.angnysa.autodb.metadata.jdbc.JdbcDatabase.getRelations(org.angnysa.autodb.metadata.jdbc.JdbcTable)" because "this.database" is null!!!]
23:58:13.536 [main] TRACE org.angnysa.autodb.metadata.jdbc.loader.JdbcMetadataLoader - Column loaded: PUBLIC.PUBLIC.TEST_M21_A :: JdbcColumn ID1 INTEGER(mandatory, len < 32) 
23:58:13.536 [main] TRACE org.angnysa.autodb.metadata.jdbc.loader.JdbcMetadataLoader - Column loaded: PUBLIC.PUBLIC.TEST_M21_A :: JdbcColumn ID2 INTEGER(mandatory, len < 32) 
23:58:13.537 [main] TRACE org.angnysa.autodb.metadata.jdbc.loader.JdbcMetadataLoader - Index loaded: PUBLIC.PUBLIC.TEST_M21_A :: JdbcUniqueIndex [unique] name: 'SYS_IDX_PK_TEST_M21_A_10111', columns: ('ID1', 'ID2')
23:58:13.537 [main] TRACE org.angnysa.autodb.metadata.jdbc.loader.JdbcMetadataLoader - Primary Key loaded: PUBLIC.PUBLIC.TEST_M21_A :: JdbcUniqueIndex [unique] name: 'PK_TEST_M21_A', columns: ('ID1', 'ID2')
23:58:13.537 [main] TRACE org.angnysa.autodb.metadata.jdbc.loader.JdbcMetadataLoader - Table loaded:
[!!!org.angnysa.autodb.metadata.jdbc.JdbcTable@6af2203=>java.lang.NullPointerException:Cannot invoke "org.angnysa.autodb.metadata.jdbc.JdbcDatabase.getRelations(org.angnysa.autodb.metadata.jdbc.JdbcTable)" because "this.database" is null!!!]
23:58:13.537 [main] TRACE org.angnysa.autodb.metadata.jdbc.loader.JdbcMetadataLoader - Column loaded: PUBLIC.PUBLIC.TEST_M21_B :: JdbcColumn ID1 INTEGER(mandatory, len < 32) 
23:58:13.537 [main] TRACE org.angnysa.autodb.metadata.jdbc.loader.JdbcMetadataLoader - Column loaded: PUBLIC.PUBLIC.TEST_M21_B :: JdbcColumn ID2 INTEGER(mandatory, len < 32) 
23:58:13.537 [main] TRACE org.angnysa.autodb.metadata.jdbc.loader.JdbcMetadataLoader - Column loaded: PUBLIC.PUBLIC.TEST_M21_B :: JdbcColumn A_ID1 INTEGER(mandatory, len < 32) 
23:58:13.537 [main] TRACE org.angnysa.autodb.metadata.jdbc.loader.JdbcMetadataLoader - Column loaded: PUBLIC.PUBLIC.TEST_M21_B :: JdbcColumn A_ID2 INTEGER(mandatory, len < 32) 
23:58:13.538 [main] TRACE org.angnysa.autodb.metadata.jdbc.loader.JdbcMetadataLoader - Index loaded: PUBLIC.PUBLIC.TEST_M21_B :: JdbcIndex [index] name: 'ID_TEST_M21_B_A', columns: ('A_ID1', 'A_ID2')
23:58:13.538 [main] TRACE org.angnysa.autodb.metadata.jdbc.loader.JdbcMetadataLoader - Index loaded: PUBLIC.PUBLIC.TEST_M21_B :: JdbcIndex [index] name: 'SYS_IDX_FK_TEST_M21_B_A_10123', columns: ('A_ID1', 'A_ID2')
23:58:13.538 [main] TRACE org.angnysa.autodb.metadata.jdbc.loader.JdbcMetadataLoader - Index loaded: PUBLIC.PUBLIC.TEST_M21_B :: JdbcUniqueIndex [unique] name: 'SYS_IDX_PK_TEST_M21_B_10118', columns: ('ID1', 'ID2')
23:58:13.539 [main] TRACE org.angnysa.autodb.metadata.jdbc.loader.JdbcMetadataLoader - Primary Key loaded: PUBLIC.PUBLIC.TEST_M21_B :: JdbcUniqueIndex [unique] name: 'PK_TEST_M21_B', columns: ('ID1', 'ID2')
23:58:13.539 [main] TRACE org.angnysa.autodb.metadata.jdbc.loader.JdbcMetadataLoader - Table loaded:
[!!!org.angnysa.autodb.metadata.jdbc.JdbcTable@5258833e=>java.lang.NullPointerException:Cannot invoke "org.angnysa.autodb.metadata.jdbc.JdbcDatabase.getRelations(org.angnysa.autodb.metadata.jdbc.JdbcTable)" because "this.database" is null!!!]
23:58:13.539 [main] TRACE org.angnysa.autodb.metadata.jdbc.loader.JdbcMetadataLoader - Column loaded: PUBLIC.PUBLIC.TEST_M2M_A :: JdbcColumn ID1 INTEGER(mandatory, len < 32) 
23:58:13.539 [main] TRACE org.angnysa.autodb.metadata.jdbc.loader.JdbcMetadataLoader - Column loaded: PUBLIC.PUBLIC.TEST_M2M_A :: JdbcColumn ID2 INTEGER(mandatory, len < 32) 
23:58:13.540 [main] TRACE org.angnysa.autodb.metadata.jdbc.loader.JdbcMetadataLoader - Index loaded: PUBLIC.PUBLIC.TEST_M2M_A :: JdbcUniqueIndex [unique] name: 'SYS_IDX_PK_TEST_M2M_A_10127', columns: ('ID1', 'ID2')
23:58:13.540 [main] TRACE org.angnysa.autodb.metadata.jdbc.loader.JdbcMetadataLoader - Primary Key loaded: PUBLIC.PUBLIC.TEST_M2M_A :: JdbcUniqueIndex [unique] name: 'PK_TEST_M2M_A', columns: ('ID1', 'ID2')
23:58:13.540 [main] TRACE org.angnysa.autodb.metadata.jdbc.loader.JdbcMetadataLoader - Table loaded:
[!!!org.angnysa.autodb.metadata.jdbc.JdbcTable@4478bb7e=>java.lang.NullPointerException:Cannot invoke "org.angnysa.autodb.metadata.jdbc.JdbcDatabase.getRelations(org.angnysa.autodb.metadata.jdbc.JdbcTable)" because "this.database" is null!!!]
23:58:13.541 [main] TRACE org.angnysa.autodb.metadata.jdbc.loader.JdbcMetadataLoader - Column loaded: PUBLIC.PUBLIC.TEST_M2M_B :: JdbcColumn ID1 INTEGER(mandatory, len < 32) 
23:58:13.541 [main] TRACE org.angnysa.autodb.metadata.jdbc.loader.JdbcMetadataLoader - Column loaded: PUBLIC.PUBLIC.TEST_M2M_B :: JdbcColumn ID2 INTEGER(mandatory, len < 32) 
23:58:13.541 [main] TRACE org.angnysa.autodb.metadata.jdbc.loader.JdbcMetadataLoader - Index loaded: PUBLIC.PUBLIC.TEST_M2M_B :: JdbcUniqueIndex [unique] name: 'SYS_IDX_PK_TEST_M2M_B_10132', columns: ('ID1', 'ID2')
23:58:13.542 [main] TRACE org.angnysa.autodb.metadata.jdbc.loader.JdbcMetadataLoader - Primary Key loaded: PUBLIC.PUBLIC.TEST_M2M_B :: JdbcUniqueIndex [unique] name: 'PK_TEST_M2M_B', columns: ('ID1', 'ID2')
23:58:13.542 [main] TRACE org.angnysa.autodb.metadata.jdbc.loader.JdbcMetadataLoader - Table loaded:
[!!!org.angnysa.autodb.metadata.jdbc.JdbcTable@7552c30e=>java.lang.NullPointerException:Cannot invoke "org.angnysa.autodb.metadata.jdbc.JdbcDatabase.getRelations(org.angnysa.autodb.metadata.jdbc.JdbcTable)" because "this.database" is null!!!]
23:58:13.542 [main] TRACE org.angnysa.autodb.metadata.jdbc.loader.JdbcMetadataLoader - Column loaded: PUBLIC.PUBLIC.TEST_M2M_REL :: JdbcColumn AB_ID1 INTEGER(mandatory, len < 32) 
23:58:13.542 [main] TRACE org.angnysa.autodb.metadata.jdbc.loader.JdbcMetadataLoader - Column loaded: PUBLIC.PUBLIC.TEST_M2M_REL :: JdbcColumn A_ID2 INTEGER(mandatory, len < 32) 
23:58:13.542 [main] TRACE org.angnysa.autodb.metadata.jdbc.loader.JdbcMetadataLoader - Column loaded: PUBLIC.PUBLIC.TEST_M2M_REL :: JdbcColumn B_ID2 INTEGER(mandatory, len < 32) 
23:58:13.543 [main] TRACE org.angnysa.autodb.metadata.jdbc.loader.JdbcMetadataLoader - Index loaded: PUBLIC.PUBLIC.TEST_M2M_REL :: JdbcIndex [index] name: 'SYS_IDX_FK_TEST_M2M_REL_B_10144', columns: ('AB_ID1', 'B_ID2')
23:58:13.543 [main] TRACE org.angnysa.autodb.metadata.jdbc.loader.JdbcMetadataLoader - Index loaded: PUBLIC.PUBLIC.TEST_M2M_REL :: JdbcUniqueIndex [unique] name: 'SYS_IDX_PK_TEST_M2M_REL_10138', columns: ('AB_ID1', 'A_ID2', 'B_ID2')
23:58:13.543 [main] TRACE org.angnysa.autodb.metadata.jdbc.loader.JdbcMetadataLoader - Index loaded: PUBLIC.PUBLIC.TEST_M2M_REL :: JdbcIndex [index] name: 'SYS_IDX_FK_TEST_M2M_REL_A_10142', columns: ('AB_ID1', 'A_ID2')
23:58:13.543 [main] TRACE org.angnysa.autodb.metadata.jdbc.loader.JdbcMetadataLoader - Primary Key loaded: PUBLIC.PUBLIC.TEST_M2M_REL :: JdbcUniqueIndex [unique] name: 'PK_TEST_M2M_REL', columns: ('AB_ID1', 'A_ID2', 'B_ID2')
23:58:13.543 [main] TRACE org.angnysa.autodb.metadata.jdbc.loader.JdbcMetadataLoader - Table loaded:
[!!!org.angnysa.autodb.metadata.jdbc.JdbcTable@6c9e24c4=>java.lang.NullPointerException:Cannot invoke "org.angnysa.autodb.metadata.jdbc.JdbcDatabase.getRelations(org.angnysa.autodb.metadata.jdbc.JdbcTable)" because "this.database" is null!!!]
]]></system-out>
  </testcase>
  <testcase name="testLoadRelations" classname="org.angnysa.autodb.metadata.jdbc.loader.db.TestJdbcMetadataLoader_HSqlDb" time="0.025">
    <error type="java.lang.IllegalStateException"><![CDATA[java.lang.IllegalStateException: No table named 'PUBLIC.PUBLIC.TEST_121_B'
]]></error>
    <system-out><![CDATA[23:58:13.546 [main] DEBUG org.angnysa.autodb.metadata.jdbc.loader.AbstractJdbcMetadataLoaderTester - Target table: TEST_M2M_A
23:58:13.546 [main] DEBUG org.angnysa.autodb.metadata.jdbc.loader.AbstractJdbcMetadataLoaderTester - Expected Relations: [ExpectedRelation(name=FK_TEST_M2M_REL_A, type=ManyToMany, mandatory=false, referencingColumns=[ID1, ID2], referencedTable=TEST_M2M_B, referencedColumns=[ID1, ID2])]
23:58:13.560 [main] TRACE org.angnysa.autodb.metadata.jdbc.loader.JdbcMetadataLoader - Column loaded: PUBLIC.PUBLIC.TEST_121_A :: JdbcColumn ID1 INTEGER(mandatory, len < 32) 
23:58:13.560 [main] TRACE org.angnysa.autodb.metadata.jdbc.loader.JdbcMetadataLoader - Column loaded: PUBLIC.PUBLIC.TEST_121_A :: JdbcColumn ID2 INTEGER(mandatory, len < 32) 
23:58:13.561 [main] TRACE org.angnysa.autodb.metadata.jdbc.loader.JdbcMetadataLoader - Index loaded: PUBLIC.PUBLIC.TEST_121_A :: JdbcUniqueIndex [unique] name: 'SYS_IDX_PK_TEST_121_A_10094', columns: ('ID1', 'ID2')
23:58:13.561 [main] TRACE org.angnysa.autodb.metadata.jdbc.loader.JdbcMetadataLoader - Primary Key loaded: PUBLIC.PUBLIC.TEST_121_A :: JdbcUniqueIndex [unique] name: 'PK_TEST_121_A', columns: ('ID1', 'ID2')
23:58:13.561 [main] TRACE org.angnysa.autodb.metadata.jdbc.loader.JdbcMetadataLoader - Table loaded:
[!!!org.angnysa.autodb.metadata.jdbc.JdbcTable@4cd29de4=>java.lang.NullPointerException:Cannot invoke "org.angnysa.autodb.metadata.jdbc.JdbcDatabase.getRelations(org.angnysa.autodb.metadata.jdbc.JdbcTable)" because "this.database" is null!!!]
23:58:13.562 [main] TRACE org.angnysa.autodb.metadata.jdbc.loader.JdbcMetadataLoader - Column loaded: PUBLIC.PUBLIC.TEST_121_B :: JdbcColumn ID1 INTEGER(mandatory, len < 32) 
23:58:13.562 [main] TRACE org.angnysa.autodb.metadata.jdbc.loader.JdbcMetadataLoader - Column loaded: PUBLIC.PUBLIC.TEST_121_B :: JdbcColumn ID2 INTEGER(mandatory, len < 32) 
23:58:13.562 [main] TRACE org.angnysa.autodb.metadata.jdbc.loader.JdbcMetadataLoader - Column loaded: PUBLIC.PUBLIC.TEST_121_B :: JdbcColumn A_ID1 INTEGER(mandatory, len < 32) 
23:58:13.562 [main] TRACE org.angnysa.autodb.metadata.jdbc.loader.JdbcMetadataLoader - Column loaded: PUBLIC.PUBLIC.TEST_121_B :: JdbcColumn A_ID2 INTEGER(mandatory, len < 32) 
23:58:13.562 [main] TRACE org.angnysa.autodb.metadata.jdbc.loader.JdbcMetadataLoader - Index loaded: PUBLIC.PUBLIC.TEST_121_B :: JdbcUniqueIndex [unique] name: 'SYS_IDX_UK_TEST_121_B_10106', columns: ('A_ID1', 'A_ID2')
23:58:13.562 [main] TRACE org.angnysa.autodb.metadata.jdbc.loader.JdbcMetadataLoader - Index loaded: PUBLIC.PUBLIC.TEST_121_B :: JdbcUniqueIndex [unique] name: 'SYS_IDX_PK_TEST_121_B_10101', columns: ('ID1', 'ID2')
23:58:13.562 [main] TRACE org.angnysa.autodb.metadata.jdbc.loader.JdbcMetadataLoader - Index loaded: PUBLIC.PUBLIC.TEST_121_B :: JdbcIndex [index] name: 'SYS_IDX_FK_TEST_121_B_A_10107', columns: ('A_ID1', 'A_ID2')
23:58:13.563 [main] TRACE org.angnysa.autodb.metadata.jdbc.loader.JdbcMetadataLoader - Primary Key loaded: PUBLIC.PUBLIC.TEST_121_B :: JdbcUniqueIndex [unique] name: 'PK_TEST_121_B', columns: ('ID1', 'ID2')
23:58:13.563 [main] TRACE org.angnysa.autodb.metadata.jdbc.loader.JdbcMetadataLoader - Table loaded:
[!!!org.angnysa.autodb.metadata.jdbc.JdbcTable@3b626720=>java.lang.NullPointerException:Cannot invoke "org.angnysa.autodb.metadata.jdbc.JdbcDatabase.getRelations(org.angnysa.autodb.metadata.jdbc.JdbcTable)" because "this.database" is null!!!]
23:58:13.563 [main] TRACE org.angnysa.autodb.metadata.jdbc.loader.JdbcMetadataLoader - Column loaded: PUBLIC.PUBLIC.TEST_M21_A :: JdbcColumn ID1 INTEGER(mandatory, len < 32) 
23:58:13.563 [main] TRACE org.angnysa.autodb.metadata.jdbc.loader.JdbcMetadataLoader - Column loaded: PUBLIC.PUBLIC.TEST_M21_A :: JdbcColumn ID2 INTEGER(mandatory, len < 32) 
23:58:13.564 [main] TRACE org.angnysa.autodb.metadata.jdbc.loader.JdbcMetadataLoader - Index loaded: PUBLIC.PUBLIC.TEST_M21_A :: JdbcUniqueIndex [unique] name: 'SYS_IDX_PK_TEST_M21_A_10111', columns: ('ID1', 'ID2')
23:58:13.564 [main] TRACE org.angnysa.autodb.metadata.jdbc.loader.JdbcMetadataLoader - Primary Key loaded: PUBLIC.PUBLIC.TEST_M21_A :: JdbcUniqueIndex [unique] name: 'PK_TEST_M21_A', columns: ('ID1', 'ID2')
23:58:13.564 [main] TRACE org.angnysa.autodb.metadata.jdbc.loader.JdbcMetadataLoader - Table loaded:
[!!!org.angnysa.autodb.metadata.jdbc.JdbcTable@53851bb9=>java.lang.NullPointerException:Cannot invoke "org.angnysa.autodb.metadata.jdbc.JdbcDatabase.getRelations(org.angnysa.autodb.metadata.jdbc.JdbcTable)" because "this.database" is null!!!]
23:58:13.565 [main] TRACE org.angnysa.autodb.metadata.jdbc.loader.JdbcMetadataLoader - Column loaded: PUBLIC.PUBLIC.TEST_M21_B :: JdbcColumn ID1 INTEGER(mandatory, len < 32) 
23:58:13.565 [main] TRACE org.angnysa.autodb.metadata.jdbc.loader.JdbcMetadataLoader - Column loaded: PUBLIC.PUBLIC.TEST_M21_B :: JdbcColumn ID2 INTEGER(mandatory, len < 32) 
23:58:13.565 [main] TRACE org.angnysa.autodb.metadata.jdbc.loader.JdbcMetadataLoader - Column loaded: PUBLIC.PUBLIC.TEST_M21_B :: JdbcColumn A_ID1 INTEGER(mandatory, len < 32) 
23:58:13.565 [main] TRACE org.angnysa.autodb.metadata.jdbc.loader.JdbcMetadataLoader - Column loaded: PUBLIC.PUBLIC.TEST_M21_B :: JdbcColumn A_ID2 INTEGER(mandatory, len < 32) 
23:58:13.565 [main] TRACE org.angnysa.autodb.metadata.jdbc.loader.JdbcMetadataLoader - Index loaded: PUBLIC.PUBLIC.TEST_M21_B :: JdbcIndex [index] name: 'ID_TEST_M21_B_A', columns: ('A_ID1', 'A_ID2')
23:58:13.565 [main] TRACE org.angnysa.autodb.metadata.jdbc.loader.JdbcMetadataLoader - Index loaded: PUBLIC.PUBLIC.TEST_M21_B :: JdbcIndex [index] name: 'SYS_IDX_FK_TEST_M21_B_A_10123', columns: ('A_ID1', 'A_ID2')
23:58:13.565 [main] TRACE org.angnysa.autodb.metadata.jdbc.loader.JdbcMetadataLoader - Index loaded: PUBLIC.PUBLIC.TEST_M21_B :: JdbcUniqueIndex [unique] name: 'SYS_IDX_PK_TEST_M21_B_10118', columns: ('ID1', 'ID2')
23:58:13.566 [main] TRACE org.angnysa.autodb.metadata.jdbc.loader.JdbcMetadataLoader - Primary Key loaded: PUBLIC.PUBLIC.TEST_M21_B :: JdbcUniqueIndex [unique] name: 'PK_TEST_M21_B', columns: ('ID1', 'ID2')
23:58:13.566 [main] TRACE org.angnysa.autodb.metadata.jdbc.loader.JdbcMetadataLoader - Table loaded:
[!!!org.angnysa.autodb.metadata.jdbc.JdbcTable@34eff199=>java.lang.NullPointerException:Cannot invoke "org.angnysa.autodb.metadata.jdbc.JdbcDatabase.getRelations(org.angnysa.autodb.metadata.jdbc.JdbcTable)" because "this.database" is null!!!]
23:58:13.566 [main] TRACE org.angnysa.autodb.metadata.jdbc.loader.JdbcMetadataLoader - Column loaded: PUBLIC.PUBLIC.TEST_M2M_A :: JdbcColumn ID1 INTEGER(mandatory, len < 32) 
23:58:13.566 [main] TRACE org.angnysa.autodb.metadata.jdbc.loader.JdbcMetadataLoader - Column loaded: PUBLIC.PUBLIC.TEST_M2M_A :: JdbcColumn ID2 INTEGER(mandatory, len < 32) 
23:58:13.567 [main] TRACE org.angnysa.autodb.metadata.jdbc.loader.JdbcMetadataLoader - Index loaded: PUBLIC.PUBLIC.TEST_M2M_A :: JdbcUniqueIndex [unique] name: 'SYS_IDX_PK_TEST_M2M_A_10127', columns: ('ID1', 'ID2')
23:58:13.567 [main] TRACE org.angnysa.autodb.metadata.jdbc.loader.JdbcMetadataLoader - Primary Key loaded: PUBLIC.PUBLIC.TEST_M2M_A :: JdbcUniqueIndex [unique] name: 'PK_TEST_M2M_A', columns: ('ID1', 'ID2')
23:58:13.567 [main] TRACE org.angnysa.autodb.metadata.jdbc.loader.JdbcMetadataLoader - Table loaded:
[!!!org.angnysa.autodb.metadata.jdbc.JdbcTable@e0957b5=>java.lang.NullPointerException:Cannot invoke "org.angnysa.autodb.metadata.jdbc.JdbcDatabase.getRelations(org.angnysa.autodb.metadata.jdbc.JdbcTable)" because "this.database" is null!!!]
23:58:13.568 [main] TRACE org.angnysa.autodb.metadata.jdbc.loader.JdbcMetadataLoader - Column loaded: PUBLIC.PUBLIC.TEST_M2M_B :: JdbcColumn ID1 INTEGER(mandatory, len < 32) 
23:58:13.568 [main] TRACE org.angnysa.autodb.metadata.jdbc.loader.JdbcMetadataLoader - Column loaded: PUBLIC.PUBLIC.TEST_M2M_B :: JdbcColumn ID2 INTEGER(mandatory, len < 32) 
23:58:13.568 [main] TRACE org.angnysa.autodb.metadata.jdbc.loader.JdbcMetadataLoader - Index loaded: PUBLIC.PUBLIC.TEST_M2M_B :: JdbcUniqueIndex [unique] name: 'SYS_IDX_PK_TEST_M2M_B_10132', columns: ('ID1', 'ID2')
23:58:13.568 [main] TRACE org.angnysa.autodb.metadata.jdbc.loader.JdbcMetadataLoader - Primary Key loaded: PUBLIC.PUBLIC.TEST_M2M_B :: JdbcUniqueIndex [unique] name: 'PK_TEST_M2M_B', columns: ('ID1', 'ID2')
23:58:13.568 [main] TRACE org.angnysa.autodb.metadata.jdbc.loader.JdbcMetadataLoader - Table loaded:
[!!!org.angnysa.autodb.metadata.jdbc.JdbcTable@5454e13f=>java.lang.NullPointerException:Cannot invoke "org.angnysa.autodb.metadata.jdbc.JdbcDatabase.getRelations(org.angnysa.autodb.metadata.jdbc.JdbcTable)" because "this.database" is null!!!]
23:58:13.569 [main] TRACE org.angnysa.autodb.metadata.jdbc.loader.JdbcMetadataLoader - Column loaded: PUBLIC.PUBLIC.TEST_M2M_REL :: JdbcColumn AB_ID1 INTEGER(mandatory, len < 32) 
23:58:13.569 [main] TRACE org.angnysa.autodb.metadata.jdbc.loader.JdbcMetadataLoader - Column loaded: PUBLIC.PUBLIC.TEST_M2M_REL :: JdbcColumn A_ID2 INTEGER(mandatory, len < 32) 
23:58:13.569 [main] TRACE org.angnysa.autodb.metadata.jdbc.loader.JdbcMetadataLoader - Column loaded: PUBLIC.PUBLIC.TEST_M2M_REL :: JdbcColumn B_ID2 INTEGER(mandatory, len < 32) 
23:58:13.569 [main] TRACE org.angnysa.autodb.metadata.jdbc.loader.JdbcMetadataLoader - Index loaded: PUBLIC.PUBLIC.TEST_M2M_REL :: JdbcIndex [index] name: 'SYS_IDX_FK_TEST_M2M_REL_B_10144', columns: ('AB_ID1', 'B_ID2')
23:58:13.569 [main] TRACE org.angnysa.autodb.metadata.jdbc.loader.JdbcMetadataLoader - Index loaded: PUBLIC.PUBLIC.TEST_M2M_REL :: JdbcUniqueIndex [unique] name: 'SYS_IDX_PK_TEST_M2M_REL_10138', columns: ('AB_ID1', 'A_ID2', 'B_ID2')
23:58:13.569 [main] TRACE org.angnysa.autodb.metadata.jdbc.loader.JdbcMetadataLoader - Index loaded: PUBLIC.PUBLIC.TEST_M2M_REL :: JdbcIndex [index] name: 'SYS_IDX_FK_TEST_M2M_REL_A_10142', columns: ('AB_ID1', 'A_ID2')
23:58:13.570 [main] TRACE org.angnysa.autodb.metadata.jdbc.loader.JdbcMetadataLoader - Primary Key loaded: PUBLIC.PUBLIC.TEST_M2M_REL :: JdbcUniqueIndex [unique] name: 'PK_TEST_M2M_REL', columns: ('AB_ID1', 'A_ID2', 'B_ID2')
23:58:13.570 [main] TRACE org.angnysa.autodb.metadata.jdbc.loader.JdbcMetadataLoader - Table loaded:
[!!!org.angnysa.autodb.metadata.jdbc.JdbcTable@25b8748=>java.lang.NullPointerException:Cannot invoke "org.angnysa.autodb.metadata.jdbc.JdbcDatabase.getRelations(org.angnysa.autodb.metadata.jdbc.JdbcTable)" because "this.database" is null!!!]
]]></system-out>
  </testcase>
  <testcase name="testLoadRelations" classname="org.angnysa.autodb.metadata.jdbc.loader.db.TestJdbcMetadataLoader_HSqlDb" time="0.032">
    <error type="java.lang.IllegalStateException"><![CDATA[java.lang.IllegalStateException: No table named 'PUBLIC.PUBLIC.TEST_121_B'
]]></error>
    <system-out><![CDATA[23:58:13.573 [main] DEBUG org.angnysa.autodb.metadata.jdbc.loader.AbstractJdbcMetadataLoaderTester - Target table: TEST_M2M_B
23:58:13.573 [main] DEBUG org.angnysa.autodb.metadata.jdbc.loader.AbstractJdbcMetadataLoaderTester - Expected Relations: [ExpectedRelation(name=FK_TEST_M2M_REL_B, type=ManyToMany, mandatory=false, referencingColumns=[ID1, ID2], referencedTable=TEST_M2M_A, referencedColumns=[ID1, ID2])]
23:58:13.593 [main] TRACE org.angnysa.autodb.metadata.jdbc.loader.JdbcMetadataLoader - Column loaded: PUBLIC.PUBLIC.TEST_121_A :: JdbcColumn ID1 INTEGER(mandatory, len < 32) 
23:58:13.594 [main] TRACE org.angnysa.autodb.metadata.jdbc.loader.JdbcMetadataLoader - Column loaded: PUBLIC.PUBLIC.TEST_121_A :: JdbcColumn ID2 INTEGER(mandatory, len < 32) 
23:58:13.594 [main] TRACE org.angnysa.autodb.metadata.jdbc.loader.JdbcMetadataLoader - Index loaded: PUBLIC.PUBLIC.TEST_121_A :: JdbcUniqueIndex [unique] name: 'SYS_IDX_PK_TEST_121_A_10094', columns: ('ID1', 'ID2')
23:58:13.595 [main] TRACE org.angnysa.autodb.metadata.jdbc.loader.JdbcMetadataLoader - Primary Key loaded: PUBLIC.PUBLIC.TEST_121_A :: JdbcUniqueIndex [unique] name: 'PK_TEST_121_A', columns: ('ID1', 'ID2')
23:58:13.595 [main] TRACE org.angnysa.autodb.metadata.jdbc.loader.JdbcMetadataLoader - Table loaded:
[!!!org.angnysa.autodb.metadata.jdbc.JdbcTable@52972465=>java.lang.NullPointerException:Cannot invoke "org.angnysa.autodb.metadata.jdbc.JdbcDatabase.getRelations(org.angnysa.autodb.metadata.jdbc.JdbcTable)" because "this.database" is null!!!]
23:58:13.596 [main] TRACE org.angnysa.autodb.metadata.jdbc.loader.JdbcMetadataLoader - Column loaded: PUBLIC.PUBLIC.TEST_121_B :: JdbcColumn ID1 INTEGER(mandatory, len < 32) 
23:58:13.596 [main] TRACE org.angnysa.autodb.metadata.jdbc.loader.JdbcMetadataLoader - Column loaded: PUBLIC.PUBLIC.TEST_121_B :: JdbcColumn ID2 INTEGER(mandatory, len < 32) 
23:58:13.596 [main] TRACE org.angnysa.autodb.metadata.jdbc.loader.JdbcMetadataLoader - Column loaded: PUBLIC.PUBLIC.TEST_121_B :: JdbcColumn A_ID1 INTEGER(mandatory, len < 32) 
23:58:13.596 [main] TRACE org.angnysa.autodb.metadata.jdbc.loader.JdbcMetadataLoader - Column loaded: PUBLIC.PUBLIC.TEST_121_B :: JdbcColumn A_ID2 INTEGER(mandatory, len < 32) 
23:58:13.596 [main] TRACE org.angnysa.autodb.metadata.jdbc.loader.JdbcMetadataLoader - Index loaded: PUBLIC.PUBLIC.TEST_121_B :: JdbcUniqueIndex [unique] name: 'SYS_IDX_UK_TEST_121_B_10106', columns: ('A_ID1', 'A_ID2')
23:58:13.596 [main] TRACE org.angnysa.autodb.metadata.jdbc.loader.JdbcMetadataLoader - Index loaded: PUBLIC.PUBLIC.TEST_121_B :: JdbcUniqueIndex [unique] name: 'SYS_IDX_PK_TEST_121_B_10101', columns: ('ID1', 'ID2')
23:58:13.596 [main] TRACE org.angnysa.autodb.metadata.jdbc.loader.JdbcMetadataLoader - Index loaded: PUBLIC.PUBLIC.TEST_121_B :: JdbcIndex [index] name: 'SYS_IDX_FK_TEST_121_B_A_10107', columns: ('A_ID1', 'A_ID2')
23:58:13.597 [main] TRACE org.angnysa.autodb.metadata.jdbc.loader.JdbcMetadataLoader - Primary Key loaded: PUBLIC.PUBLIC.TEST_121_B :: JdbcUniqueIndex [unique] name: 'PK_TEST_121_B', columns: ('ID1', 'ID2')
23:58:13.597 [main] TRACE org.angnysa.autodb.metadata.jdbc.loader.JdbcMetadataLoader - Table loaded:
[!!!org.angnysa.autodb.metadata.jdbc.JdbcTable@7fef02d9=>java.lang.NullPointerException:Cannot invoke "org.angnysa.autodb.metadata.jdbc.JdbcDatabase.getRelations(org.angnysa.autodb.metadata.jdbc.JdbcTable)" because "this.database" is null!!!]
23:58:13.597 [main] TRACE org.angnysa.autodb.metadata.jdbc.loader.JdbcMetadataLoader - Column loaded: PUBLIC.PUBLIC.TEST_M21_A :: JdbcColumn ID1 INTEGER(mandatory, len < 32) 
23:58:13.597 [main] TRACE org.angnysa.autodb.metadata.jdbc.loader.JdbcMetadataLoader - Column loaded: PUBLIC.PUBLIC.TEST_M21_A :: JdbcColumn ID2 INTEGER(mandatory, len < 32) 
23:58:13.598 [main] TRACE org.angnysa.autodb.metadata.jdbc.loader.JdbcMetadataLoader - Index loaded: PUBLIC.PUBLIC.TEST_M21_A :: JdbcUniqueIndex [unique] name: 'SYS_IDX_PK_TEST_M21_A_10111', columns: ('ID1', 'ID2')
23:58:13.598 [main] TRACE org.angnysa.autodb.metadata.jdbc.loader.JdbcMetadataLoader - Primary Key loaded: PUBLIC.PUBLIC.TEST_M21_A :: JdbcUniqueIndex [unique] name: 'PK_TEST_M21_A', columns: ('ID1', 'ID2')
23:58:13.598 [main] TRACE org.angnysa.autodb.metadata.jdbc.loader.JdbcMetadataLoader - Table loaded:
[!!!org.angnysa.autodb.metadata.jdbc.JdbcTable@7169c184=>java.lang.NullPointerException:Cannot invoke "org.angnysa.autodb.metadata.jdbc.JdbcDatabase.getRelations(org.angnysa.autodb.metadata.jdbc.JdbcTable)" because "this.database" is null!!!]
23:58:13.599 [main] TRACE org.angnysa.autodb.metadata.jdbc.loader.JdbcMetadataLoader - Column loaded: PUBLIC.PUBLIC.TEST_M21_B :: JdbcColumn ID1 INTEGER(mandatory, len < 32) 
23:58:13.599 [main] TRACE org.angnysa.autodb.metadata.jdbc.loader.JdbcMetadataLoader - Column loaded: PUBLIC.PUBLIC.TEST_M21_B :: JdbcColumn ID2 INTEGER(mandatory, len < 32) 
23:58:13.599 [main] TRACE org.angnysa.autodb.metadata.jdbc.loader.JdbcMetadataLoader - Column loaded: PUBLIC.PUBLIC.TEST_M21_B :: JdbcColumn A_ID1 INTEGER(mandatory, len < 32) 
23:58:13.599 [main] TRACE org.angnysa.autodb.metadata.jdbc.loader.JdbcMetadataLoader - Column loaded: PUBLIC.PUBLIC.TEST_M21_B :: JdbcColumn A_ID2 INTEGER(mandatory, len < 32) 
23:58:13.599 [main] TRACE org.angnysa.autodb.metadata.jdbc.loader.JdbcMetadataLoader - Index loaded: PUBLIC.PUBLIC.TEST_M21_B :: JdbcIndex [index] name: 'ID_TEST_M21_B_A', columns: ('A_ID1', 'A_ID2')
23:58:13.599 [main] TRACE org.angnysa.autodb.metadata.jdbc.loader.JdbcMetadataLoader - Index loaded: PUBLIC.PUBLIC.TEST_M21_B :: JdbcIndex [index] name: 'SYS_IDX_FK_TEST_M21_B_A_10123', columns: ('A_ID1', 'A_ID2')
23:58:13.599 [main] TRACE org.angnysa.autodb.metadata.jdbc.loader.JdbcMetadataLoader - Index loaded: PUBLIC.PUBLIC.TEST_M21_B :: JdbcUniqueIndex [unique] name: 'SYS_IDX_PK_TEST_M21_B_10118', columns: ('ID1', 'ID2')
23:58:13.599 [main] TRACE org.angnysa.autodb.metadata.jdbc.loader.JdbcMetadataLoader - Primary Key loaded: PUBLIC.PUBLIC.TEST_M21_B :: JdbcUniqueIndex [unique] name: 'PK_TEST_M21_B', columns: ('ID1', 'ID2')
23:58:13.599 [main] TRACE org.angnysa.autodb.metadata.jdbc.loader.JdbcMetadataLoader - Table loaded:
[!!!org.angnysa.autodb.metadata.jdbc.JdbcTable@1820910f=>java.lang.NullPointerException:Cannot invoke "org.angnysa.autodb.metadata.jdbc.JdbcDatabase.getRelations(org.angnysa.autodb.metadata.jdbc.JdbcTable)" because "this.database" is null!!!]
23:58:13.600 [main] TRACE org.angnysa.autodb.metadata.jdbc.loader.JdbcMetadataLoader - Column loaded: PUBLIC.PUBLIC.TEST_M2M_A :: JdbcColumn ID1 INTEGER(mandatory, len < 32) 
23:58:13.600 [main] TRACE org.angnysa.autodb.metadata.jdbc.loader.JdbcMetadataLoader - Column loaded: PUBLIC.PUBLIC.TEST_M2M_A :: JdbcColumn ID2 INTEGER(mandatory, len < 32) 
23:58:13.600 [main] TRACE org.angnysa.autodb.metadata.jdbc.loader.JdbcMetadataLoader - Index loaded: PUBLIC.PUBLIC.TEST_M2M_A :: JdbcUniqueIndex [unique] name: 'SYS_IDX_PK_TEST_M2M_A_10127', columns: ('ID1', 'ID2')
23:58:13.601 [main] TRACE org.angnysa.autodb.metadata.jdbc.loader.JdbcMetadataLoader - Primary Key loaded: PUBLIC.PUBLIC.TEST_M2M_A :: JdbcUniqueIndex [unique] name: 'PK_TEST_M2M_A', columns: ('ID1', 'ID2')
23:58:13.601 [main] TRACE org.angnysa.autodb.metadata.jdbc.loader.JdbcMetadataLoader - Table loaded:
[!!!org.angnysa.autodb.metadata.jdbc.JdbcTable@c4a2db8=>java.lang.NullPointerException:Cannot invoke "org.angnysa.autodb.metadata.jdbc.JdbcDatabase.getRelations(org.angnysa.autodb.metadata.jdbc.JdbcTable)" because "this.database" is null!!!]
23:58:13.601 [main] TRACE org.angnysa.autodb.metadata.jdbc.loader.JdbcMetadataLoader - Column loaded: PUBLIC.PUBLIC.TEST_M2M_B :: JdbcColumn ID1 INTEGER(mandatory, len < 32) 
23:58:13.601 [main] TRACE org.angnysa.autodb.metadata.jdbc.loader.JdbcMetadataLoader - Column loaded: PUBLIC.PUBLIC.TEST_M2M_B :: JdbcColumn ID2 INTEGER(mandatory, len < 32) 
23:58:13.602 [main] TRACE org.angnysa.autodb.metadata.jdbc.loader.JdbcMetadataLoader - Index loaded: PUBLIC.PUBLIC.TEST_M2M_B :: JdbcUniqueIndex [unique] name: 'SYS_IDX_PK_TEST_M2M_B_10132', columns: ('ID1', 'ID2')
23:58:13.602 [main] TRACE org.angnysa.autodb.metadata.jdbc.loader.JdbcMetadataLoader - Primary Key loaded: PUBLIC.PUBLIC.TEST_M2M_B :: JdbcUniqueIndex [unique] name: 'PK_TEST_M2M_B', columns: ('ID1', 'ID2')
23:58:13.602 [main] TRACE org.angnysa.autodb.metadata.jdbc.loader.JdbcMetadataLoader - Table loaded:
[!!!org.angnysa.autodb.metadata.jdbc.JdbcTable@72789f90=>java.lang.NullPointerException:Cannot invoke "org.angnysa.autodb.metadata.jdbc.JdbcDatabase.getRelations(org.angnysa.autodb.metadata.jdbc.JdbcTable)" because "this.database" is null!!!]
23:58:13.603 [main] TRACE org.angnysa.autodb.metadata.jdbc.loader.JdbcMetadataLoader - Column loaded: PUBLIC.PUBLIC.TEST_M2M_REL :: JdbcColumn AB_ID1 INTEGER(mandatory, len < 32) 
23:58:13.603 [main] TRACE org.angnysa.autodb.metadata.jdbc.loader.JdbcMetadataLoader - Column loaded: PUBLIC.PUBLIC.TEST_M2M_REL :: JdbcColumn A_ID2 INTEGER(mandatory, len < 32) 
23:58:13.603 [main] TRACE org.angnysa.autodb.metadata.jdbc.loader.JdbcMetadataLoader - Column loaded: PUBLIC.PUBLIC.TEST_M2M_REL :: JdbcColumn B_ID2 INTEGER(mandatory, len < 32) 
23:58:13.603 [main] TRACE org.angnysa.autodb.metadata.jdbc.loader.JdbcMetadataLoader - Index loaded: PUBLIC.PUBLIC.TEST_M2M_REL :: JdbcIndex [index] name: 'SYS_IDX_FK_TEST_M2M_REL_B_10144', columns: ('AB_ID1', 'B_ID2')
23:58:13.603 [main] TRACE org.angnysa.autodb.metadata.jdbc.loader.JdbcMetadataLoader - Index loaded: PUBLIC.PUBLIC.TEST_M2M_REL :: JdbcUniqueIndex [unique] name: 'SYS_IDX_PK_TEST_M2M_REL_10138', columns: ('AB_ID1', 'A_ID2', 'B_ID2')
23:58:13.603 [main] TRACE org.angnysa.autodb.metadata.jdbc.loader.JdbcMetadataLoader - Index loaded: PUBLIC.PUBLIC.TEST_M2M_REL :: JdbcIndex [index] name: 'SYS_IDX_FK_TEST_M2M_REL_A_10142', columns: ('AB_ID1', 'A_ID2')
23:58:13.603 [main] TRACE org.angnysa.autodb.metadata.jdbc.loader.JdbcMetadataLoader - Primary Key loaded: PUBLIC.PUBLIC.TEST_M2M_REL :: JdbcUniqueIndex [unique] name: 'PK_TEST_M2M_REL', columns: ('AB_ID1', 'A_ID2', 'B_ID2')
23:58:13.604 [main] TRACE org.angnysa.autodb.metadata.jdbc.loader.JdbcMetadataLoader - Table loaded:
[!!!org.angnysa.autodb.metadata.jdbc.JdbcTable@e8d54fb=>java.lang.NullPointerException:Cannot invoke "org.angnysa.autodb.metadata.jdbc.JdbcDatabase.getRelations(org.angnysa.autodb.metadata.jdbc.JdbcTable)" because "this.database" is null!!!]
]]></system-out>
  </testcase>
  <testcase name="testLoadRelations" classname="org.angnysa.autodb.metadata.jdbc.loader.db.TestJdbcMetadataLoader_HSqlDb" time="0.04">
    <error type="java.lang.IllegalStateException"><![CDATA[java.lang.IllegalStateException: No table named 'PUBLIC.PUBLIC.TEST_121_B'
]]></error>
    <system-out><![CDATA[23:58:13.605 [main] DEBUG org.angnysa.autodb.metadata.jdbc.loader.AbstractJdbcMetadataLoaderTester - Target table: TEST_M2M_REL
23:58:13.606 [main] DEBUG org.angnysa.autodb.metadata.jdbc.loader.AbstractJdbcMetadataLoaderTester - Expected Relations: []
23:58:13.634 [main] TRACE org.angnysa.autodb.metadata.jdbc.loader.JdbcMetadataLoader - Column loaded: PUBLIC.PUBLIC.TEST_121_A :: JdbcColumn ID1 INTEGER(mandatory, len < 32) 
23:58:13.634 [main] TRACE org.angnysa.autodb.metadata.jdbc.loader.JdbcMetadataLoader - Column loaded: PUBLIC.PUBLIC.TEST_121_A :: JdbcColumn ID2 INTEGER(mandatory, len < 32) 
23:58:13.635 [main] TRACE org.angnysa.autodb.metadata.jdbc.loader.JdbcMetadataLoader - Index loaded: PUBLIC.PUBLIC.TEST_121_A :: JdbcUniqueIndex [unique] name: 'SYS_IDX_PK_TEST_121_A_10094', columns: ('ID1', 'ID2')
23:58:13.635 [main] TRACE org.angnysa.autodb.metadata.jdbc.loader.JdbcMetadataLoader - Primary Key loaded: PUBLIC.PUBLIC.TEST_121_A :: JdbcUniqueIndex [unique] name: 'PK_TEST_121_A', columns: ('ID1', 'ID2')
23:58:13.635 [main] TRACE org.angnysa.autodb.metadata.jdbc.loader.JdbcMetadataLoader - Table loaded:
[!!!org.angnysa.autodb.metadata.jdbc.JdbcTable@3993c2be=>java.lang.NullPointerException:Cannot invoke "org.angnysa.autodb.metadata.jdbc.JdbcDatabase.getRelations(org.angnysa.autodb.metadata.jdbc.JdbcTable)" because "this.database" is null!!!]
23:58:13.636 [main] TRACE org.angnysa.autodb.metadata.jdbc.loader.JdbcMetadataLoader - Column loaded: PUBLIC.PUBLIC.TEST_121_B :: JdbcColumn ID1 INTEGER(mandatory, len < 32) 
23:58:13.636 [main] TRACE org.angnysa.autodb.metadata.jdbc.loader.JdbcMetadataLoader - Column loaded: PUBLIC.PUBLIC.TEST_121_B :: JdbcColumn ID2 INTEGER(mandatory, len < 32) 
23:58:13.636 [main] TRACE org.angnysa.autodb.metadata.jdbc.loader.JdbcMetadataLoader - Column loaded: PUBLIC.PUBLIC.TEST_121_B :: JdbcColumn A_ID1 INTEGER(mandatory, len < 32) 
23:58:13.636 [main] TRACE org.angnysa.autodb.metadata.jdbc.loader.JdbcMetadataLoader - Column loaded: PUBLIC.PUBLIC.TEST_121_B :: JdbcColumn A_ID2 INTEGER(mandatory, len < 32) 
23:58:13.636 [main] TRACE org.angnysa.autodb.metadata.jdbc.loader.JdbcMetadataLoader - Index loaded: PUBLIC.PUBLIC.TEST_121_B :: JdbcUniqueIndex [unique] name: 'SYS_IDX_UK_TEST_121_B_10106', columns: ('A_ID1', 'A_ID2')
23:58:13.636 [main] TRACE org.angnysa.autodb.metadata.jdbc.loader.JdbcMetadataLoader - Index loaded: PUBLIC.PUBLIC.TEST_121_B :: JdbcUniqueIndex [unique] name: 'SYS_IDX_PK_TEST_121_B_10101', columns: ('ID1', 'ID2')
23:58:13.636 [main] TRACE org.angnysa.autodb.metadata.jdbc.loader.JdbcMetadataLoader - Index loaded: PUBLIC.PUBLIC.TEST_121_B :: JdbcIndex [index] name: 'SYS_IDX_FK_TEST_121_B_A_10107', columns: ('A_ID1', 'A_ID2')
23:58:13.637 [main] TRACE org.angnysa.autodb.metadata.jdbc.loader.JdbcMetadataLoader - Primary Key loaded: PUBLIC.PUBLIC.TEST_121_B :: JdbcUniqueIndex [unique] name: 'PK_TEST_121_B', columns: ('ID1', 'ID2')
23:58:13.637 [main] TRACE org.angnysa.autodb.metadata.jdbc.loader.JdbcMetadataLoader - Table loaded:
[!!!org.angnysa.autodb.metadata.jdbc.JdbcTable@29a920fe=>java.lang.NullPointerException:Cannot invoke "org.angnysa.autodb.metadata.jdbc.JdbcDatabase.getRelations(org.angnysa.autodb.metadata.jdbc.JdbcTable)" because "this.database" is null!!!]
23:58:13.637 [main] TRACE org.angnysa.autodb.metadata.jdbc.loader.JdbcMetadataLoader - Column loaded: PUBLIC.PUBLIC.TEST_M21_A :: JdbcColumn ID1 INTEGER(mandatory, len < 32) 
[...]
23:58:14.189 [main] TRACE org.angnysa.autodb.metadata.jdbc.loader.JdbcMetadataLoader - Column loaded: PUBLIC.PUBLIC.TEST_121_B :: JdbcColumn ID1 INTEGER(mandatory, len < 32) 
23:58:14.189 [main] TRACE org.angnysa.autodb.metadata.jdbc.loader.JdbcMetadataLoader - Column loaded: PUBLIC.PUBLIC.TEST_121_B :: JdbcColumn ID2 INTEGER(mandatory, len < 32) 
23:58:14.189 [main] TRACE org.angnysa.autodb.metadata.jdbc.loader.JdbcMetadataLoader - Column loaded: PUBLIC.PUBLIC.TEST_121_B :: JdbcColumn A_ID1 INTEGER(mandatory, len < 32) 
23:58:14.189 [main] TRACE org.angnysa.autodb.metadata.jdbc.loader.JdbcMetadataLoader - Column loaded: PUBLIC.PUBLIC.TEST_121_B :: JdbcColumn A_ID2 INTEGER(mandatory, len < 32) 
23:58:14.189 [main] TRACE org.angnysa.autodb.metadata.jdbc.loader.JdbcMetadataLoader - Index loaded: PUBLIC.PUBLIC.TEST_121_B :: JdbcUniqueIndex [unique] name: 'SYS_IDX_UK_TEST_121_B_10106', columns: ('A_ID1', 'A_ID2')
23:58:14.189 [main] TRACE org.angnysa.autodb.metadata.jdbc.loader.JdbcMetadataLoader - Index loaded: PUBLIC.PUBLIC.TEST_121_B :: JdbcUniqueIndex [unique] name: 'SYS_IDX_PK_TEST_121_B_10101', columns: ('ID1', 'ID2')
23:58:14.189 [main] TRACE org.angnysa.autodb.metadata.jdbc.loader.JdbcMetadataLoader - Index loaded: PUBLIC.PUBLIC.TEST_121_B :: JdbcIndex [index] name: 'SYS_IDX_FK_TEST_121_B_A_10107', columns: ('A_ID1', 'A_ID2')
23:58:14.190 [main] TRACE org.angnysa.autodb.metadata.jdbc.loader.JdbcMetadataLoader - Primary Key loaded: PUBLIC.PUBLIC.TEST_121_B :: JdbcUniqueIndex [unique] name: 'PK_TEST_121_B', columns: ('ID1', 'ID2')
23:58:14.190 [main] TRACE org.angnysa.autodb.metadata.jdbc.loader.JdbcMetadataLoader - Table loaded:
[!!!org.angnysa.autodb.metadata.jdbc.JdbcTable@e36bbb9=>java.lang.NullPointerException:Cannot invoke "org.angnysa.autodb.metadata.jdbc.JdbcDatabase.getRelations(org.angnysa.autodb.metadata.jdbc.JdbcTable)" because "this.database" is null!!!]
23:58:14.190 [main] TRACE org.angnysa.autodb.metadata.jdbc.loader.JdbcMetadataLoader - Column loaded: PUBLIC.PUBLIC.TEST_M21_A :: JdbcColumn ID1 INTEGER(mandatory, len < 32) 
23:58:14.190 [main] TRACE org.angnysa.autodb.metadata.jdbc.loader.JdbcMetadataLoader - Column loaded: PUBLIC.PUBLIC.TEST_M21_A :: JdbcColumn ID2 INTEGER(mandatory, len < 32) 
23:58:14.190 [main] TRACE org.angnysa.autodb.metadata.jdbc.loader.JdbcMetadataLoader - Index loaded: PUBLIC.PUBLIC.TEST_M21_A :: JdbcUniqueIndex [unique] name: 'SYS_IDX_PK_TEST_M21_A_10111', columns: ('ID1', 'ID2')
23:58:14.190 [main] TRACE org.angnysa.autodb.metadata.jdbc.loader.JdbcMetadataLoader - Primary Key loaded: PUBLIC.PUBLIC.TEST_M21_A :: JdbcUniqueIndex [unique] name: 'PK_TEST_M21_A', columns: ('ID1', 'ID2')
23:58:14.190 [main] TRACE org.angnysa.autodb.metadata.jdbc.loader.JdbcMetadataLoader - Table loaded:
[!!!org.angnysa.autodb.metadata.jdbc.JdbcTable@68801feb=>java.lang.NullPointerException:Cannot invoke "org.angnysa.autodb.metadata.jdbc.JdbcDatabase.getRelations(org.angnysa.autodb.metadata.jdbc.JdbcTable)" because "this.database" is null!!!]
23:58:14.191 [main] TRACE org.angnysa.autodb.metadata.jdbc.loader.JdbcMetadataLoader - Column loaded: PUBLIC.PUBLIC.TEST_M21_B :: JdbcColumn ID1 INTEGER(mandatory, len < 32) 
23:58:14.191 [main] TRACE org.angnysa.autodb.metadata.jdbc.loader.JdbcMetadataLoader - Column loaded: PUBLIC.PUBLIC.TEST_M21_B :: JdbcColumn ID2 INTEGER(mandatory, len < 32) 
23:58:14.191 [main] TRACE org.angnysa.autodb.metadata.jdbc.loader.JdbcMetadataLoader - Column loaded: PUBLIC.PUBLIC.TEST_M21_B :: JdbcColumn A_ID1 INTEGER(mandatory, len < 32) 
23:58:14.191 [main] TRACE org.angnysa.autodb.metadata.jdbc.loader.JdbcMetadataLoader - Column loaded: PUBLIC.PUBLIC.TEST_M21_B :: JdbcColumn A_ID2 INTEGER(mandatory, len < 32) 
23:58:14.191 [main] TRACE org.angnysa.autodb.metadata.jdbc.loader.JdbcMetadataLoader - Index loaded: PUBLIC.PUBLIC.TEST_M21_B :: JdbcIndex [index] name: 'ID_TEST_M21_B_A', columns: ('A_ID1', 'A_ID2')
23:58:14.191 [main] TRACE org.angnysa.autodb.metadata.jdbc.loader.JdbcMetadataLoader - Index loaded: PUBLIC.PUBLIC.TEST_M21_B :: JdbcIndex [index] name: 'SYS_IDX_FK_TEST_M21_B_A_10123', columns: ('A_ID1', 'A_ID2')
23:58:14.191 [main] TRACE org.angnysa.autodb.metadata.jdbc.loader.JdbcMetadataLoader - Index loaded: PUBLIC.PUBLIC.TEST_M21_B :: JdbcUniqueIndex [unique] name: 'SYS_IDX_PK_TEST_M21_B_10118', columns: ('ID1', 'ID2')
23:58:14.191 [main] TRACE org.angnysa.autodb.metadata.jdbc.loader.JdbcMetadataLoader - Primary Key loaded: PUBLIC.PUBLIC.TEST_M21_B :: JdbcUniqueIndex [unique] name: 'PK_TEST_M21_B', columns: ('ID1', 'ID2')
23:58:14.191 [main] TRACE org.angnysa.autodb.metadata.jdbc.loader.JdbcMetadataLoader - Table loaded:
[!!!org.angnysa.autodb.metadata.jdbc.JdbcTable@3e647b97=>java.lang.NullPointerException:Cannot invoke "org.angnysa.autodb.metadata.jdbc.JdbcDatabase.getRelations(org.angnysa.autodb.metadata.jdbc.JdbcTable)" because "this.database" is null!!!]
23:58:14.192 [main] TRACE org.angnysa.autodb.metadata.jdbc.loader.JdbcMetadataLoader - Column loaded: PUBLIC.PUBLIC.TEST_M2M_A :: JdbcColumn ID1 INTEGER(mandatory, len < 32) 
23:58:14.192 [main] TRACE org.angnysa.autodb.metadata.jdbc.loader.JdbcMetadataLoader - Column loaded: PUBLIC.PUBLIC.TEST_M2M_A :: JdbcColumn ID2 INTEGER(mandatory, len < 32) 
23:58:14.192 [main] TRACE org.angnysa.autodb.metadata.jdbc.loader.JdbcMetadataLoader - Index loaded: PUBLIC.PUBLIC.TEST_M2M_A :: JdbcUniqueIndex [unique] name: 'SYS_IDX_PK_TEST_M2M_A_10127', columns: ('ID1', 'ID2')
23:58:14.193 [main] TRACE org.angnysa.autodb.metadata.jdbc.loader.JdbcMetadataLoader - Primary Key loaded: PUBLIC.PUBLIC.TEST_M2M_A :: JdbcUniqueIndex [unique] name: 'PK_TEST_M2M_A', columns: ('ID1', 'ID2')
23:58:14.193 [main] TRACE org.angnysa.autodb.metadata.jdbc.loader.JdbcMetadataLoader - Table loaded:
[!!!org.angnysa.autodb.metadata.jdbc.JdbcTable@75078835=>java.lang.NullPointerException:Cannot invoke "org.angnysa.autodb.metadata.jdbc.JdbcDatabase.getRelations(org.angnysa.autodb.metadata.jdbc.JdbcTable)" because "this.database" is null!!!]
23:58:14.193 [main] TRACE org.angnysa.autodb.metadata.jdbc.loader.JdbcMetadataLoader - Column loaded: PUBLIC.PUBLIC.TEST_M2M_B :: JdbcColumn ID1 INTEGER(mandatory, len < 32) 
23:58:14.193 [main] TRACE org.angnysa.autodb.metadata.jdbc.loader.JdbcMetadataLoader - Column loaded: PUBLIC.PUBLIC.TEST_M2M_B :: JdbcColumn ID2 INTEGER(mandatory, len < 32) 
23:58:14.193 [main] TRACE org.angnysa.autodb.metadata.jdbc.loader.JdbcMetadataLoader - Index loaded: PUBLIC.PUBLIC.TEST_M2M_B :: JdbcUniqueIndex [unique] name: 'SYS_IDX_PK_TEST_M2M_B_10132', columns: ('ID1', 'ID2')
23:58:14.193 [main] TRACE org.angnysa.autodb.metadata.jdbc.loader.JdbcMetadataLoader - Primary Key loaded: PUBLIC.PUBLIC.TEST_M2M_B :: JdbcUniqueIndex [unique] name: 'PK_TEST_M2M_B', columns: ('ID1', 'ID2')
23:58:14.193 [main] TRACE org.angnysa.autodb.metadata.jdbc.loader.JdbcMetadataLoader - Table loaded:
[!!!org.angnysa.autodb.metadata.jdbc.JdbcTable@75c99797=>java.lang.NullPointerException:Cannot invoke "org.angnysa.autodb.metadata.jdbc.JdbcDatabase.getRelations(org.angnysa.autodb.metadata.jdbc.JdbcTable)" because "this.database" is null!!!]
23:58:14.194 [main] TRACE org.angnysa.autodb.metadata.jdbc.loader.JdbcMetadataLoader - Column loaded: PUBLIC.PUBLIC.TEST_M2M_REL :: JdbcColumn AB_ID1 INTEGER(mandatory, len < 32) 
23:58:14.194 [main] TRACE org.angnysa.autodb.metadata.jdbc.loader.JdbcMetadataLoader - Column loaded: PUBLIC.PUBLIC.TEST_M2M_REL :: JdbcColumn A_ID2 INTEGER(mandatory, len < 32) 
23:58:14.194 [main] TRACE org.angnysa.autodb.metadata.jdbc.loader.JdbcMetadataLoader - Column loaded: PUBLIC.PUBLIC.TEST_M2M_REL :: JdbcColumn B_ID2 INTEGER(mandatory, len < 32) 
23:58:14.194 [main] TRACE org.angnysa.autodb.metadata.jdbc.loader.JdbcMetadataLoader - Index loaded: PUBLIC.PUBLIC.TEST_M2M_REL :: JdbcIndex [index] name: 'SYS_IDX_FK_TEST_M2M_REL_B_10144', columns: ('AB_ID1', 'B_ID2')
23:58:14.194 [main] TRACE org.angnysa.autodb.metadata.jdbc.loader.JdbcMetadataLoader - Index loaded: PUBLIC.PUBLIC.TEST_M2M_REL :: JdbcUniqueIndex [unique] name: 'SYS_IDX_PK_TEST_M2M_REL_10138', columns: ('AB_ID1', 'A_ID2', 'B_ID2')
23:58:14.194 [main] TRACE org.angnysa.autodb.metadata.jdbc.loader.JdbcMetadataLoader - Index loaded: PUBLIC.PUBLIC.TEST_M2M_REL :: JdbcIndex [index] name: 'SYS_IDX_FK_TEST_M2M_REL_A_10142', columns: ('AB_ID1', 'A_ID2')
23:58:14.194 [main] TRACE org.angnysa.autodb.metadata.jdbc.loader.JdbcMetadataLoader - Primary Key loaded: PUBLIC.PUBLIC.TEST_M2M_REL :: JdbcUniqueIndex [unique] name: 'PK_TEST_M2M_REL', columns: ('AB_ID1', 'A_ID2', 'B_ID2')
23:58:14.194 [main] TRACE org.angnysa.autodb.metadata.jdbc.loader.JdbcMetadataLoader - Table loaded:
[!!!org.angnysa.autodb.metadata.jdbc.JdbcTable@36b3240f=>java.lang.NullPointerException:Cannot invoke "org.angnysa.autodb.metadata.jdbc.JdbcDatabase.getRelations(org.angnysa.autodb.metadata.jdbc.JdbcTable)" because "this.database" is null!!!]
]]></system-out>
  </testcase>
  <testcase name="testLoadForeignKeys" classname="org.angnysa.autodb.metadata.jdbc.loader.db.TestJdbcMetadataLoader_HSqlDb" time="0.019">
    <error type="java.lang.IllegalStateException"><![CDATA[java.lang.IllegalStateException: No table named 'PUBLIC.PUBLIC.TEST_M2M_REL'
]]></error>
    <system-out><![CDATA[23:58:14.195 [main] DEBUG org.angnysa.autodb.metadata.jdbc.loader.AbstractJdbcMetadataLoaderTester - Target table: TEST_M2M_REL
23:58:14.195 [main] DEBUG org.angnysa.autodb.metadata.jdbc.loader.AbstractJdbcMetadataLoaderTester - Expected Foreign Keys: [ExpectedForeignKey(name=FK_TEST_M2M_REL_A, mandatory=true, referencingColumns=[AB_ID1, A_ID2], referencedTable=TEST_M2M_A, referencedColumns=[ID1, ID2]), ExpectedForeignKey(name=FK_TEST_M2M_REL_B, mandatory=true, referencingColumns=[AB_ID1, B_ID2], referencedTable=TEST_M2M_B, referencedColumns=[ID1, ID2])]
23:58:14.208 [main] TRACE org.angnysa.autodb.metadata.jdbc.loader.JdbcMetadataLoader - Column loaded: PUBLIC.PUBLIC.TEST_121_A :: JdbcColumn ID1 INTEGER(mandatory, len < 32) 
23:58:14.209 [main] TRACE org.angnysa.autodb.metadata.jdbc.loader.JdbcMetadataLoader - Column loaded: PUBLIC.PUBLIC.TEST_121_A :: JdbcColumn ID2 INTEGER(mandatory, len < 32) 
23:58:14.209 [main] TRACE org.angnysa.autodb.metadata.jdbc.loader.JdbcMetadataLoader - Index loaded: PUBLIC.PUBLIC.TEST_121_A :: JdbcUniqueIndex [unique] name: 'SYS_IDX_PK_TEST_121_A_10094', columns: ('ID1', 'ID2')
23:58:14.209 [main] TRACE org.angnysa.autodb.metadata.jdbc.loader.JdbcMetadataLoader - Primary Key loaded: PUBLIC.PUBLIC.TEST_121_A :: JdbcUniqueIndex [unique] name: 'PK_TEST_121_A', columns: ('ID1', 'ID2')
23:58:14.209 [main] TRACE org.angnysa.autodb.metadata.jdbc.loader.JdbcMetadataLoader - Table loaded:
[!!!org.angnysa.autodb.metadata.jdbc.JdbcTable@54c04642=>java.lang.NullPointerException:Cannot invoke "org.angnysa.autodb.metadata.jdbc.JdbcDatabase.getRelations(org.angnysa.autodb.metadata.jdbc.JdbcTable)" because "this.database" is null!!!]
23:58:14.210 [main] TRACE org.angnysa.autodb.metadata.jdbc.loader.JdbcMetadataLoader - Column loaded: PUBLIC.PUBLIC.TEST_121_B :: JdbcColumn ID1 INTEGER(mandatory, len < 32) 
23:58:14.210 [main] TRACE org.angnysa.autodb.metadata.jdbc.loader.JdbcMetadataLoader - Column loaded: PUBLIC.PUBLIC.TEST_121_B :: JdbcColumn ID2 INTEGER(mandatory, len < 32) 
23:58:14.210 [main] TRACE org.angnysa.autodb.metadata.jdbc.loader.JdbcMetadataLoader - Column loaded: PUBLIC.PUBLIC.TEST_121_B :: JdbcColumn A_ID1 INTEGER(mandatory, len < 32) 
23:58:14.210 [main] TRACE org.angnysa.autodb.metadata.jdbc.loader.JdbcMetadataLoader - Column loaded: PUBLIC.PUBLIC.TEST_121_B :: JdbcColumn A_ID2 INTEGER(mandatory, len < 32) 
23:58:14.210 [main] TRACE org.angnysa.autodb.metadata.jdbc.loader.JdbcMetadataLoader - Index loaded: PUBLIC.PUBLIC.TEST_121_B :: JdbcUniqueIndex [unique] name: 'SYS_IDX_UK_TEST_121_B_10106', columns: ('A_ID1', 'A_ID2')
23:58:14.210 [main] TRACE org.angnysa.autodb.metadata.jdbc.loader.JdbcMetadataLoader - Index loaded: PUBLIC.PUBLIC.TEST_121_B :: JdbcUniqueIndex [unique] name: 'SYS_IDX_PK_TEST_121_B_10101', columns: ('ID1', 'ID2')
23:58:14.210 [main] TRACE org.angnysa.autodb.metadata.jdbc.loader.JdbcMetadataLoader - Index loaded: PUBLIC.PUBLIC.TEST_121_B :: JdbcIndex [index] name: 'SYS_IDX_FK_TEST_121_B_A_10107', columns: ('A_ID1', 'A_ID2')
23:58:14.210 [main] TRACE org.angnysa.autodb.metadata.jdbc.loader.JdbcMetadataLoader - Primary Key loaded: PUBLIC.PUBLIC.TEST_121_B :: JdbcUniqueIndex [unique] name: 'PK_TEST_121_B', columns: ('ID1', 'ID2')
23:58:14.210 [main] TRACE org.angnysa.autodb.metadata.jdbc.loader.JdbcMetadataLoader - Table loaded:
[!!!org.angnysa.autodb.metadata.jdbc.JdbcTable@168af28a=>java.lang.NullPointerException:Cannot invoke "org.angnysa.autodb.metadata.jdbc.JdbcDatabase.getRelations(org.angnysa.autodb.metadata.jdbc.JdbcTable)" because "this.database" is null!!!]
23:58:14.210 [main] TRACE org.angnysa.autodb.metadata.jdbc.loader.JdbcMetadataLoader - Column loaded: PUBLIC.PUBLIC.TEST_M21_A :: JdbcColumn ID1 INTEGER(mandatory, len < 32) 
23:58:14.210 [main] TRACE org.angnysa.autodb.metadata.jdbc.loader.JdbcMetadataLoader - Column loaded: PUBLIC.PUBLIC.TEST_M21_A :: JdbcColumn ID2 INTEGER(mandatory, len < 32) 
23:58:14.211 [main] TRACE org.angnysa.autodb.metadata.jdbc.loader.JdbcMetadataLoader - Index loaded: PUBLIC.PUBLIC.TEST_M21_A :: JdbcUniqueIndex [unique] name: 'SYS_IDX_PK_TEST_M21_A_10111', columns: ('ID1', 'ID2')
23:58:14.211 [main] TRACE org.angnysa.autodb.metadata.jdbc.loader.JdbcMetadataLoader - Primary Key loaded: PUBLIC.PUBLIC.TEST_M21_A :: JdbcUniqueIndex [unique] name: 'PK_TEST_M21_A', columns: ('ID1', 'ID2')
23:58:14.211 [main] TRACE org.angnysa.autodb.metadata.jdbc.loader.JdbcMetadataLoader - Table loaded:
[!!!org.angnysa.autodb.metadata.jdbc.JdbcTable@30f2e0e0=>java.lang.NullPointerException:Cannot invoke "org.angnysa.autodb.metadata.jdbc.JdbcDatabase.getRelations(org.angnysa.autodb.metadata.jdbc.JdbcTable)" because "this.database" is null!!!]
23:58:14.211 [main] TRACE org.angnysa.autodb.metadata.jdbc.loader.JdbcMetadataLoader - Column loaded: PUBLIC.PUBLIC.TEST_M21_B :: JdbcColumn ID1 INTEGER(mandatory, len < 32) 
23:58:14.211 [main] TRACE org.angnysa.autodb.metadata.jdbc.loader.JdbcMetadataLoader - Column loaded: PUBLIC.PUBLIC.TEST_M21_B :: JdbcColumn ID2 INTEGER(mandatory, len < 32) 
23:58:14.211 [main] TRACE org.angnysa.autodb.metadata.jdbc.loader.JdbcMetadataLoader - Column loaded: PUBLIC.PUBLIC.TEST_M21_B :: JdbcColumn A_ID1 INTEGER(mandatory, len < 32) 
23:58:14.211 [main] TRACE org.angnysa.autodb.metadata.jdbc.loader.JdbcMetadataLoader - Column loaded: PUBLIC.PUBLIC.TEST_M21_B :: JdbcColumn A_ID2 INTEGER(mandatory, len < 32) 
23:58:14.211 [main] TRACE org.angnysa.autodb.metadata.jdbc.loader.JdbcMetadataLoader - Index loaded: PUBLIC.PUBLIC.TEST_M21_B :: JdbcIndex [index] name: 'ID_TEST_M21_B_A', columns: ('A_ID1', 'A_ID2')
23:58:14.211 [main] TRACE org.angnysa.autodb.metadata.jdbc.loader.JdbcMetadataLoader - Index loaded: PUBLIC.PUBLIC.TEST_M21_B :: JdbcIndex [index] name: 'SYS_IDX_FK_TEST_M21_B_A_10123', columns: ('A_ID1', 'A_ID2')
23:58:14.211 [main] TRACE org.angnysa.autodb.metadata.jdbc.loader.JdbcMetadataLoader - Index loaded: PUBLIC.PUBLIC.TEST_M21_B :: JdbcUniqueIndex [unique] name: 'SYS_IDX_PK_TEST_M21_B_10118', columns: ('ID1', 'ID2')
23:58:14.211 [main] TRACE org.angnysa.autodb.metadata.jdbc.loader.JdbcMetadataLoader - Primary Key loaded: PUBLIC.PUBLIC.TEST_M21_B :: JdbcUniqueIndex [unique] name: 'PK_TEST_M21_B', columns: ('ID1', 'ID2')
23:58:14.211 [main] TRACE org.angnysa.autodb.metadata.jdbc.loader.JdbcMetadataLoader - Table loaded:
[!!!org.angnysa.autodb.metadata.jdbc.JdbcTable@3ab48325=>java.lang.NullPointerException:Cannot invoke "org.angnysa.autodb.metadata.jdbc.JdbcDatabase.getRelations(org.angnysa.autodb.metadata.jdbc.JdbcTable)" because "this.database" is null!!!]
23:58:14.212 [main] TRACE org.angnysa.autodb.metadata.jdbc.loader.JdbcMetadataLoader - Column loaded: PUBLIC.PUBLIC.TEST_M2M_A :: JdbcColumn ID1 INTEGER(mandatory, len < 32) 
23:58:14.212 [main] TRACE org.angnysa.autodb.metadata.jdbc.loader.JdbcMetadataLoader - Column loaded: PUBLIC.PUBLIC.TEST_M2M_A :: JdbcColumn ID2 INTEGER(mandatory, len < 32) 
23:58:14.212 [main] TRACE org.angnysa.autodb.metadata.jdbc.loader.JdbcMetadataLoader - Index loaded: PUBLIC.PUBLIC.TEST_M2M_A :: JdbcUniqueIndex [unique] name: 'SYS_IDX_PK_TEST_M2M_A_10127', columns: ('ID1', 'ID2')
23:58:14.212 [main] TRACE org.angnysa.autodb.metadata.jdbc.loader.JdbcMetadataLoader - Primary Key loaded: PUBLIC.PUBLIC.TEST_M2M_A :: JdbcUniqueIndex [unique] name: 'PK_TEST_M2M_A', columns: ('ID1', 'ID2')
23:58:14.212 [main] TRACE org.angnysa.autodb.metadata.jdbc.loader.JdbcMetadataLoader - Table loaded:
[!!!org.angnysa.autodb.metadata.jdbc.JdbcTable@1737d824=>java.lang.NullPointerException:Cannot invoke "org.angnysa.autodb.metadata.jdbc.JdbcDatabase.getRelations(org.angnysa.autodb.metadata.jdbc.JdbcTable)" because "this.database" is null!!!]
23:58:14.212 [main] TRACE org.angnysa.autodb.metadata.jdbc.loader.JdbcMetadataLoader - Column loaded: PUBLIC.PUBLIC.TEST_M2M_B :: JdbcColumn ID1 INTEGER(mandatory, len < 32) 
23:58:14.212 [main] TRACE org.angnysa.autodb.metadata.jdbc.loader.JdbcMetadataLoader - Column loaded: PUBLIC.PUBLIC.TEST_M2M_B :: JdbcColumn ID2 INTEGER(mandatory, len < 32) 
23:58:14.212 [main] TRACE org.angnysa.autodb.metadata.jdbc.loader.JdbcMetadataLoader - Index loaded: PUBLIC.PUBLIC.TEST_M2M_B :: JdbcUniqueIndex [unique] name: 'SYS_IDX_PK_TEST_M2M_B_10132', columns: ('ID1', 'ID2')
23:58:14.213 [main] TRACE org.angnysa.autodb.metadata.jdbc.loader.JdbcMetadataLoader - Primary Key loaded: PUBLIC.PUBLIC.TEST_M2M_B :: JdbcUniqueIndex [unique] name: 'PK_TEST_M2M_B', columns: ('ID1', 'ID2')
23:58:14.213 [main] TRACE org.angnysa.autodb.metadata.jdbc.loader.JdbcMetadataLoader - Table loaded:
[!!!org.angnysa.autodb.metadata.jdbc.JdbcTable@25b56ad5=>java.lang.NullPointerException:Cannot invoke "org.angnysa.autodb.metadata.jdbc.JdbcDatabase.getRelations(org.angnysa.autodb.metadata.jdbc.JdbcTable)" because "this.database" is null!!!]
23:58:14.213 [main] TRACE org.angnysa.autodb.metadata.jdbc.loader.JdbcMetadataLoader - Column loaded: PUBLIC.PUBLIC.TEST_M2M_REL :: JdbcColumn AB_ID1 INTEGER(mandatory, len < 32) 
23:58:14.213 [main] TRACE org.angnysa.autodb.metadata.jdbc.loader.JdbcMetadataLoader - Column loaded: PUBLIC.PUBLIC.TEST_M2M_REL :: JdbcColumn A_ID2 INTEGER(mandatory, len < 32) 
23:58:14.213 [main] TRACE org.angnysa.autodb.metadata.jdbc.loader.JdbcMetadataLoader - Column loaded: PUBLIC.PUBLIC.TEST_M2M_REL :: JdbcColumn B_ID2 INTEGER(mandatory, len < 32) 
23:58:14.213 [main] TRACE org.angnysa.autodb.metadata.jdbc.loader.JdbcMetadataLoader - Index loaded: PUBLIC.PUBLIC.TEST_M2M_REL :: JdbcIndex [index] name: 'SYS_IDX_FK_TEST_M2M_REL_B_10144', columns: ('AB_ID1', 'B_ID2')
23:58:14.213 [main] TRACE org.angnysa.autodb.metadata.jdbc.loader.JdbcMetadataLoader - Index loaded: PUBLIC.PUBLIC.TEST_M2M_REL :: JdbcUniqueIndex [unique] name: 'SYS_IDX_PK_TEST_M2M_REL_10138', columns: ('AB_ID1', 'A_ID2', 'B_ID2')
23:58:14.213 [main] TRACE org.angnysa.autodb.metadata.jdbc.loader.JdbcMetadataLoader - Index loaded: PUBLIC.PUBLIC.TEST_M2M_REL :: JdbcIndex [index] name: 'SYS_IDX_FK_TEST_M2M_REL_A_10142', columns: ('AB_ID1', 'A_ID2')
23:58:14.213 [main] TRACE org.angnysa.autodb.metadata.jdbc.loader.JdbcMetadataLoader - Primary Key loaded: PUBLIC.PUBLIC.TEST_M2M_REL :: JdbcUniqueIndex [unique] name: 'PK_TEST_M2M_REL', columns: ('AB_ID1', 'A_ID2', 'B_ID2')
23:58:14.213 [main] TRACE org.angnysa.autodb.metadata.jdbc.loader.JdbcMetadataLoader - Table loaded:
[!!!org.angnysa.autodb.metadata.jdbc.JdbcTable@104f223d=>java.lang.NullPointerException:Cannot invoke "org.angnysa.autodb.metadata.jdbc.JdbcDatabase.getRelations(org.angnysa.autodb.metadata.jdbc.JdbcTable)" because "this.database" is null!!!]
]]></system-out>
  </testcase>
</testsuite>